2021-08-14T12:48:42+00:00 CRITICAL syntax error, unexpected 'print_r' (T_STRING), expecting ',' or ';' in /Users/eugeneburlak/work/php/rest/store/wp-content/themes/burlak/product/popular.php on line 28

2021-08-14T12:52:27+00:00 CRITICAL syntax error, unexpected '$args' (T_VARIABLE) in /Users/eugeneburlak/work/php/rest/store/wp-content/themes/burlak/product/popular.php on line 16

2021-08-14T12:55:28+00:00 CRITICAL Uncaught Exception: Invalid product. in /Users/eugeneburlak/work/php/rest/store/wp-content/plugins/woocommerce/includes/data-stores/class-wc-product-data-store-cpt.php:167
Stack trace:
#0 /Users/eugeneburlak/work/php/rest/store/wp-content/plugins/woocommerce/includes/class-wc-data-store.php(159): WC_Product_Data_Store_CPT->read(Object(WC_Product))
#1 /Users/eugeneburlak/work/php/rest/store/wp-content/plugins/woocommerce/includes/abstracts/abstract-wc-product.php(135): WC_Data_Store->read(Object(WC_Product))
#2 /Users/eugeneburlak/work/php/rest/store/wp-content/themes/burlak/product/item.php(2): WC_Product->__construct(1)
#3 /Users/eugeneburlak/work/php/rest/store/wp-includes/template.php(772): require('/Users/eugenebu...')
#4 /Users/eugeneburlak/work/php/rest/store/wp-content/plugins/woocommerce/includes/wc-core-functions.php(284): load_template('/Users/eugenebu...', false)
#5 /Users/eugeneburlak/work/php/rest/store/wp-content/themes/burlak/product/popular.php(53): wc_get_template_part('product/item')
#6 /Use in /Users/eugeneburlak/work/php/rest/store/wp-content/plugins/woocommerce/includes/data-stores/class-wc-product-data-store-cpt.php on line 167

2021-08-14T12:55:51+00:00 CRITICAL Uncaught Error: Call to a member function have_posts() on array in /Users/eugeneburlak/work/php/rest/store/wp-content/themes/burlak/product/popular.php:51
Stack trace:
#0 /Users/eugeneburlak/work/php/rest/store/wp-includes/template.php(772): require()
#1 /Users/eugeneburlak/work/php/rest/store/wp-includes/template.php(716): load_template('/Users/eugenebu...', false, Array)
#2 /Users/eugeneburlak/work/php/rest/store/wp-includes/general-template.php(204): locate_template(Array, true, false, Array)
#3 /Users/eugeneburlak/work/php/rest/store/wp-content/themes/burlak/index.php(5): get_template_part('product/popular')
#4 /Users/eugeneburlak/work/php/rest/store/wp-includes/template-loader.php(106): include('/Users/eugenebu...')
#5 /Users/eugeneburlak/work/php/rest/store/wp-blog-header.php(19): require_once('/Users/eugenebu...')
#6 /Users/eugeneburlak/work/php/rest/store/index.php(17): require('/Users/eugenebu...')
#7 {main}
  thrown in /Users/eugeneburlak/work/php/rest/store/wp-content/themes/burlak/product/popular.php on line 51

2021-08-14T12:56:03+00:00 CRITICAL Uncaught Error: Call to a member function have_posts() on array in /Users/eugeneburlak/work/php/rest/store/wp-content/themes/burlak/product/popular.php:52
Stack trace:
#0 /Users/eugeneburlak/work/php/rest/store/wp-includes/template.php(772): require()
#1 /Users/eugeneburlak/work/php/rest/store/wp-includes/template.php(716): load_template('/Users/eugenebu...', false, Array)
#2 /Users/eugeneburlak/work/php/rest/store/wp-includes/general-template.php(204): locate_template(Array, true, false, Array)
#3 /Users/eugeneburlak/work/php/rest/store/wp-content/themes/burlak/index.php(5): get_template_part('product/popular')
#4 /Users/eugeneburlak/work/php/rest/store/wp-includes/template-loader.php(106): include('/Users/eugenebu...')
#5 /Users/eugeneburlak/work/php/rest/store/wp-blog-header.php(19): require_once('/Users/eugenebu...')
#6 /Users/eugeneburlak/work/php/rest/store/index.php(17): require('/Users/eugenebu...')
#7 {main}
  thrown in /Users/eugeneburlak/work/php/rest/store/wp-content/themes/burlak/product/popular.php on line 52

2021-08-14T13:08:35+00:00 CRITICAL Uncaught Exception: Invalid product. in /Users/eugeneburlak/work/php/rest/store/wp-content/plugins/woocommerce/includes/data-stores/class-wc-product-data-store-cpt.php:167
Stack trace:
#0 /Users/eugeneburlak/work/php/rest/store/wp-content/plugins/woocommerce/includes/class-wc-data-store.php(159): WC_Product_Data_Store_CPT->read(Object(WC_Product))
#1 /Users/eugeneburlak/work/php/rest/store/wp-content/plugins/woocommerce/includes/abstracts/abstract-wc-product.php(135): WC_Data_Store->read(Object(WC_Product))
#2 /Users/eugeneburlak/work/php/rest/store/wp-content/themes/burlak/product/item.php(2): WC_Product->__construct(51)
#3 /Users/eugeneburlak/work/php/rest/store/wp-includes/template.php(772): require('/Users/eugenebu...')
#4 /Users/eugeneburlak/work/php/rest/store/wp-includes/template.php(716): load_template('/Users/eugenebu...', false, Array)
#5 /Users/eugeneburlak/work/php/rest/store/wp-includes/general-template.php(204): locate_template(Array, true, false, Array)
#6 /Users/eugeneburlak/work/php/rest/stor in /Users/eugeneburlak/work/php/rest/store/wp-content/plugins/woocommerce/includes/data-stores/class-wc-product-data-store-cpt.php on line 167

2021-08-14T13:08:45+00:00 CRITICAL Uncaught Exception: Invalid product. in /Users/eugeneburlak/work/php/rest/store/wp-content/plugins/woocommerce/includes/data-stores/class-wc-product-data-store-cpt.php:167
Stack trace:
#0 /Users/eugeneburlak/work/php/rest/store/wp-content/plugins/woocommerce/includes/class-wc-data-store.php(159): WC_Product_Data_Store_CPT->read(Object(WC_Product))
#1 /Users/eugeneburlak/work/php/rest/store/wp-content/plugins/woocommerce/includes/abstracts/abstract-wc-product.php(135): WC_Data_Store->read(Object(WC_Product))
#2 /Users/eugeneburlak/work/php/rest/store/wp-content/themes/burlak/product/item.php(2): WC_Product->__construct(51)
#3 /Users/eugeneburlak/work/php/rest/store/wp-includes/template.php(772): require('/Users/eugenebu...')
#4 /Users/eugeneburlak/work/php/rest/store/wp-includes/template.php(716): load_template('/Users/eugenebu...', false, Array)
#5 /Users/eugeneburlak/work/php/rest/store/wp-includes/general-template.php(204): locate_template(Array, true, false, Array)
#6 /Users/eugeneburlak/work/php/rest/stor in /Users/eugeneburlak/work/php/rest/store/wp-content/plugins/woocommerce/includes/data-stores/class-wc-product-data-store-cpt.php on line 167

2021-08-14T13:09:04+00:00 CRITICAL Uncaught Exception: Invalid product. in /Users/eugeneburlak/work/php/rest/store/wp-content/plugins/woocommerce/includes/data-stores/class-wc-product-data-store-cpt.php:167
Stack trace:
#0 /Users/eugeneburlak/work/php/rest/store/wp-content/plugins/woocommerce/includes/class-wc-data-store.php(159): WC_Product_Data_Store_CPT->read(Object(WC_Product))
#1 /Users/eugeneburlak/work/php/rest/store/wp-content/plugins/woocommerce/includes/abstracts/abstract-wc-product.php(135): WC_Data_Store->read(Object(WC_Product))
#2 /Users/eugeneburlak/work/php/rest/store/wp-content/themes/burlak/product/item.php(2): WC_Product->__construct(51)
#3 /Users/eugeneburlak/work/php/rest/store/wp-includes/template.php(772): require('/Users/eugenebu...')
#4 /Users/eugeneburlak/work/php/rest/store/wp-includes/template.php(716): load_template('/Users/eugenebu...', false, Array)
#5 /Users/eugeneburlak/work/php/rest/store/wp-includes/general-template.php(204): locate_template(Array, true, false, Array)
#6 /Users/eugeneburlak/work/php/rest/stor in /Users/eugeneburlak/work/php/rest/store/wp-content/plugins/woocommerce/includes/data-stores/class-wc-product-data-store-cpt.php on line 167

2021-08-14T13:16:15+00:00 CRITICAL Uncaught Exception: Invalid product. in /Users/eugeneburlak/work/php/rest/store/wp-content/plugins/woocommerce/includes/data-stores/class-wc-product-data-store-cpt.php:167
Stack trace:
#0 /Users/eugeneburlak/work/php/rest/store/wp-content/plugins/woocommerce/includes/class-wc-data-store.php(159): WC_Product_Data_Store_CPT->read(Object(WC_Product))
#1 /Users/eugeneburlak/work/php/rest/store/wp-content/plugins/woocommerce/includes/abstracts/abstract-wc-product.php(135): WC_Data_Store->read(Object(WC_Product))
#2 /Users/eugeneburlak/work/php/rest/store/wp-content/themes/burlak/product/item.php(2): WC_Product->__construct(51)
#3 /Users/eugeneburlak/work/php/rest/store/wp-includes/template.php(772): require('/Users/eugenebu...')
#4 /Users/eugeneburlak/work/php/rest/store/wp-includes/template.php(716): load_template('/Users/eugenebu...', false, Array)
#5 /Users/eugeneburlak/work/php/rest/store/wp-includes/general-template.php(204): locate_template(Array, true, false, Array)
#6 /Users/eugeneburlak/work/php/rest/stor in /Users/eugeneburlak/work/php/rest/store/wp-content/plugins/woocommerce/includes/data-stores/class-wc-product-data-store-cpt.php on line 167

2021-08-14T13:16:24+00:00 CRITICAL Uncaught Exception: Invalid product. in /Users/eugeneburlak/work/php/rest/store/wp-content/plugins/woocommerce/includes/data-stores/class-wc-product-data-store-cpt.php:167
Stack trace:
#0 /Users/eugeneburlak/work/php/rest/store/wp-content/plugins/woocommerce/includes/class-wc-data-store.php(159): WC_Product_Data_Store_CPT->read(Object(WC_Product))
#1 /Users/eugeneburlak/work/php/rest/store/wp-content/plugins/woocommerce/includes/abstracts/abstract-wc-product.php(135): WC_Data_Store->read(Object(WC_Product))
#2 /Users/eugeneburlak/work/php/rest/store/wp-content/themes/burlak/product/item.php(2): WC_Product->__construct(51)
#3 /Users/eugeneburlak/work/php/rest/store/wp-includes/template.php(772): require('/Users/eugenebu...')
#4 /Users/eugeneburlak/work/php/rest/store/wp-includes/template.php(716): load_template('/Users/eugenebu...', false, Array)
#5 /Users/eugeneburlak/work/php/rest/store/wp-includes/general-template.php(204): locate_template(Array, true, false, Array)
#6 /Users/eugeneburlak/work/php/rest/stor in /Users/eugeneburlak/work/php/rest/store/wp-content/plugins/woocommerce/includes/data-stores/class-wc-product-data-store-cpt.php on line 167

2021-08-14T13:16:30+00:00 CRITICAL Uncaught Exception: Invalid product. in /Users/eugeneburlak/work/php/rest/store/wp-content/plugins/woocommerce/includes/data-stores/class-wc-product-data-store-cpt.php:167
Stack trace:
#0 /Users/eugeneburlak/work/php/rest/store/wp-content/plugins/woocommerce/includes/class-wc-data-store.php(159): WC_Product_Data_Store_CPT->read(Object(WC_Product))
#1 /Users/eugeneburlak/work/php/rest/store/wp-content/plugins/woocommerce/includes/abstracts/abstract-wc-product.php(135): WC_Data_Store->read(Object(WC_Product))
#2 /Users/eugeneburlak/work/php/rest/store/wp-content/themes/burlak/product/item.php(2): WC_Product->__construct(51)
#3 /Users/eugeneburlak/work/php/rest/store/wp-includes/template.php(772): require('/Users/eugenebu...')
#4 /Users/eugeneburlak/work/php/rest/store/wp-includes/template.php(716): load_template('/Users/eugenebu...', false, Array)
#5 /Users/eugeneburlak/work/php/rest/store/wp-includes/general-template.php(204): locate_template(Array, true, false, Array)
#6 /Users/eugeneburlak/work/php/rest/stor in /Users/eugeneburlak/work/php/rest/store/wp-content/plugins/woocommerce/includes/data-stores/class-wc-product-data-store-cpt.php on line 167

2021-08-14T13:20:27+00:00 CRITICAL Uncaught Exception: Invalid product. in /Users/eugeneburlak/work/php/rest/store/wp-content/plugins/woocommerce/includes/data-stores/class-wc-product-data-store-cpt.php:167
Stack trace:
#0 /Users/eugeneburlak/work/php/rest/store/wp-content/plugins/woocommerce/includes/class-wc-data-store.php(159): WC_Product_Data_Store_CPT->read(Object(WC_Product))
#1 /Users/eugeneburlak/work/php/rest/store/wp-content/plugins/woocommerce/includes/abstracts/abstract-wc-product.php(135): WC_Data_Store->read(Object(WC_Product))
#2 /Users/eugeneburlak/work/php/rest/store/wp-content/themes/burlak/product/item.php(2): WC_Product->__construct(51)
#3 /Users/eugeneburlak/work/php/rest/store/wp-includes/template.php(772): require('/Users/eugenebu...')
#4 /Users/eugeneburlak/work/php/rest/store/wp-includes/template.php(716): load_template('/Users/eugenebu...', false, Array)
#5 /Users/eugeneburlak/work/php/rest/store/wp-includes/general-template.php(204): locate_template(Array, true, false, Array)
#6 /Users/eugeneburlak/work/php/rest/stor in /Users/eugeneburlak/work/php/rest/store/wp-content/plugins/woocommerce/includes/data-stores/class-wc-product-data-store-cpt.php on line 167

2021-08-14T13:20:39+00:00 CRITICAL Uncaught Exception: Invalid product. in /Users/eugeneburlak/work/php/rest/store/wp-content/plugins/woocommerce/includes/data-stores/class-wc-product-data-store-cpt.php:167
Stack trace:
#0 /Users/eugeneburlak/work/php/rest/store/wp-content/plugins/woocommerce/includes/class-wc-data-store.php(159): WC_Product_Data_Store_CPT->read(Object(WC_Product))
#1 /Users/eugeneburlak/work/php/rest/store/wp-content/plugins/woocommerce/includes/abstracts/abstract-wc-product.php(135): WC_Data_Store->read(Object(WC_Product))
#2 /Users/eugeneburlak/work/php/rest/store/wp-content/themes/burlak/product/item.php(2): WC_Product->__construct(51)
#3 /Users/eugeneburlak/work/php/rest/store/wp-includes/template.php(772): require('/Users/eugenebu...')
#4 /Users/eugeneburlak/work/php/rest/store/wp-includes/template.php(716): load_template('/Users/eugenebu...', false, Array)
#5 /Users/eugeneburlak/work/php/rest/store/wp-includes/general-template.php(204): locate_template(Array, true, false, Array)
#6 /Users/eugeneburlak/work/php/rest/stor in /Users/eugeneburlak/work/php/rest/store/wp-content/plugins/woocommerce/includes/data-stores/class-wc-product-data-store-cpt.php on line 167

2021-08-14T13:20:48+00:00 CRITICAL Uncaught Exception: Invalid product. in /Users/eugeneburlak/work/php/rest/store/wp-content/plugins/woocommerce/includes/data-stores/class-wc-product-data-store-cpt.php:167
Stack trace:
#0 /Users/eugeneburlak/work/php/rest/store/wp-content/plugins/woocommerce/includes/class-wc-data-store.php(159): WC_Product_Data_Store_CPT->read(Object(WC_Product))
#1 /Users/eugeneburlak/work/php/rest/store/wp-content/plugins/woocommerce/includes/abstracts/abstract-wc-product.php(135): WC_Data_Store->read(Object(WC_Product))
#2 /Users/eugeneburlak/work/php/rest/store/wp-content/themes/burlak/product/item.php(2): WC_Product->__construct(51)
#3 /Users/eugeneburlak/work/php/rest/store/wp-includes/template.php(772): require('/Users/eugenebu...')
#4 /Users/eugeneburlak/work/php/rest/store/wp-includes/template.php(716): load_template('/Users/eugenebu...', false, Array)
#5 /Users/eugeneburlak/work/php/rest/store/wp-includes/general-template.php(204): locate_template(Array, true, false, Array)
#6 /Users/eugeneburlak/work/php/rest/stor in /Users/eugeneburlak/work/php/rest/store/wp-content/plugins/woocommerce/includes/data-stores/class-wc-product-data-store-cpt.php on line 167

2021-08-14T13:21:05+00:00 CRITICAL Uncaught Exception: Invalid product. in /Users/eugeneburlak/work/php/rest/store/wp-content/plugins/woocommerce/includes/data-stores/class-wc-product-data-store-cpt.php:167
Stack trace:
#0 /Users/eugeneburlak/work/php/rest/store/wp-content/plugins/woocommerce/includes/class-wc-data-store.php(159): WC_Product_Data_Store_CPT->read(Object(WC_Product))
#1 /Users/eugeneburlak/work/php/rest/store/wp-content/plugins/woocommerce/includes/abstracts/abstract-wc-product.php(135): WC_Data_Store->read(Object(WC_Product))
#2 /Users/eugeneburlak/work/php/rest/store/wp-content/themes/burlak/product/item.php(2): WC_Product->__construct(51)
#3 /Users/eugeneburlak/work/php/rest/store/wp-includes/template.php(772): require('/Users/eugenebu...')
#4 /Users/eugeneburlak/work/php/rest/store/wp-includes/template.php(716): load_template('/Users/eugenebu...', false, Array)
#5 /Users/eugeneburlak/work/php/rest/store/wp-includes/general-template.php(204): locate_template(Array, true, false, Array)
#6 /Users/eugeneburlak/work/php/rest/stor in /Users/eugeneburlak/work/php/rest/store/wp-content/plugins/woocommerce/includes/data-stores/class-wc-product-data-store-cpt.php on line 167

2021-08-14T13:21:32+00:00 CRITICAL Uncaught Exception: Invalid product. in /Users/eugeneburlak/work/php/rest/store/wp-content/plugins/woocommerce/includes/data-stores/class-wc-product-data-store-cpt.php:167
Stack trace:
#0 /Users/eugeneburlak/work/php/rest/store/wp-content/plugins/woocommerce/includes/class-wc-data-store.php(159): WC_Product_Data_Store_CPT->read(Object(WC_Product))
#1 /Users/eugeneburlak/work/php/rest/store/wp-content/plugins/woocommerce/includes/abstracts/abstract-wc-product.php(135): WC_Data_Store->read(Object(WC_Product))
#2 /Users/eugeneburlak/work/php/rest/store/wp-content/themes/burlak/product/item.php(2): WC_Product->__construct(51)
#3 /Users/eugeneburlak/work/php/rest/store/wp-includes/template.php(772): require('/Users/eugenebu...')
#4 /Users/eugeneburlak/work/php/rest/store/wp-includes/template.php(716): load_template('/Users/eugenebu...', false, Array)
#5 /Users/eugeneburlak/work/php/rest/store/wp-includes/general-template.php(204): locate_template(Array, true, false, Array)
#6 /Users/eugeneburlak/work/php/rest/stor in /Users/eugeneburlak/work/php/rest/store/wp-content/plugins/woocommerce/includes/data-stores/class-wc-product-data-store-cpt.php on line 167

2021-08-14T13:21:57+00:00 CRITICAL Uncaught Exception: Invalid product. in /Users/eugeneburlak/work/php/rest/store/wp-content/plugins/woocommerce/includes/data-stores/class-wc-product-data-store-cpt.php:167
Stack trace:
#0 /Users/eugeneburlak/work/php/rest/store/wp-content/plugins/woocommerce/includes/class-wc-data-store.php(159): WC_Product_Data_Store_CPT->read(Object(WC_Product))
#1 /Users/eugeneburlak/work/php/rest/store/wp-content/plugins/woocommerce/includes/abstracts/abstract-wc-product.php(135): WC_Data_Store->read(Object(WC_Product))
#2 /Users/eugeneburlak/work/php/rest/store/wp-content/themes/burlak/product/item.php(2): WC_Product->__construct(51)
#3 /Users/eugeneburlak/work/php/rest/store/wp-includes/template.php(772): require('/Users/eugenebu...')
#4 /Users/eugeneburlak/work/php/rest/store/wp-includes/template.php(716): load_template('/Users/eugenebu...', false, Array)
#5 /Users/eugeneburlak/work/php/rest/store/wp-includes/general-template.php(204): locate_template(Array, true, false, Array)
#6 /Users/eugeneburlak/work/php/rest/stor in /Users/eugeneburlak/work/php/rest/store/wp-content/plugins/woocommerce/includes/data-stores/class-wc-product-data-store-cpt.php on line 167

2021-08-14T13:22:18+00:00 CRITICAL Uncaught Exception: Invalid product. in /Users/eugeneburlak/work/php/rest/store/wp-content/plugins/woocommerce/includes/data-stores/class-wc-product-data-store-cpt.php:167
Stack trace:
#0 /Users/eugeneburlak/work/php/rest/store/wp-content/plugins/woocommerce/includes/class-wc-data-store.php(159): WC_Product_Data_Store_CPT->read(Object(WC_Product))
#1 /Users/eugeneburlak/work/php/rest/store/wp-content/plugins/woocommerce/includes/abstracts/abstract-wc-product.php(135): WC_Data_Store->read(Object(WC_Product))
#2 /Users/eugeneburlak/work/php/rest/store/wp-content/themes/burlak/product/item.php(3): WC_Product->__construct(51)
#3 /Users/eugeneburlak/work/php/rest/store/wp-includes/template.php(772): require('/Users/eugenebu...')
#4 /Users/eugeneburlak/work/php/rest/store/wp-includes/template.php(716): load_template('/Users/eugenebu...', false, Array)
#5 /Users/eugeneburlak/work/php/rest/store/wp-includes/general-template.php(204): locate_template(Array, true, false, Array)
#6 /Users/eugeneburlak/work/php/rest/stor in /Users/eugeneburlak/work/php/rest/store/wp-content/plugins/woocommerce/includes/data-stores/class-wc-product-data-store-cpt.php on line 167

2021-08-14T14:00:40+00:00 CRITICAL Uncaught Error: Call to a member function get() on null in /Users/eugeneburlak/work/php/rest/store/wp-content/themes/burlak/functions.php:348
Stack trace:
#0 /Users/eugeneburlak/work/php/rest/store/wp-settings.php(546): include()
#1 /Users/eugeneburlak/work/php/rest/store/wp-config.php(96): require_once('/Users/eugenebu...')
#2 /Users/eugeneburlak/work/php/rest/store/wp-load.php(50): require_once('/Users/eugenebu...')
#3 /Users/eugeneburlak/work/php/rest/store/wp-blog-header.php(13): require_once('/Users/eugenebu...')
#4 /Users/eugeneburlak/work/php/rest/store/index.php(17): require('/Users/eugenebu...')
#5 {main}
  thrown in /Users/eugeneburlak/work/php/rest/store/wp-content/themes/burlak/functions.php on line 348

2021-08-14T14:02:21+00:00 CRITICAL Uncaught Error: Call to a member function get() on null in /Users/eugeneburlak/work/php/rest/store/wp-content/themes/burlak/functions.php:274
Stack trace:
#0 /Users/eugeneburlak/work/php/rest/store/wp-includes/class-wp-hook.php(303): settings('')
#1 /Users/eugeneburlak/work/php/rest/store/wp-includes/class-wp-hook.php(327): WP_Hook->apply_filters(NULL, Array)
#2 /Users/eugeneburlak/work/php/rest/store/wp-includes/plugin.php(470): WP_Hook->do_action(Array)
#3 /Users/eugeneburlak/work/php/rest/store/wp-settings.php(578): do_action('init')
#4 /Users/eugeneburlak/work/php/rest/store/wp-config.php(96): require_once('/Users/eugenebu...')
#5 /Users/eugeneburlak/work/php/rest/store/wp-load.php(50): require_once('/Users/eugenebu...')
#6 /Users/eugeneburlak/work/php/rest/store/wp-cron.php(44): require_once('/Users/eugenebu...')
#7 {main}
  thrown in /Users/eugeneburlak/work/php/rest/store/wp-content/themes/burlak/functions.php on line 274

2021-08-14T14:03:56+00:00 CRITICAL Uncaught Error: Call to a member function get() on null in /Users/eugeneburlak/work/php/rest/store/wp-content/themes/burlak/functions.php:274
Stack trace:
#0 /Users/eugeneburlak/work/php/rest/store/wp-includes/class-wp-hook.php(303): settings('')
#1 /Users/eugeneburlak/work/php/rest/store/wp-includes/class-wp-hook.php(327): WP_Hook->apply_filters(NULL, Array)
#2 /Users/eugeneburlak/work/php/rest/store/wp-includes/plugin.php(470): WP_Hook->do_action(Array)
#3 /Users/eugeneburlak/work/php/rest/store/wp-settings.php(578): do_action('init')
#4 /Users/eugeneburlak/work/php/rest/store/wp-config.php(96): require_once('/Users/eugenebu...')
#5 /Users/eugeneburlak/work/php/rest/store/wp-load.php(50): require_once('/Users/eugenebu...')
#6 /Users/eugeneburlak/work/php/rest/store/wp-cron.php(44): require_once('/Users/eugenebu...')
#7 {main}
  thrown in /Users/eugeneburlak/work/php/rest/store/wp-content/themes/burlak/functions.php on line 274

2021-08-14T14:05:03+00:00 CRITICAL Uncaught Error: Call to a member function get() on null in /Users/eugeneburlak/work/php/rest/store/wp-content/themes/burlak/functions.php:274
Stack trace:
#0 /Users/eugeneburlak/work/php/rest/store/wp-includes/class-wp-hook.php(303): settings('')
#1 /Users/eugeneburlak/work/php/rest/store/wp-includes/class-wp-hook.php(327): WP_Hook->apply_filters(NULL, Array)
#2 /Users/eugeneburlak/work/php/rest/store/wp-includes/plugin.php(470): WP_Hook->do_action(Array)
#3 /Users/eugeneburlak/work/php/rest/store/wp-settings.php(578): do_action('init')
#4 /Users/eugeneburlak/work/php/rest/store/wp-config.php(96): require_once('/Users/eugenebu...')
#5 /Users/eugeneburlak/work/php/rest/store/wp-load.php(50): require_once('/Users/eugenebu...')
#6 /Users/eugeneburlak/work/php/rest/store/wp-cron.php(44): require_once('/Users/eugenebu...')
#7 {main}
  thrown in /Users/eugeneburlak/work/php/rest/store/wp-content/themes/burlak/functions.php on line 274

2021-08-14T14:05:32+00:00 CRITICAL Uncaught Error: Call to a member function get() on null in /Users/eugeneburlak/work/php/rest/store/wp-content/themes/burlak/functions.php:274
Stack trace:
#0 /Users/eugeneburlak/work/php/rest/store/wp-includes/class-wp-hook.php(303): settings('')
#1 /Users/eugeneburlak/work/php/rest/store/wp-includes/class-wp-hook.php(327): WP_Hook->apply_filters(NULL, Array)
#2 /Users/eugeneburlak/work/php/rest/store/wp-includes/plugin.php(470): WP_Hook->do_action(Array)
#3 /Users/eugeneburlak/work/php/rest/store/wp-settings.php(578): do_action('init')
#4 /Users/eugeneburlak/work/php/rest/store/wp-config.php(96): require_once('/Users/eugenebu...')
#5 /Users/eugeneburlak/work/php/rest/store/wp-load.php(50): require_once('/Users/eugenebu...')
#6 /Users/eugeneburlak/work/php/rest/store/wp-admin/admin.php(34): require_once('/Users/eugenebu...')
#7 /Users/eugeneburlak/work/php/rest/store/wp-admin/edit.php(10): require_once('/Users/eugenebu...')
#8 {main}
  thrown in /Users/eugeneburlak/work/php/rest/store/wp-content/themes/burlak/functions.php on line 274

2021-08-14T14:05:35+00:00 CRITICAL Uncaught Error: Call to a member function get() on null in /Users/eugeneburlak/work/php/rest/store/wp-content/themes/burlak/functions.php:274
Stack trace:
#0 /Users/eugeneburlak/work/php/rest/store/wp-includes/class-wp-hook.php(303): settings('')
#1 /Users/eugeneburlak/work/php/rest/store/wp-includes/class-wp-hook.php(327): WP_Hook->apply_filters(NULL, Array)
#2 /Users/eugeneburlak/work/php/rest/store/wp-includes/plugin.php(470): WP_Hook->do_action(Array)
#3 /Users/eugeneburlak/work/php/rest/store/wp-settings.php(578): do_action('init')
#4 /Users/eugeneburlak/work/php/rest/store/wp-config.php(96): require_once('/Users/eugenebu...')
#5 /Users/eugeneburlak/work/php/rest/store/wp-load.php(50): require_once('/Users/eugenebu...')
#6 /Users/eugeneburlak/work/php/rest/store/wp-admin/admin.php(34): require_once('/Users/eugenebu...')
#7 /Users/eugeneburlak/work/php/rest/store/wp-admin/edit.php(10): require_once('/Users/eugenebu...')
#8 {main}
  thrown in /Users/eugeneburlak/work/php/rest/store/wp-content/themes/burlak/functions.php on line 274

2021-08-14T14:05:41+00:00 CRITICAL Uncaught Error: Call to a member function get() on null in /Users/eugeneburlak/work/php/rest/store/wp-content/themes/burlak/functions.php:274
Stack trace:
#0 /Users/eugeneburlak/work/php/rest/store/wp-includes/class-wp-hook.php(303): settings('')
#1 /Users/eugeneburlak/work/php/rest/store/wp-includes/class-wp-hook.php(327): WP_Hook->apply_filters(NULL, Array)
#2 /Users/eugeneburlak/work/php/rest/store/wp-includes/plugin.php(470): WP_Hook->do_action(Array)
#3 /Users/eugeneburlak/work/php/rest/store/wp-settings.php(578): do_action('init')
#4 /Users/eugeneburlak/work/php/rest/store/wp-config.php(96): require_once('/Users/eugenebu...')
#5 /Users/eugeneburlak/work/php/rest/store/wp-load.php(50): require_once('/Users/eugenebu...')
#6 /Users/eugeneburlak/work/php/rest/store/wp-admin/admin.php(34): require_once('/Users/eugenebu...')
#7 /Users/eugeneburlak/work/php/rest/store/wp-admin/edit.php(10): require_once('/Users/eugenebu...')
#8 {main}
  thrown in /Users/eugeneburlak/work/php/rest/store/wp-content/themes/burlak/functions.php on line 274

2021-08-14T14:06:01+00:00 CRITICAL Uncaught Error: Call to a member function get() on null in /Users/eugeneburlak/work/php/rest/store/wp-content/themes/burlak/functions.php:274
Stack trace:
#0 /Users/eugeneburlak/work/php/rest/store/wp-includes/class-wp-hook.php(303): front_settings('')
#1 /Users/eugeneburlak/work/php/rest/store/wp-includes/class-wp-hook.php(327): WP_Hook->apply_filters(NULL, Array)
#2 /Users/eugeneburlak/work/php/rest/store/wp-includes/plugin.php(470): WP_Hook->do_action(Array)
#3 /Users/eugeneburlak/work/php/rest/store/wp-settings.php(578): do_action('init')
#4 /Users/eugeneburlak/work/php/rest/store/wp-config.php(96): require_once('/Users/eugenebu...')
#5 /Users/eugeneburlak/work/php/rest/store/wp-load.php(50): require_once('/Users/eugenebu...')
#6 /Users/eugeneburlak/work/php/rest/store/wp-admin/admin.php(34): require_once('/Users/eugenebu...')
#7 /Users/eugeneburlak/work/php/rest/store/wp-admin/edit.php(10): require_once('/Users/eugenebu...')
#8 {main}
  thrown in /Users/eugeneburlak/work/php/rest/store/wp-content/themes/burlak/functions.php on line 274

2021-08-14T14:07:03+00:00 CRITICAL Uncaught Error: Call to a member function get() on null in /Users/eugeneburlak/work/php/rest/store/wp-content/themes/burlak/functions.php:275
Stack trace:
#0 /Users/eugeneburlak/work/php/rest/store/wp-includes/class-wp-hook.php(303): settings('')
#1 /Users/eugeneburlak/work/php/rest/store/wp-includes/class-wp-hook.php(327): WP_Hook->apply_filters(NULL, Array)
#2 /Users/eugeneburlak/work/php/rest/store/wp-includes/plugin.php(470): WP_Hook->do_action(Array)
#3 /Users/eugeneburlak/work/php/rest/store/wp-settings.php(578): do_action('init')
#4 /Users/eugeneburlak/work/php/rest/store/wp-config.php(96): require_once('/Users/eugenebu...')
#5 /Users/eugeneburlak/work/php/rest/store/wp-load.php(50): require_once('/Users/eugenebu...')
#6 /Users/eugeneburlak/work/php/rest/store/wp-cron.php(44): require_once('/Users/eugenebu...')
#7 {main}
  thrown in /Users/eugeneburlak/work/php/rest/store/wp-content/themes/burlak/functions.php on line 275

2021-08-14T14:08:07+00:00 CRITICAL Uncaught Error: Call to a member function get() on null in /Users/eugeneburlak/work/php/rest/store/wp-content/themes/burlak/functions.php:275
Stack trace:
#0 /Users/eugeneburlak/work/php/rest/store/wp-includes/class-wp-hook.php(303): settings('')
#1 /Users/eugeneburlak/work/php/rest/store/wp-includes/class-wp-hook.php(327): WP_Hook->apply_filters(NULL, Array)
#2 /Users/eugeneburlak/work/php/rest/store/wp-includes/plugin.php(470): WP_Hook->do_action(Array)
#3 /Users/eugeneburlak/work/php/rest/store/wp-settings.php(578): do_action('init')
#4 /Users/eugeneburlak/work/php/rest/store/wp-config.php(96): require_once('/Users/eugenebu...')
#5 /Users/eugeneburlak/work/php/rest/store/wp-load.php(50): require_once('/Users/eugenebu...')
#6 /Users/eugeneburlak/work/php/rest/store/wp-cron.php(44): require_once('/Users/eugenebu...')
#7 {main}
  thrown in /Users/eugeneburlak/work/php/rest/store/wp-content/themes/burlak/functions.php on line 275

2021-08-14T14:08:26+00:00 CRITICAL Object of class WP_Post could not be converted to string in /Users/eugeneburlak/work/php/rest/store/wp-content/themes/burlak/product/popular.php on line 36

2021-08-14T14:08:33+00:00 CRITICAL Object of class WP_Post could not be converted to string in /Users/eugeneburlak/work/php/rest/store/wp-content/themes/burlak/product/popular.php on line 36

2021-08-14T14:08:35+00:00 CRITICAL Object of class WP_Post could not be converted to string in /Users/eugeneburlak/work/php/rest/store/wp-content/themes/burlak/product/popular.php on line 36

2021-08-14T14:09:27+00:00 CRITICAL Uncaught Error: Call to a member function get() on null in /Users/eugeneburlak/work/php/rest/store/wp-content/themes/burlak/functions.php:275
Stack trace:
#0 /Users/eugeneburlak/work/php/rest/store/wp-includes/class-wp-hook.php(303): settings('')
#1 /Users/eugeneburlak/work/php/rest/store/wp-includes/class-wp-hook.php(327): WP_Hook->apply_filters(NULL, Array)
#2 /Users/eugeneburlak/work/php/rest/store/wp-includes/plugin.php(470): WP_Hook->do_action(Array)
#3 /Users/eugeneburlak/work/php/rest/store/wp-settings.php(578): do_action('init')
#4 /Users/eugeneburlak/work/php/rest/store/wp-config.php(96): require_once('/Users/eugenebu...')
#5 /Users/eugeneburlak/work/php/rest/store/wp-load.php(50): require_once('/Users/eugenebu...')
#6 /Users/eugeneburlak/work/php/rest/store/wp-cron.php(44): require_once('/Users/eugenebu...')
#7 {main}
  thrown in /Users/eugeneburlak/work/php/rest/store/wp-content/themes/burlak/functions.php on line 275

2021-08-14T14:12:09+00:00 CRITICAL Uncaught Error: Call to a member function get() on null in /Users/eugeneburlak/work/php/rest/store/wp-content/themes/burlak/functions.php:275
Stack trace:
#0 /Users/eugeneburlak/work/php/rest/store/wp-includes/class-wp-hook.php(303): settings('')
#1 /Users/eugeneburlak/work/php/rest/store/wp-includes/class-wp-hook.php(327): WP_Hook->apply_filters(NULL, Array)
#2 /Users/eugeneburlak/work/php/rest/store/wp-includes/plugin.php(470): WP_Hook->do_action(Array)
#3 /Users/eugeneburlak/work/php/rest/store/wp-settings.php(578): do_action('init')
#4 /Users/eugeneburlak/work/php/rest/store/wp-config.php(96): require_once('/Users/eugenebu...')
#5 /Users/eugeneburlak/work/php/rest/store/wp-load.php(50): require_once('/Users/eugenebu...')
#6 /Users/eugeneburlak/work/php/rest/store/wp-cron.php(44): require_once('/Users/eugenebu...')
#7 {main}
  thrown in /Users/eugeneburlak/work/php/rest/store/wp-content/themes/burlak/functions.php on line 275

2021-08-14T14:13:52+00:00 CRITICAL Uncaught Error: Call to a member function get() on null in /Users/eugeneburlak/work/php/rest/store/wp-content/themes/burlak/functions.php:275
Stack trace:
#0 /Users/eugeneburlak/work/php/rest/store/wp-includes/class-wp-hook.php(303): settings('')
#1 /Users/eugeneburlak/work/php/rest/store/wp-includes/class-wp-hook.php(327): WP_Hook->apply_filters(NULL, Array)
#2 /Users/eugeneburlak/work/php/rest/store/wp-includes/plugin.php(470): WP_Hook->do_action(Array)
#3 /Users/eugeneburlak/work/php/rest/store/wp-settings.php(578): do_action('init')
#4 /Users/eugeneburlak/work/php/rest/store/wp-config.php(96): require_once('/Users/eugenebu...')
#5 /Users/eugeneburlak/work/php/rest/store/wp-load.php(50): require_once('/Users/eugenebu...')
#6 /Users/eugeneburlak/work/php/rest/store/wp-cron.php(44): require_once('/Users/eugenebu...')
#7 {main}
  thrown in /Users/eugeneburlak/work/php/rest/store/wp-content/themes/burlak/functions.php on line 275

2021-08-14T14:13:52+00:00 CRITICAL Uncaught Error: Call to a member function get() on null in /Users/eugeneburlak/work/php/rest/store/wp-content/themes/burlak/functions.php:275
Stack trace:
#0 /Users/eugeneburlak/work/php/rest/store/wp-includes/class-wp-hook.php(303): settings('')
#1 /Users/eugeneburlak/work/php/rest/store/wp-includes/class-wp-hook.php(327): WP_Hook->apply_filters(NULL, Array)
#2 /Users/eugeneburlak/work/php/rest/store/wp-includes/plugin.php(470): WP_Hook->do_action(Array)
#3 /Users/eugeneburlak/work/php/rest/store/wp-settings.php(578): do_action('init')
#4 /Users/eugeneburlak/work/php/rest/store/wp-config.php(96): require_once('/Users/eugenebu...')
#5 /Users/eugeneburlak/work/php/rest/store/wp-load.php(50): require_once('/Users/eugenebu...')
#6 /Users/eugeneburlak/work/php/rest/store/wp-cron.php(44): require_once('/Users/eugenebu...')
#7 {main}
  thrown in /Users/eugeneburlak/work/php/rest/store/wp-content/themes/burlak/functions.php on line 275

2021-08-14T14:16:21+00:00 CRITICAL Uncaught Error: Call to a member function get() on null in /Users/eugeneburlak/work/php/rest/store/wp-content/themes/burlak/functions.php:275
Stack trace:
#0 /Users/eugeneburlak/work/php/rest/store/wp-includes/class-wp-hook.php(303): settings('')
#1 /Users/eugeneburlak/work/php/rest/store/wp-includes/class-wp-hook.php(327): WP_Hook->apply_filters(NULL, Array)
#2 /Users/eugeneburlak/work/php/rest/store/wp-includes/plugin.php(470): WP_Hook->do_action(Array)
#3 /Users/eugeneburlak/work/php/rest/store/wp-settings.php(578): do_action('init')
#4 /Users/eugeneburlak/work/php/rest/store/wp-config.php(96): require_once('/Users/eugenebu...')
#5 /Users/eugeneburlak/work/php/rest/store/wp-load.php(50): require_once('/Users/eugenebu...')
#6 /Users/eugeneburlak/work/php/rest/store/wp-cron.php(44): require_once('/Users/eugenebu...')
#7 {main}
  thrown in /Users/eugeneburlak/work/php/rest/store/wp-content/themes/burlak/functions.php on line 275

2021-08-14T14:18:41+00:00 CRITICAL Uncaught Error: Call to a member function get() on null in /Users/eugeneburlak/work/php/rest/store/wp-content/themes/burlak/functions.php:275
Stack trace:
#0 /Users/eugeneburlak/work/php/rest/store/wp-includes/class-wp-hook.php(303): settings('')
#1 /Users/eugeneburlak/work/php/rest/store/wp-includes/class-wp-hook.php(327): WP_Hook->apply_filters(NULL, Array)
#2 /Users/eugeneburlak/work/php/rest/store/wp-includes/plugin.php(470): WP_Hook->do_action(Array)
#3 /Users/eugeneburlak/work/php/rest/store/wp-settings.php(578): do_action('init')
#4 /Users/eugeneburlak/work/php/rest/store/wp-config.php(96): require_once('/Users/eugenebu...')
#5 /Users/eugeneburlak/work/php/rest/store/wp-load.php(50): require_once('/Users/eugenebu...')
#6 /Users/eugeneburlak/work/php/rest/store/wp-cron.php(44): require_once('/Users/eugenebu...')
#7 {main}
  thrown in /Users/eugeneburlak/work/php/rest/store/wp-content/themes/burlak/functions.php on line 275

2021-08-14T14:19:42+00:00 CRITICAL Uncaught Error: Call to a member function get() on null in /Users/eugeneburlak/work/php/rest/store/wp-content/themes/burlak/functions.php:275
Stack trace:
#0 /Users/eugeneburlak/work/php/rest/store/wp-includes/class-wp-hook.php(303): settings('')
#1 /Users/eugeneburlak/work/php/rest/store/wp-includes/class-wp-hook.php(327): WP_Hook->apply_filters(NULL, Array)
#2 /Users/eugeneburlak/work/php/rest/store/wp-includes/plugin.php(470): WP_Hook->do_action(Array)
#3 /Users/eugeneburlak/work/php/rest/store/wp-settings.php(578): do_action('init')
#4 /Users/eugeneburlak/work/php/rest/store/wp-config.php(96): require_once('/Users/eugenebu...')
#5 /Users/eugeneburlak/work/php/rest/store/wp-load.php(50): require_once('/Users/eugenebu...')
#6 /Users/eugeneburlak/work/php/rest/store/wp-cron.php(44): require_once('/Users/eugenebu...')
#7 {main}
  thrown in /Users/eugeneburlak/work/php/rest/store/wp-content/themes/burlak/functions.php on line 275

2021-08-14T14:20:45+00:00 CRITICAL Uncaught Error: Call to a member function get() on null in /Users/eugeneburlak/work/php/rest/store/wp-content/themes/burlak/functions.php:275
Stack trace:
#0 /Users/eugeneburlak/work/php/rest/store/wp-includes/class-wp-hook.php(303): settings('')
#1 /Users/eugeneburlak/work/php/rest/store/wp-includes/class-wp-hook.php(327): WP_Hook->apply_filters(NULL, Array)
#2 /Users/eugeneburlak/work/php/rest/store/wp-includes/plugin.php(470): WP_Hook->do_action(Array)
#3 /Users/eugeneburlak/work/php/rest/store/wp-settings.php(578): do_action('init')
#4 /Users/eugeneburlak/work/php/rest/store/wp-config.php(96): require_once('/Users/eugenebu...')
#5 /Users/eugeneburlak/work/php/rest/store/wp-load.php(50): require_once('/Users/eugenebu...')
#6 /Users/eugeneburlak/work/php/rest/store/wp-cron.php(44): require_once('/Users/eugenebu...')
#7 {main}
  thrown in /Users/eugeneburlak/work/php/rest/store/wp-content/themes/burlak/functions.php on line 275

2021-08-14T14:24:26+00:00 CRITICAL Uncaught Error: Call to a member function get() on null in /Users/eugeneburlak/work/php/rest/store/wp-content/themes/burlak/functions.php:275
Stack trace:
#0 /Users/eugeneburlak/work/php/rest/store/wp-includes/class-wp-hook.php(303): settings('')
#1 /Users/eugeneburlak/work/php/rest/store/wp-includes/class-wp-hook.php(327): WP_Hook->apply_filters(NULL, Array)
#2 /Users/eugeneburlak/work/php/rest/store/wp-includes/plugin.php(470): WP_Hook->do_action(Array)
#3 /Users/eugeneburlak/work/php/rest/store/wp-settings.php(578): do_action('init')
#4 /Users/eugeneburlak/work/php/rest/store/wp-config.php(96): require_once('/Users/eugenebu...')
#5 /Users/eugeneburlak/work/php/rest/store/wp-load.php(50): require_once('/Users/eugenebu...')
#6 /Users/eugeneburlak/work/php/rest/store/wp-cron.php(44): require_once('/Users/eugenebu...')
#7 {main}
  thrown in /Users/eugeneburlak/work/php/rest/store/wp-content/themes/burlak/functions.php on line 275

2021-08-14T14:26:59+00:00 CRITICAL Uncaught Error: Call to a member function get() on null in /Users/eugeneburlak/work/php/rest/store/wp-content/themes/burlak/functions.php:275
Stack trace:
#0 /Users/eugeneburlak/work/php/rest/store/wp-includes/class-wp-hook.php(303): settings('')
#1 /Users/eugeneburlak/work/php/rest/store/wp-includes/class-wp-hook.php(327): WP_Hook->apply_filters(NULL, Array)
#2 /Users/eugeneburlak/work/php/rest/store/wp-includes/plugin.php(470): WP_Hook->do_action(Array)
#3 /Users/eugeneburlak/work/php/rest/store/wp-settings.php(578): do_action('init')
#4 /Users/eugeneburlak/work/php/rest/store/wp-config.php(96): require_once('/Users/eugenebu...')
#5 /Users/eugeneburlak/work/php/rest/store/wp-load.php(50): require_once('/Users/eugenebu...')
#6 /Users/eugeneburlak/work/php/rest/store/wp-cron.php(44): require_once('/Users/eugenebu...')
#7 {main}
  thrown in /Users/eugeneburlak/work/php/rest/store/wp-content/themes/burlak/functions.php on line 275

