2021-09-09T20:16:12+00:00 CRITICAL syntax error, unexpected ';', expecting ')' in /Users/eugeneburlak/work/php/rest/store/wp-content/themes/burlak/archive-product.php on line 17

2021-09-09T20:16:17+00:00 CRITICAL Uncaught ArgumentCountError: Too few arguments to function mergeQueryString(), 0 passed in /Users/eugeneburlak/work/php/rest/store/wp-content/themes/burlak/archive-product.php on line 24 and exactly 1 expected in /Users/eugeneburlak/work/php/rest/store/wp-content/themes/burlak/functions.php:461
Stack trace:
#0 /Users/eugeneburlak/work/php/rest/store/wp-content/themes/burlak/archive-product.php(24): mergeQueryString()
#1 /Users/eugeneburlak/work/php/rest/store/wp-includes/template-loader.php(106): include('/Users/eugenebu...')
#2 /Users/eugeneburlak/work/php/rest/store/wp-blog-header.php(19): require_once('/Users/eugenebu...')
#3 /Users/eugeneburlak/work/php/rest/store/index.php(17): require('/Users/eugenebu...')
#4 {main}
  thrown in /Users/eugeneburlak/work/php/rest/store/wp-content/themes/burlak/functions.php on line 461

2021-09-09T20:16:29+00:00 CRITICAL Uncaught ArgumentCountError: Too few arguments to function mergeQueryString(), 0 passed in /Users/eugeneburlak/work/php/rest/store/wp-content/themes/burlak/archive-product.php on line 27 and exactly 1 expected in /Users/eugeneburlak/work/php/rest/store/wp-content/themes/burlak/functions.php:461
Stack trace:
#0 /Users/eugeneburlak/work/php/rest/store/wp-content/themes/burlak/archive-product.php(27): mergeQueryString()
#1 /Users/eugeneburlak/work/php/rest/store/wp-includes/template-loader.php(106): include('/Users/eugenebu...')
#2 /Users/eugeneburlak/work/php/rest/store/wp-blog-header.php(19): require_once('/Users/eugenebu...')
#3 /Users/eugeneburlak/work/php/rest/store/index.php(17): require('/Users/eugenebu...')
#4 {main}
  thrown in /Users/eugeneburlak/work/php/rest/store/wp-content/themes/burlak/functions.php on line 461

2021-09-09T20:16:56+00:00 CRITICAL Uncaught ArgumentCountError: Too few arguments to function mergeQueryString(), 0 passed in /Users/eugeneburlak/work/php/rest/store/wp-content/themes/burlak/archive-product.php on line 27 and exactly 1 expected in /Users/eugeneburlak/work/php/rest/store/wp-content/themes/burlak/functions.php:461
Stack trace:
#0 /Users/eugeneburlak/work/php/rest/store/wp-content/themes/burlak/archive-product.php(27): mergeQueryString()
#1 /Users/eugeneburlak/work/php/rest/store/wp-includes/template-loader.php(106): include('/Users/eugenebu...')
#2 /Users/eugeneburlak/work/php/rest/store/wp-blog-header.php(19): require_once('/Users/eugenebu...')
#3 /Users/eugeneburlak/work/php/rest/store/index.php(17): require('/Users/eugenebu...')
#4 {main}
  thrown in /Users/eugeneburlak/work/php/rest/store/wp-content/themes/burlak/functions.php on line 461

2021-09-09T20:17:16+00:00 CRITICAL Uncaught ArgumentCountError: Too few arguments to function mergeQueryString(), 0 passed in /Users/eugeneburlak/work/php/rest/store/wp-content/themes/burlak/archive-product.php on line 24 and exactly 1 expected in /Users/eugeneburlak/work/php/rest/store/wp-content/themes/burlak/functions.php:461
Stack trace:
#0 /Users/eugeneburlak/work/php/rest/store/wp-content/themes/burlak/archive-product.php(24): mergeQueryString()
#1 /Users/eugeneburlak/work/php/rest/store/wp-includes/template-loader.php(106): include('/Users/eugenebu...')
#2 /Users/eugeneburlak/work/php/rest/store/wp-blog-header.php(19): require_once('/Users/eugenebu...')
#3 /Users/eugeneburlak/work/php/rest/store/index.php(17): require('/Users/eugenebu...')
#4 {main}
  thrown in /Users/eugeneburlak/work/php/rest/store/wp-content/themes/burlak/functions.php on line 461

2021-09-09T20:17:26+00:00 CRITICAL Uncaught ArgumentCountError: Too few arguments to function mergeQueryString(), 0 passed in /Users/eugeneburlak/work/php/rest/store/wp-content/themes/burlak/archive-product.php on line 27 and exactly 1 expected in /Users/eugeneburlak/work/php/rest/store/wp-content/themes/burlak/functions.php:461
Stack trace:
#0 /Users/eugeneburlak/work/php/rest/store/wp-content/themes/burlak/archive-product.php(27): mergeQueryString()
#1 /Users/eugeneburlak/work/php/rest/store/wp-includes/template-loader.php(106): include('/Users/eugenebu...')
#2 /Users/eugeneburlak/work/php/rest/store/wp-blog-header.php(19): require_once('/Users/eugenebu...')
#3 /Users/eugeneburlak/work/php/rest/store/index.php(17): require('/Users/eugenebu...')
#4 {main}
  thrown in /Users/eugeneburlak/work/php/rest/store/wp-content/themes/burlak/functions.php on line 461

2021-09-09T20:18:20+00:00 CRITICAL Uncaught ArgumentCountError: Too few arguments to function mergeQueryString(), 0 passed in /Users/eugeneburlak/work/php/rest/store/wp-content/themes/burlak/archive-product.php on line 27 and exactly 1 expected in /Users/eugeneburlak/work/php/rest/store/wp-content/themes/burlak/functions.php:461
Stack trace:
#0 /Users/eugeneburlak/work/php/rest/store/wp-content/themes/burlak/archive-product.php(27): mergeQueryString()
#1 /Users/eugeneburlak/work/php/rest/store/wp-includes/template-loader.php(106): include('/Users/eugenebu...')
#2 /Users/eugeneburlak/work/php/rest/store/wp-blog-header.php(19): require_once('/Users/eugenebu...')
#3 /Users/eugeneburlak/work/php/rest/store/index.php(17): require('/Users/eugenebu...')
#4 {main}
  thrown in /Users/eugeneburlak/work/php/rest/store/wp-content/themes/burlak/functions.php on line 461

2021-09-09T20:18:37+00:00 CRITICAL Uncaught ArgumentCountError: Too few arguments to function mergeQueryString(), 0 passed in /Users/eugeneburlak/work/php/rest/store/wp-content/themes/burlak/archive-product.php on line 27 and exactly 1 expected in /Users/eugeneburlak/work/php/rest/store/wp-content/themes/burlak/functions.php:461
Stack trace:
#0 /Users/eugeneburlak/work/php/rest/store/wp-content/themes/burlak/archive-product.php(27): mergeQueryString()
#1 /Users/eugeneburlak/work/php/rest/store/wp-includes/template-loader.php(106): include('/Users/eugenebu...')
#2 /Users/eugeneburlak/work/php/rest/store/wp-blog-header.php(19): require_once('/Users/eugenebu...')
#3 /Users/eugeneburlak/work/php/rest/store/index.php(17): require('/Users/eugenebu...')
#4 {main}
  thrown in /Users/eugeneburlak/work/php/rest/store/wp-content/themes/burlak/functions.php on line 461

2021-09-09T20:18:54+00:00 CRITICAL Uncaught ArgumentCountError: Too few arguments to function mergeQueryString(), 0 passed in /Users/eugeneburlak/work/php/rest/store/wp-content/themes/burlak/archive-product.php on line 27 and exactly 1 expected in /Users/eugeneburlak/work/php/rest/store/wp-content/themes/burlak/functions.php:461
Stack trace:
#0 /Users/eugeneburlak/work/php/rest/store/wp-content/themes/burlak/archive-product.php(27): mergeQueryString()
#1 /Users/eugeneburlak/work/php/rest/store/wp-includes/template-loader.php(106): include('/Users/eugenebu...')
#2 /Users/eugeneburlak/work/php/rest/store/wp-blog-header.php(19): require_once('/Users/eugenebu...')
#3 /Users/eugeneburlak/work/php/rest/store/index.php(17): require('/Users/eugenebu...')
#4 {main}
  thrown in /Users/eugeneburlak/work/php/rest/store/wp-content/themes/burlak/functions.php on line 461

2021-09-09T20:19:15+00:00 CRITICAL Uncaught ArgumentCountError: Too few arguments to function mergeQueryString(), 0 passed in /Users/eugeneburlak/work/php/rest/store/wp-content/themes/burlak/archive-product.php on line 27 and exactly 1 expected in /Users/eugeneburlak/work/php/rest/store/wp-content/themes/burlak/functions.php:461
Stack trace:
#0 /Users/eugeneburlak/work/php/rest/store/wp-content/themes/burlak/archive-product.php(27): mergeQueryString()
#1 /Users/eugeneburlak/work/php/rest/store/wp-includes/template-loader.php(106): include('/Users/eugenebu...')
#2 /Users/eugeneburlak/work/php/rest/store/wp-blog-header.php(19): require_once('/Users/eugenebu...')
#3 /Users/eugeneburlak/work/php/rest/store/index.php(17): require('/Users/eugenebu...')
#4 {main}
  thrown in /Users/eugeneburlak/work/php/rest/store/wp-content/themes/burlak/functions.php on line 461

2021-09-09T20:20:05+00:00 CRITICAL Uncaught ArgumentCountError: Too few arguments to function mergeQueryString(), 0 passed in /Users/eugeneburlak/work/php/rest/store/wp-content/themes/burlak/archive-product.php on line 27 and exactly 1 expected in /Users/eugeneburlak/work/php/rest/store/wp-content/themes/burlak/functions.php:461
Stack trace:
#0 /Users/eugeneburlak/work/php/rest/store/wp-content/themes/burlak/archive-product.php(27): mergeQueryString()
#1 /Users/eugeneburlak/work/php/rest/store/wp-includes/template-loader.php(106): include('/Users/eugenebu...')
#2 /Users/eugeneburlak/work/php/rest/store/wp-blog-header.php(19): require_once('/Users/eugenebu...')
#3 /Users/eugeneburlak/work/php/rest/store/index.php(17): require('/Users/eugenebu...')
#4 {main}
  thrown in /Users/eugeneburlak/work/php/rest/store/wp-content/themes/burlak/functions.php on line 461

2021-09-09T20:20:09+00:00 CRITICAL Uncaught ArgumentCountError: Too few arguments to function mergeQueryString(), 0 passed in /Users/eugeneburlak/work/php/rest/store/wp-content/themes/burlak/archive-product.php on line 27 and exactly 1 expected in /Users/eugeneburlak/work/php/rest/store/wp-content/themes/burlak/functions.php:461
Stack trace:
#0 /Users/eugeneburlak/work/php/rest/store/wp-content/themes/burlak/archive-product.php(27): mergeQueryString()
#1 /Users/eugeneburlak/work/php/rest/store/wp-includes/template-loader.php(106): include('/Users/eugenebu...')
#2 /Users/eugeneburlak/work/php/rest/store/wp-blog-header.php(19): require_once('/Users/eugenebu...')
#3 /Users/eugeneburlak/work/php/rest/store/index.php(17): require('/Users/eugenebu...')
#4 {main}
  thrown in /Users/eugeneburlak/work/php/rest/store/wp-content/themes/burlak/functions.php on line 461

2021-09-09T20:20:30+00:00 CRITICAL Uncaught ArgumentCountError: Too few arguments to function mergeQueryString(), 0 passed in /Users/eugeneburlak/work/php/rest/store/wp-content/themes/burlak/archive-product.php on line 18 and exactly 1 expected in /Users/eugeneburlak/work/php/rest/store/wp-content/themes/burlak/functions.php:461
Stack trace:
#0 /Users/eugeneburlak/work/php/rest/store/wp-content/themes/burlak/archive-product.php(18): mergeQueryString()
#1 /Users/eugeneburlak/work/php/rest/store/wp-includes/template-loader.php(106): include('/Users/eugenebu...')
#2 /Users/eugeneburlak/work/php/rest/store/wp-blog-header.php(19): require_once('/Users/eugenebu...')
#3 /Users/eugeneburlak/work/php/rest/store/index.php(17): require('/Users/eugenebu...')
#4 {main}
  thrown in /Users/eugeneburlak/work/php/rest/store/wp-content/themes/burlak/functions.php on line 461

2021-09-09T20:20:38+00:00 CRITICAL Uncaught ArgumentCountError: Too few arguments to function mergeQueryString(), 0 passed in /Users/eugeneburlak/work/php/rest/store/wp-content/themes/burlak/archive-product.php on line 15 and exactly 1 expected in /Users/eugeneburlak/work/php/rest/store/wp-content/themes/burlak/functions.php:461
Stack trace:
#0 /Users/eugeneburlak/work/php/rest/store/wp-content/themes/burlak/archive-product.php(15): mergeQueryString()
#1 /Users/eugeneburlak/work/php/rest/store/wp-includes/template-loader.php(106): include('/Users/eugenebu...')
#2 /Users/eugeneburlak/work/php/rest/store/wp-blog-header.php(19): require_once('/Users/eugenebu...')
#3 /Users/eugeneburlak/work/php/rest/store/index.php(17): require('/Users/eugenebu...')
#4 {main}
  thrown in /Users/eugeneburlak/work/php/rest/store/wp-content/themes/burlak/functions.php on line 461

2021-09-09T20:21:04+00:00 CRITICAL Uncaught ArgumentCountError: Too few arguments to function mergeQueryString(), 0 passed in /Users/eugeneburlak/work/php/rest/store/wp-content/themes/burlak/archive-product.php on line 15 and exactly 1 expected in /Users/eugeneburlak/work/php/rest/store/wp-content/themes/burlak/functions.php:461
Stack trace:
#0 /Users/eugeneburlak/work/php/rest/store/wp-content/themes/burlak/archive-product.php(15): mergeQueryString()
#1 /Users/eugeneburlak/work/php/rest/store/wp-includes/template-loader.php(106): include('/Users/eugenebu...')
#2 /Users/eugeneburlak/work/php/rest/store/wp-blog-header.php(19): require_once('/Users/eugenebu...')
#3 /Users/eugeneburlak/work/php/rest/store/index.php(17): require('/Users/eugenebu...')
#4 {main}
  thrown in /Users/eugeneburlak/work/php/rest/store/wp-content/themes/burlak/functions.php on line 461

2021-09-09T20:21:40+00:00 CRITICAL Uncaught ArgumentCountError: Too few arguments to function mergeQueryString(), 0 passed in /Users/eugeneburlak/work/php/rest/store/wp-content/themes/burlak/archive-product.php on line 15 and exactly 1 expected in /Users/eugeneburlak/work/php/rest/store/wp-content/themes/burlak/functions.php:461
Stack trace:
#0 /Users/eugeneburlak/work/php/rest/store/wp-content/themes/burlak/archive-product.php(15): mergeQueryString()
#1 /Users/eugeneburlak/work/php/rest/store/wp-includes/template-loader.php(106): include('/Users/eugenebu...')
#2 /Users/eugeneburlak/work/php/rest/store/wp-blog-header.php(19): require_once('/Users/eugenebu...')
#3 /Users/eugeneburlak/work/php/rest/store/index.php(17): require('/Users/eugenebu...')
#4 {main}
  thrown in /Users/eugeneburlak/work/php/rest/store/wp-content/themes/burlak/functions.php on line 461

2021-09-09T20:21:44+00:00 CRITICAL Uncaught ArgumentCountError: Too few arguments to function mergeQueryString(), 0 passed in /Users/eugeneburlak/work/php/rest/store/wp-content/themes/burlak/archive-product.php on line 15 and exactly 1 expected in /Users/eugeneburlak/work/php/rest/store/wp-content/themes/burlak/functions.php:461
Stack trace:
#0 /Users/eugeneburlak/work/php/rest/store/wp-content/themes/burlak/archive-product.php(15): mergeQueryString()
#1 /Users/eugeneburlak/work/php/rest/store/wp-includes/template-loader.php(106): include('/Users/eugenebu...')
#2 /Users/eugeneburlak/work/php/rest/store/wp-blog-header.php(19): require_once('/Users/eugenebu...')
#3 /Users/eugeneburlak/work/php/rest/store/index.php(17): require('/Users/eugenebu...')
#4 {main}
  thrown in /Users/eugeneburlak/work/php/rest/store/wp-content/themes/burlak/functions.php on line 461

2021-09-09T20:21:50+00:00 CRITICAL Uncaught ArgumentCountError: Too few arguments to function mergeQueryString(), 0 passed in /Users/eugeneburlak/work/php/rest/store/wp-content/themes/burlak/archive-product.php on line 29 and exactly 1 expected in /Users/eugeneburlak/work/php/rest/store/wp-content/themes/burlak/functions.php:461
Stack trace:
#0 /Users/eugeneburlak/work/php/rest/store/wp-content/themes/burlak/archive-product.php(29): mergeQueryString()
#1 /Users/eugeneburlak/work/php/rest/store/wp-includes/template-loader.php(106): include('/Users/eugenebu...')
#2 /Users/eugeneburlak/work/php/rest/store/wp-blog-header.php(19): require_once('/Users/eugenebu...')
#3 /Users/eugeneburlak/work/php/rest/store/index.php(17): require('/Users/eugenebu...')
#4 {main}
  thrown in /Users/eugeneburlak/work/php/rest/store/wp-content/themes/burlak/functions.php on line 461

2021-09-09T20:22:05+00:00 CRITICAL Uncaught ArgumentCountError: Too few arguments to function mergeQueryString(), 0 passed in /Users/eugeneburlak/work/php/rest/store/wp-content/themes/burlak/archive-product.php on line 15 and exactly 1 expected in /Users/eugeneburlak/work/php/rest/store/wp-content/themes/burlak/functions.php:461
Stack trace:
#0 /Users/eugeneburlak/work/php/rest/store/wp-content/themes/burlak/archive-product.php(15): mergeQueryString()
#1 /Users/eugeneburlak/work/php/rest/store/wp-includes/template-loader.php(106): include('/Users/eugenebu...')
#2 /Users/eugeneburlak/work/php/rest/store/wp-blog-header.php(19): require_once('/Users/eugenebu...')
#3 /Users/eugeneburlak/work/php/rest/store/index.php(17): require('/Users/eugenebu...')
#4 {main}
  thrown in /Users/eugeneburlak/work/php/rest/store/wp-content/themes/burlak/functions.php on line 461

2021-09-09T20:22:25+00:00 CRITICAL Uncaught ArgumentCountError: Too few arguments to function mergeQueryString(), 0 passed in /Users/eugeneburlak/work/php/rest/store/wp-content/themes/burlak/archive-product.php on line 15 and exactly 1 expected in /Users/eugeneburlak/work/php/rest/store/wp-content/themes/burlak/functions.php:461
Stack trace:
#0 /Users/eugeneburlak/work/php/rest/store/wp-content/themes/burlak/archive-product.php(15): mergeQueryString()
#1 /Users/eugeneburlak/work/php/rest/store/wp-includes/template-loader.php(106): include('/Users/eugenebu...')
#2 /Users/eugeneburlak/work/php/rest/store/wp-blog-header.php(19): require_once('/Users/eugenebu...')
#3 /Users/eugeneburlak/work/php/rest/store/index.php(17): require('/Users/eugenebu...')
#4 {main}
  thrown in /Users/eugeneburlak/work/php/rest/store/wp-content/themes/burlak/functions.php on line 461

2021-09-09T20:22:55+00:00 CRITICAL Uncaught ArgumentCountError: Too few arguments to function mergeQueryString(), 0 passed in /Users/eugeneburlak/work/php/rest/store/wp-content/themes/burlak/archive-product.php on line 14 and exactly 1 expected in /Users/eugeneburlak/work/php/rest/store/wp-content/themes/burlak/functions.php:461
Stack trace:
#0 /Users/eugeneburlak/work/php/rest/store/wp-content/themes/burlak/archive-product.php(14): mergeQueryString()
#1 /Users/eugeneburlak/work/php/rest/store/wp-includes/template-loader.php(106): include('/Users/eugenebu...')
#2 /Users/eugeneburlak/work/php/rest/store/wp-blog-header.php(19): require_once('/Users/eugenebu...')
#3 /Users/eugeneburlak/work/php/rest/store/index.php(17): require('/Users/eugenebu...')
#4 {main}
  thrown in /Users/eugeneburlak/work/php/rest/store/wp-content/themes/burlak/functions.php on line 461

2021-09-09T20:23:07+00:00 CRITICAL Uncaught ArgumentCountError: Too few arguments to function mergeQueryString(), 0 passed in /Users/eugeneburlak/work/php/rest/store/wp-content/themes/burlak/archive-product.php on line 31 and exactly 1 expected in /Users/eugeneburlak/work/php/rest/store/wp-content/themes/burlak/functions.php:461
Stack trace:
#0 /Users/eugeneburlak/work/php/rest/store/wp-content/themes/burlak/archive-product.php(31): mergeQueryString()
#1 /Users/eugeneburlak/work/php/rest/store/wp-includes/template-loader.php(106): include('/Users/eugenebu...')
#2 /Users/eugeneburlak/work/php/rest/store/wp-blog-header.php(19): require_once('/Users/eugenebu...')
#3 /Users/eugeneburlak/work/php/rest/store/index.php(17): require('/Users/eugenebu...')
#4 {main}
  thrown in /Users/eugeneburlak/work/php/rest/store/wp-content/themes/burlak/functions.php on line 461

