2021-08-09T14:34:02+00:00 CRITICAL syntax error, unexpected ';' in /Users/eugeneburlak/work/php/rest/store/wp-content/themes/burlak/cart/list.php on line 2

2021-08-09T14:34:07+00:00 CRITICAL syntax error, unexpected ';' in /Users/eugeneburlak/work/php/rest/store/wp-content/themes/burlak/cart/list.php on line 2

2021-08-09T14:54:12+00:00 CRITICAL syntax error, unexpected 'else' (T_ELSE) in /Users/eugeneburlak/work/php/rest/store/wp-content/themes/burlak/cart/list.php on line 29

2021-08-09T16:48:32+00:00 CRITICAL Uncaught Error: Call to a member function get_stock_quantity() on null in /Users/eugeneburlak/work/php/rest/store/wp-content/themes/burlak/cart/list.php:42
Stack trace:
#0 /Users/eugeneburlak/work/php/rest/store/wp-includes/template.php(772): require()
#1 /Users/eugeneburlak/work/php/rest/store/wp-includes/template.php(716): load_template('/Users/eugenebu...', false, Array)
#2 /Users/eugeneburlak/work/php/rest/store/wp-includes/general-template.php(204): locate_template(Array, true, false, Array)
#3 /Users/eugeneburlak/work/php/rest/store/wp-content/themes/burlak/cart/popup.php(10): get_template_part('cart/list')
#4 /Users/eugeneburlak/work/php/rest/store/wp-includes/template.php(772): require('/Users/eugenebu...')
#5 /Users/eugeneburlak/work/php/rest/store/wp-includes/template.php(716): load_template('/Users/eugenebu...', false, Array)
#6 /Users/eugeneburlak/work/php/rest/store/wp-includes/general-template.php(204): locate_template(Array, true, false, Array)
#7 /Users/eugeneburlak/work/php/rest/store/wp-cont in /Users/eugeneburlak/work/php/rest/store/wp-content/themes/burlak/cart/list.php on line 42

2021-08-09T20:39:52+00:00 CRITICAL syntax error, unexpected '<' in /Users/eugeneburlak/work/php/rest/store/wp-content/themes/burlak/cart/list.php on line 15

2021-08-09T20:59:30+00:00 CRITICAL Uncaught Error: Call to a member function get_id() on null in /Users/eugeneburlak/work/php/rest/store/wp-content/themes/burlak/cart/list.php:11
Stack trace:
#0 /Users/eugeneburlak/work/php/rest/store/wp-includes/template.php(772): require()
#1 /Users/eugeneburlak/work/php/rest/store/wp-includes/template.php(716): load_template('/Users/eugenebu...', false, Array)
#2 /Users/eugeneburlak/work/php/rest/store/wp-includes/general-template.php(204): locate_template(Array, true, false, Array)
#3 /Users/eugeneburlak/work/php/rest/store/wp-content/themes/burlak/cart/popup.php(10): get_template_part('cart/list')
#4 /Users/eugeneburlak/work/php/rest/store/wp-includes/template.php(772): require('/Users/eugenebu...')
#5 /Users/eugeneburlak/work/php/rest/store/wp-includes/template.php(716): load_template('/Users/eugenebu...', false, Array)
#6 /Users/eugeneburlak/work/php/rest/store/wp-includes/general-template.php(204): locate_template(Array, true, false, Array)
#7 /Users/eugeneburlak/work/php/rest/store/wp-content/themes/b in /Users/eugeneburlak/work/php/rest/store/wp-content/themes/burlak/cart/list.php on line 11

2021-08-09T20:59:44+00:00 CRITICAL Uncaught Error: Call to a member function get_id() on null in /Users/eugeneburlak/work/php/rest/store/wp-content/themes/burlak/cart/list.php:11
Stack trace:
#0 /Users/eugeneburlak/work/php/rest/store/wp-includes/template.php(772): require()
#1 /Users/eugeneburlak/work/php/rest/store/wp-includes/template.php(716): load_template('/Users/eugenebu...', false, Array)
#2 /Users/eugeneburlak/work/php/rest/store/wp-includes/general-template.php(204): locate_template(Array, true, false, Array)
#3 /Users/eugeneburlak/work/php/rest/store/wp-content/themes/burlak/cart/popup.php(10): get_template_part('cart/list')
#4 /Users/eugeneburlak/work/php/rest/store/wp-includes/template.php(772): require('/Users/eugenebu...')
#5 /Users/eugeneburlak/work/php/rest/store/wp-includes/template.php(716): load_template('/Users/eugenebu...', false, Array)
#6 /Users/eugeneburlak/work/php/rest/store/wp-includes/general-template.php(204): locate_template(Array, true, false, Array)
#7 /Users/eugeneburlak/work/php/rest/store/wp-content/themes/b in /Users/eugeneburlak/work/php/rest/store/wp-content/themes/burlak/cart/list.php on line 11

2021-08-09T21:02:20+00:00 CRITICAL Uncaught Error: Call to a member function get_id() on null in /Users/eugeneburlak/work/php/rest/store/wp-content/themes/burlak/cart/list.php:11
Stack trace:
#0 /Users/eugeneburlak/work/php/rest/store/wp-includes/template.php(772): require()
#1 /Users/eugeneburlak/work/php/rest/store/wp-includes/template.php(716): load_template('/Users/eugenebu...', false, Array)
#2 /Users/eugeneburlak/work/php/rest/store/wp-includes/general-template.php(204): locate_template(Array, true, false, Array)
#3 /Users/eugeneburlak/work/php/rest/store/wp-content/themes/burlak/cart/popup.php(10): get_template_part('cart/list')
#4 /Users/eugeneburlak/work/php/rest/store/wp-includes/template.php(772): require('/Users/eugenebu...')
#5 /Users/eugeneburlak/work/php/rest/store/wp-includes/template.php(716): load_template('/Users/eugenebu...', false, Array)
#6 /Users/eugeneburlak/work/php/rest/store/wp-includes/general-template.php(204): locate_template(Array, true, false, Array)
#7 /Users/eugeneburlak/work/php/rest/store/wp-content/themes/b in /Users/eugeneburlak/work/php/rest/store/wp-content/themes/burlak/cart/list.php on line 11

