2021-08-11T13:46:41+00:00 CRITICAL Uncaught Error: Call to undefined method WC_Shipping::get_available_shipping_methods() in /Users/eugeneburlak/work/php/rest/store/wp-content/themes/burlak/blocks/delivery.php:9
Stack trace:
#0 /Users/eugeneburlak/work/php/rest/store/wp-includes/template.php(772): require()
#1 /Users/eugeneburlak/work/php/rest/store/wp-includes/template.php(716): load_template('/Users/eugenebu...', false, Array)
#2 /Users/eugeneburlak/work/php/rest/store/wp-includes/general-template.php(204): locate_template(Array, true, false, Array)
#3 /Users/eugeneburlak/work/php/rest/store/wp-content/themes/burlak/index.php(4): get_template_part('blocks/delivery')
#4 /Users/eugeneburlak/work/php/rest/store/wp-includes/template-loader.php(106): include('/Users/eugenebu...')
#5 /Users/eugeneburlak/work/php/rest/store/wp-blog-header.php(19): require_once('/Users/eugenebu...')
#6 /Users/eugeneburlak/work/php/rest/store/index.php(17): require('/Users/eugenebu...')
#7 {main}
  thrown in /Users/eugeneburlak/work/php/rest/store/wp-content/themes/burlak/blocks/delivery.php on line 9

2021-08-11T13:46:45+00:00 CRITICAL Uncaught Error: Call to undefined method WC_Shipping::load_available_shipping_methods() in /Users/eugeneburlak/work/php/rest/store/wp-content/themes/burlak/blocks/delivery.php:9
Stack trace:
#0 /Users/eugeneburlak/work/php/rest/store/wp-includes/template.php(772): require()
#1 /Users/eugeneburlak/work/php/rest/store/wp-includes/template.php(716): load_template('/Users/eugenebu...', false, Array)
#2 /Users/eugeneburlak/work/php/rest/store/wp-includes/general-template.php(204): locate_template(Array, true, false, Array)
#3 /Users/eugeneburlak/work/php/rest/store/wp-content/themes/burlak/index.php(4): get_template_part('blocks/delivery')
#4 /Users/eugeneburlak/work/php/rest/store/wp-includes/template-loader.php(106): include('/Users/eugenebu...')
#5 /Users/eugeneburlak/work/php/rest/store/wp-blog-header.php(19): require_once('/Users/eugenebu...')
#6 /Users/eugeneburlak/work/php/rest/store/index.php(17): require('/Users/eugenebu...')
#7 {main}
  thrown in /Users/eugeneburlak/work/php/rest/store/wp-content/themes/burlak/blocks/delivery.php on line 9

2021-08-11T13:50:41+00:00 CRITICAL Uncaught Error: Call to undefined method WC_Shipping::get_active_shipping_methods() in /Users/eugeneburlak/work/php/rest/store/wp-content/themes/burlak/blocks/delivery.php:9
Stack trace:
#0 /Users/eugeneburlak/work/php/rest/store/wp-includes/template.php(772): require()
#1 /Users/eugeneburlak/work/php/rest/store/wp-includes/template.php(716): load_template('/Users/eugenebu...', false, Array)
#2 /Users/eugeneburlak/work/php/rest/store/wp-includes/general-template.php(204): locate_template(Array, true, false, Array)
#3 /Users/eugeneburlak/work/php/rest/store/wp-content/themes/burlak/index.php(4): get_template_part('blocks/delivery')
#4 /Users/eugeneburlak/work/php/rest/store/wp-includes/template-loader.php(106): include('/Users/eugenebu...')
#5 /Users/eugeneburlak/work/php/rest/store/wp-blog-header.php(19): require_once('/Users/eugenebu...')
#6 /Users/eugeneburlak/work/php/rest/store/index.php(17): require('/Users/eugenebu...')
#7 {main}
  thrown in /Users/eugeneburlak/work/php/rest/store/wp-content/themes/burlak/blocks/delivery.php on line 9

2021-08-11T13:52:20+00:00 CRITICAL Uncaught Error: Call to undefined method WC_Shipping::get_active_shipping_methods() in /Users/eugeneburlak/work/php/rest/store/wp-content/themes/burlak/blocks/delivery.php:9
Stack trace:
#0 /Users/eugeneburlak/work/php/rest/store/wp-includes/template.php(772): require()
#1 /Users/eugeneburlak/work/php/rest/store/wp-includes/template.php(716): load_template('/Users/eugenebu...', false, Array)
#2 /Users/eugeneburlak/work/php/rest/store/wp-includes/general-template.php(204): locate_template(Array, true, false, Array)
#3 /Users/eugeneburlak/work/php/rest/store/wp-content/themes/burlak/index.php(4): get_template_part('blocks/delivery')
#4 /Users/eugeneburlak/work/php/rest/store/wp-includes/template-loader.php(106): include('/Users/eugenebu...')
#5 /Users/eugeneburlak/work/php/rest/store/wp-blog-header.php(19): require_once('/Users/eugenebu...')
#6 /Users/eugeneburlak/work/php/rest/store/index.php(17): require('/Users/eugenebu...')
#7 {main}
  thrown in /Users/eugeneburlak/work/php/rest/store/wp-content/themes/burlak/blocks/delivery.php on line 9

2021-08-11T14:08:25+00:00 CRITICAL Uncaught ArgumentCountError: Too few arguments to function WC_Session::set(), 1 passed in /Users/eugeneburlak/work/php/rest/store/wp-content/themes/burlak/blocks/shipping.php on line 5 and exactly 2 expected in /Users/eugeneburlak/work/php/rest/store/wp-content/plugins/woocommerce/includes/abstracts/abstract-wc-session.php:112
Stack trace:
#0 /Users/eugeneburlak/work/php/rest/store/wp-content/themes/burlak/blocks/shipping.php(5): WC_Session->set('shipping')
#1 /Users/eugeneburlak/work/php/rest/store/wp-includes/template.php(772): require('/Users/eugenebu...')
#2 /Users/eugeneburlak/work/php/rest/store/wp-includes/template.php(716): load_template('/Users/eugenebu...', false, Array)
#3 /Users/eugeneburlak/work/php/rest/store/wp-includes/general-template.php(204): locate_template(Array, true, false, Array)
#4 /Users/eugeneburlak/work/php/rest/store/wp-content/themes/burlak/index.php(4): get_template_part('blocks/shipping')
#5 /Users/eugeneburlak/work/php/rest/store/wp-includes/template-loader.php(106): include(' in /Users/eugeneburlak/work/php/rest/store/wp-content/plugins/woocommerce/includes/abstracts/abstract-wc-session.php on line 112

