2021-12-24T13:39:34+00:00 CRITICAL Uncaught ArgumentCountError: Too few arguments to function load_template_part(), 1 passed in /Users/eugeneburlak/work/php/rest/store/wp-content/themes/burlak/shipping-and-payment/page.php on line 13 and exactly 2 expected in /Users/eugeneburlak/work/php/rest/store/wp-content/themes/burlak/functions.php:454
Stack trace:
#0 /Users/eugeneburlak/work/php/rest/store/wp-content/themes/burlak/shipping-and-payment/page.php(13): load_template_part('shipping-and-pa...')
#1 /Users/eugeneburlak/work/php/rest/store/wp-content/themes/burlak/functions.php(204): require('/Users/eugenebu...')
#2 /Users/eugeneburlak/work/php/rest/store/wp-content/themes/burlak/page-shipping-and-payment.php(3): my_get_template_part('shipping-and-pa...', Array)
#3 /Users/eugeneburlak/work/php/rest/store/wp-includes/template-loader.php(106): include('/Users/eugenebu...')
#4 /Users/eugeneburlak/work/php/rest/store/wp-blog-header.php(19): require_once('/Users/eugenebu...')
#5 /Users/eugeneburlak/work/php/rest/store/index.php(17): require('/Users/eu in /Users/eugeneburlak/work/php/rest/store/wp-content/themes/burlak/functions.php on line 454

2021-12-24T13:40:25+00:00 CRITICAL Uncaught ArgumentCountError: Too few arguments to function load_template_part(), 1 passed in /Users/eugeneburlak/work/php/rest/store/wp-content/themes/burlak/shipping-and-payment/page.php on line 13 and exactly 2 expected in /Users/eugeneburlak/work/php/rest/store/wp-content/themes/burlak/functions.php:454
Stack trace:
#0 /Users/eugeneburlak/work/php/rest/store/wp-content/themes/burlak/shipping-and-payment/page.php(13): load_template_part('shipping-and-pa...')
#1 /Users/eugeneburlak/work/php/rest/store/wp-content/themes/burlak/functions.php(204): require('/Users/eugenebu...')
#2 /Users/eugeneburlak/work/php/rest/store/wp-content/themes/burlak/page-shipping-and-payment.php(3): my_get_template_part('shipping-and-pa...', Array)
#3 /Users/eugeneburlak/work/php/rest/store/wp-includes/template-loader.php(106): include('/Users/eugenebu...')
#4 /Users/eugeneburlak/work/php/rest/store/wp-blog-header.php(19): require_once('/Users/eugenebu...')
#5 /Users/eugeneburlak/work/php/rest/store/index.php(17): require('/Users/eu in /Users/eugeneburlak/work/php/rest/store/wp-content/themes/burlak/functions.php on line 454

2021-12-24T13:40:32+00:00 CRITICAL Uncaught ArgumentCountError: Too few arguments to function load_template_part(), 1 passed in /Users/eugeneburlak/work/php/rest/store/wp-content/themes/burlak/shipping-and-payment/page.php on line 13 and exactly 2 expected in /Users/eugeneburlak/work/php/rest/store/wp-content/themes/burlak/functions.php:454
Stack trace:
#0 /Users/eugeneburlak/work/php/rest/store/wp-content/themes/burlak/shipping-and-payment/page.php(13): load_template_part('shipping-and-pa...')
#1 /Users/eugeneburlak/work/php/rest/store/wp-content/themes/burlak/functions.php(204): require('/Users/eugenebu...')
#2 /Users/eugeneburlak/work/php/rest/store/wp-content/themes/burlak/page-shipping-and-payment.php(3): my_get_template_part('shipping-and-pa...', Array)
#3 /Users/eugeneburlak/work/php/rest/store/wp-includes/template-loader.php(106): include('/Users/eugenebu...')
#4 /Users/eugeneburlak/work/php/rest/store/wp-blog-header.php(19): require_once('/Users/eugenebu...')
#5 /Users/eugeneburlak/work/php/rest/store/index.php(17): require('/Users/eu in /Users/eugeneburlak/work/php/rest/store/wp-content/themes/burlak/functions.php on line 454

2021-12-24T13:40:51+00:00 CRITICAL Uncaught ArgumentCountError: Too few arguments to function load_template_part(), 1 passed in /Users/eugeneburlak/work/php/rest/store/wp-content/themes/burlak/shipping-and-payment/page.php on line 13 and exactly 2 expected in /Users/eugeneburlak/work/php/rest/store/wp-content/themes/burlak/functions.php:454
Stack trace:
#0 /Users/eugeneburlak/work/php/rest/store/wp-content/themes/burlak/shipping-and-payment/page.php(13): load_template_part('shipping-and-pa...')
#1 /Users/eugeneburlak/work/php/rest/store/wp-content/themes/burlak/functions.php(204): require('/Users/eugenebu...')
#2 /Users/eugeneburlak/work/php/rest/store/wp-content/themes/burlak/page-shipping-and-payment.php(3): my_get_template_part('shipping-and-pa...', Array)
#3 /Users/eugeneburlak/work/php/rest/store/wp-includes/template-loader.php(106): include('/Users/eugenebu...')
#4 /Users/eugeneburlak/work/php/rest/store/wp-blog-header.php(19): require_once('/Users/eugenebu...')
#5 /Users/eugeneburlak/work/php/rest/store/index.php(17): require('/Users/eu in /Users/eugeneburlak/work/php/rest/store/wp-content/themes/burlak/functions.php on line 454

2021-12-24T13:40:53+00:00 CRITICAL Uncaught ArgumentCountError: Too few arguments to function load_template_part(), 1 passed in /Users/eugeneburlak/work/php/rest/store/wp-content/themes/burlak/shipping-and-payment/page.php on line 13 and exactly 2 expected in /Users/eugeneburlak/work/php/rest/store/wp-content/themes/burlak/functions.php:454
Stack trace:
#0 /Users/eugeneburlak/work/php/rest/store/wp-content/themes/burlak/shipping-and-payment/page.php(13): load_template_part('shipping-and-pa...')
#1 /Users/eugeneburlak/work/php/rest/store/wp-content/themes/burlak/functions.php(204): require('/Users/eugenebu...')
#2 /Users/eugeneburlak/work/php/rest/store/wp-content/themes/burlak/page-shipping-and-payment.php(3): my_get_template_part('shipping-and-pa...', Array)
#3 /Users/eugeneburlak/work/php/rest/store/wp-includes/template-loader.php(106): include('/Users/eugenebu...')
#4 /Users/eugeneburlak/work/php/rest/store/wp-blog-header.php(19): require_once('/Users/eugenebu...')
#5 /Users/eugeneburlak/work/php/rest/store/index.php(17): require('/Users/eu in /Users/eugeneburlak/work/php/rest/store/wp-content/themes/burlak/functions.php on line 454

2021-12-24T13:40:57+00:00 CRITICAL Uncaught ArgumentCountError: Too few arguments to function load_template_part(), 1 passed in /Users/eugeneburlak/work/php/rest/store/wp-content/themes/burlak/shipping-and-payment/page.php on line 13 and exactly 2 expected in /Users/eugeneburlak/work/php/rest/store/wp-content/themes/burlak/functions.php:454
Stack trace:
#0 /Users/eugeneburlak/work/php/rest/store/wp-content/themes/burlak/shipping-and-payment/page.php(13): load_template_part('shipping-and-pa...')
#1 /Users/eugeneburlak/work/php/rest/store/wp-content/themes/burlak/functions.php(204): require('/Users/eugenebu...')
#2 /Users/eugeneburlak/work/php/rest/store/wp-content/themes/burlak/page-shipping-and-payment.php(3): my_get_template_part('shipping-and-pa...', Array)
#3 /Users/eugeneburlak/work/php/rest/store/wp-includes/template-loader.php(106): include('/Users/eugenebu...')
#4 /Users/eugeneburlak/work/php/rest/store/wp-blog-header.php(19): require_once('/Users/eugenebu...')
#5 /Users/eugeneburlak/work/php/rest/store/index.php(17): require('/Users/eu in /Users/eugeneburlak/work/php/rest/store/wp-content/themes/burlak/functions.php on line 454

2021-12-24T13:41:06+00:00 CRITICAL Uncaught ArgumentCountError: Too few arguments to function load_template_part(), 1 passed in /Users/eugeneburlak/work/php/rest/store/wp-content/themes/burlak/shipping-and-payment/page.php on line 13 and exactly 2 expected in /Users/eugeneburlak/work/php/rest/store/wp-content/themes/burlak/functions.php:454
Stack trace:
#0 /Users/eugeneburlak/work/php/rest/store/wp-content/themes/burlak/shipping-and-payment/page.php(13): load_template_part('shipping-and-pa...')
#1 /Users/eugeneburlak/work/php/rest/store/wp-content/themes/burlak/functions.php(204): require('/Users/eugenebu...')
#2 /Users/eugeneburlak/work/php/rest/store/wp-content/themes/burlak/page-shipping-and-payment.php(3): my_get_template_part('shipping-and-pa...', Array)
#3 /Users/eugeneburlak/work/php/rest/store/wp-includes/template-loader.php(106): include('/Users/eugenebu...')
#4 /Users/eugeneburlak/work/php/rest/store/wp-blog-header.php(19): require_once('/Users/eugenebu...')
#5 /Users/eugeneburlak/work/php/rest/store/index.php(17): require('/Users/eu in /Users/eugeneburlak/work/php/rest/store/wp-content/themes/burlak/functions.php on line 454

2021-12-24T13:42:00+00:00 CRITICAL Uncaught ArgumentCountError: Too few arguments to function load_template_part(), 1 passed in /Users/eugeneburlak/work/php/rest/store/wp-content/themes/burlak/shipping-and-payment/page.php on line 13 and exactly 2 expected in /Users/eugeneburlak/work/php/rest/store/wp-content/themes/burlak/functions.php:454
Stack trace:
#0 /Users/eugeneburlak/work/php/rest/store/wp-content/themes/burlak/shipping-and-payment/page.php(13): load_template_part('shipping-and-pa...')
#1 /Users/eugeneburlak/work/php/rest/store/wp-content/themes/burlak/functions.php(204): require('/Users/eugenebu...')
#2 /Users/eugeneburlak/work/php/rest/store/wp-content/themes/burlak/page-shipping-and-payment.php(3): my_get_template_part('shipping-and-pa...', Array)
#3 /Users/eugeneburlak/work/php/rest/store/wp-includes/template-loader.php(106): include('/Users/eugenebu...')
#4 /Users/eugeneburlak/work/php/rest/store/wp-blog-header.php(19): require_once('/Users/eugenebu...')
#5 /Users/eugeneburlak/work/php/rest/store/index.php(17): require('/Users/eu in /Users/eugeneburlak/work/php/rest/store/wp-content/themes/burlak/functions.php on line 454

2021-12-24T14:30:31+00:00 CRITICAL syntax error, unexpected '>' in /Users/eugeneburlak/work/php/rest/store/wp-content/themes/burlak/shipping-and-payment/page.php on line 8

2021-12-24T14:30:39+00:00 CRITICAL syntax error, unexpected '>' in /Users/eugeneburlak/work/php/rest/store/wp-content/themes/burlak/shipping-and-payment/page.php on line 8

2021-12-24T14:31:17+00:00 CRITICAL syntax error, unexpected '>' in /Users/eugeneburlak/work/php/rest/store/wp-content/themes/burlak/shipping-and-payment/page.php on line 8

2021-12-24T14:31:25+00:00 CRITICAL syntax error, unexpected ';', expecting ')' in /Users/eugeneburlak/work/php/rest/store/wp-content/themes/burlak/shipping-and-payment/page.php on line 33

2021-12-24T14:31:42+00:00 CRITICAL syntax error, unexpected ';', expecting ')' in /Users/eugeneburlak/work/php/rest/store/wp-content/themes/burlak/shipping-and-payment/page.php on line 34

2021-12-24T14:33:02+00:00 CRITICAL syntax error, unexpected ';', expecting ')' in /Users/eugeneburlak/work/php/rest/store/wp-content/themes/burlak/shipping-and-payment/page.php on line 34

2021-12-24T14:34:13+00:00 CRITICAL syntax error, unexpected ';', expecting ')' in /Users/eugeneburlak/work/php/rest/store/wp-content/themes/burlak/shipping-and-payment/page.php on line 34

2021-12-24T14:34:50+00:00 CRITICAL syntax error, unexpected ';', expecting ')' in /Users/eugeneburlak/work/php/rest/store/wp-content/themes/burlak/shipping-and-payment/page.php on line 34

2021-12-24T14:35:16+00:00 CRITICAL syntax error, unexpected ';', expecting ')' in /Users/eugeneburlak/work/php/rest/store/wp-content/themes/burlak/shipping-and-payment/page.php on line 34

2021-12-24T14:36:38+00:00 CRITICAL syntax error, unexpected '>' in /Users/eugeneburlak/work/php/rest/store/wp-content/themes/burlak/shipping-and-payment/page.php on line 8

