2021-08-10T06:13:59+00:00 CRITICAL Uncaught Error: Cannot use object of type WC_Product_Simple as array in /Users/eugeneburlak/work/php/rest/store/wp-content/themes/burlak/product/item--cart.php:2
Stack trace:
#0 /Users/eugeneburlak/work/php/rest/store/wp-content/themes/burlak/functions.php(181): require()
#1 /Users/eugeneburlak/work/php/rest/store/wp-content/themes/burlak/cart/list.php(14): my_get_template_part('product/item--c...', Array)
#2 /Users/eugeneburlak/work/php/rest/store/wp-includes/template.php(772): require('/Users/eugenebu...')
#3 /Users/eugeneburlak/work/php/rest/store/wp-includes/template.php(716): load_template('/Users/eugenebu...', false, Array)
#4 /Users/eugeneburlak/work/php/rest/store/wp-includes/general-template.php(204): locate_template(Array, true, false, Array)
#5 /Users/eugeneburlak/work/php/rest/store/wp-content/themes/burlak/cart/popup.php(10): get_template_part('cart/list')
#6 /Users/eugeneburlak/work/php/rest/store/wp-includes/template.php(772): require('/Users/eugenebu...')
#7 /Users/eugeneburlak/work/php/rest/s in /Users/eugeneburlak/work/php/rest/store/wp-content/themes/burlak/product/item--cart.php on line 2

2021-08-10T06:14:27+00:00 CRITICAL Uncaught Error: Cannot use object of type WC_Product_Simple as array in /Users/eugeneburlak/work/php/rest/store/wp-content/themes/burlak/product/item--cart.php:2
Stack trace:
#0 /Users/eugeneburlak/work/php/rest/store/wp-content/themes/burlak/functions.php(181): require()
#1 /Users/eugeneburlak/work/php/rest/store/wp-content/themes/burlak/cart/list.php(14): my_get_template_part('product/item--c...', Array)
#2 /Users/eugeneburlak/work/php/rest/store/wp-includes/template.php(772): require('/Users/eugenebu...')
#3 /Users/eugeneburlak/work/php/rest/store/wp-includes/template.php(716): load_template('/Users/eugenebu...', false, Array)
#4 /Users/eugeneburlak/work/php/rest/store/wp-includes/general-template.php(204): locate_template(Array, true, false, Array)
#5 /Users/eugeneburlak/work/php/rest/store/wp-content/themes/burlak/cart/popup.php(10): get_template_part('cart/list')
#6 /Users/eugeneburlak/work/php/rest/store/wp-includes/template.php(772): require('/Users/eugenebu...')
#7 /Users/eugeneburlak/work/php/rest/s in /Users/eugeneburlak/work/php/rest/store/wp-content/themes/burlak/product/item--cart.php on line 2

2021-08-10T06:14:30+00:00 CRITICAL Uncaught Error: Cannot use object of type WC_Product_Simple as array in /Users/eugeneburlak/work/php/rest/store/wp-content/themes/burlak/product/item--cart.php:2
Stack trace:
#0 /Users/eugeneburlak/work/php/rest/store/wp-content/themes/burlak/functions.php(181): require()
#1 /Users/eugeneburlak/work/php/rest/store/wp-content/themes/burlak/cart/list.php(14): my_get_template_part('product/item--c...', Array)
#2 /Users/eugeneburlak/work/php/rest/store/wp-includes/template.php(772): require('/Users/eugenebu...')
#3 /Users/eugeneburlak/work/php/rest/store/wp-includes/template.php(716): load_template('/Users/eugenebu...', false, Array)
#4 /Users/eugeneburlak/work/php/rest/store/wp-includes/general-template.php(204): locate_template(Array, true, false, Array)
#5 /Users/eugeneburlak/work/php/rest/store/wp-content/themes/burlak/cart/popup.php(10): get_template_part('cart/list')
#6 /Users/eugeneburlak/work/php/rest/store/wp-includes/template.php(772): require('/Users/eugenebu...')
#7 /Users/eugeneburlak/work/php/rest/s in /Users/eugeneburlak/work/php/rest/store/wp-content/themes/burlak/product/item--cart.php on line 2

2021-08-10T06:15:43+00:00 CRITICAL Uncaught Error: Cannot use object of type WC_Product_Simple as array in /Users/eugeneburlak/work/php/rest/store/wp-content/themes/burlak/product/item--cart.php:2
Stack trace:
#0 /Users/eugeneburlak/work/php/rest/store/wp-content/themes/burlak/functions.php(181): require()
#1 /Users/eugeneburlak/work/php/rest/store/wp-content/themes/burlak/cart/list.php(14): my_get_template_part('product/item--c...', Array)
#2 /Users/eugeneburlak/work/php/rest/store/wp-includes/template.php(772): require('/Users/eugenebu...')
#3 /Users/eugeneburlak/work/php/rest/store/wp-includes/template.php(716): load_template('/Users/eugenebu...', false, Array)
#4 /Users/eugeneburlak/work/php/rest/store/wp-includes/general-template.php(204): locate_template(Array, true, false, Array)
#5 /Users/eugeneburlak/work/php/rest/store/wp-content/themes/burlak/cart/popup.php(10): get_template_part('cart/list')
#6 /Users/eugeneburlak/work/php/rest/store/wp-includes/template.php(772): require('/Users/eugenebu...')
#7 /Users/eugeneburlak/work/php/rest/s in /Users/eugeneburlak/work/php/rest/store/wp-content/themes/burlak/product/item--cart.php on line 2

2021-08-10T06:15:46+00:00 CRITICAL Uncaught Error: Cannot use object of type WC_Product_Simple as array in /Users/eugeneburlak/work/php/rest/store/wp-content/themes/burlak/product/item--cart.php:2
Stack trace:
#0 /Users/eugeneburlak/work/php/rest/store/wp-content/themes/burlak/functions.php(181): require()
#1 /Users/eugeneburlak/work/php/rest/store/wp-content/themes/burlak/cart/list.php(14): my_get_template_part('product/item--c...', Array)
#2 /Users/eugeneburlak/work/php/rest/store/wp-includes/template.php(772): require('/Users/eugenebu...')
#3 /Users/eugeneburlak/work/php/rest/store/wp-includes/template.php(716): load_template('/Users/eugenebu...', false, Array)
#4 /Users/eugeneburlak/work/php/rest/store/wp-includes/general-template.php(204): locate_template(Array, true, false, Array)
#5 /Users/eugeneburlak/work/php/rest/store/wp-content/themes/burlak/cart/popup.php(10): get_template_part('cart/list')
#6 /Users/eugeneburlak/work/php/rest/store/wp-includes/template.php(772): require('/Users/eugenebu...')
#7 /Users/eugeneburlak/work/php/rest/s in /Users/eugeneburlak/work/php/rest/store/wp-content/themes/burlak/product/item--cart.php on line 2

2021-08-10T06:15:58+00:00 CRITICAL Uncaught Error: Cannot use object of type WC_Product_Simple as array in /Users/eugeneburlak/work/php/rest/store/wp-content/themes/burlak/product/item--cart.php:2
Stack trace:
#0 /Users/eugeneburlak/work/php/rest/store/wp-content/themes/burlak/functions.php(181): require()
#1 /Users/eugeneburlak/work/php/rest/store/wp-content/themes/burlak/cart/list.php(14): my_get_template_part('product/item--c...', Array)
#2 /Users/eugeneburlak/work/php/rest/store/wp-includes/template.php(772): require('/Users/eugenebu...')
#3 /Users/eugeneburlak/work/php/rest/store/wp-includes/template.php(716): load_template('/Users/eugenebu...', false, Array)
#4 /Users/eugeneburlak/work/php/rest/store/wp-includes/general-template.php(204): locate_template(Array, true, false, Array)
#5 /Users/eugeneburlak/work/php/rest/store/wp-content/themes/burlak/cart/popup.php(10): get_template_part('cart/list')
#6 /Users/eugeneburlak/work/php/rest/store/wp-includes/template.php(772): require('/Users/eugenebu...')
#7 /Users/eugeneburlak/work/php/rest/s in /Users/eugeneburlak/work/php/rest/store/wp-content/themes/burlak/product/item--cart.php on line 2

2021-08-10T06:16:20+00:00 CRITICAL Uncaught Error: Cannot use object of type WC_Product_Simple as array in /Users/eugeneburlak/work/php/rest/store/wp-content/themes/burlak/product/item--cart.php:2
Stack trace:
#0 /Users/eugeneburlak/work/php/rest/store/wp-content/themes/burlak/functions.php(181): require()
#1 /Users/eugeneburlak/work/php/rest/store/wp-content/themes/burlak/cart/list.php(14): my_get_template_part('product/item--c...', Array)
#2 /Users/eugeneburlak/work/php/rest/store/wp-includes/template.php(772): require('/Users/eugenebu...')
#3 /Users/eugeneburlak/work/php/rest/store/wp-includes/template.php(716): load_template('/Users/eugenebu...', false, Array)
#4 /Users/eugeneburlak/work/php/rest/store/wp-includes/general-template.php(204): locate_template(Array, true, false, Array)
#5 /Users/eugeneburlak/work/php/rest/store/wp-content/themes/burlak/cart/popup.php(10): get_template_part('cart/list')
#6 /Users/eugeneburlak/work/php/rest/store/wp-includes/template.php(772): require('/Users/eugenebu...')
#7 /Users/eugeneburlak/work/php/rest/s in /Users/eugeneburlak/work/php/rest/store/wp-content/themes/burlak/product/item--cart.php on line 2

2021-08-10T06:16:29+00:00 CRITICAL Uncaught Error: Cannot use object of type WC_Product_Simple as array in /Users/eugeneburlak/work/php/rest/store/wp-content/themes/burlak/product/item--cart.php:2
Stack trace:
#0 /Users/eugeneburlak/work/php/rest/store/wp-content/themes/burlak/functions.php(181): require()
#1 /Users/eugeneburlak/work/php/rest/store/wp-content/themes/burlak/cart/list.php(14): my_get_template_part('product/item--c...', Array)
#2 /Users/eugeneburlak/work/php/rest/store/wp-includes/template.php(772): require('/Users/eugenebu...')
#3 /Users/eugeneburlak/work/php/rest/store/wp-includes/template.php(716): load_template('/Users/eugenebu...', false, Array)
#4 /Users/eugeneburlak/work/php/rest/store/wp-includes/general-template.php(204): locate_template(Array, true, false, Array)
#5 /Users/eugeneburlak/work/php/rest/store/wp-content/themes/burlak/cart/popup.php(10): get_template_part('cart/list')
#6 /Users/eugeneburlak/work/php/rest/store/wp-includes/template.php(772): require('/Users/eugenebu...')
#7 /Users/eugeneburlak/work/php/rest/s in /Users/eugeneburlak/work/php/rest/store/wp-content/themes/burlak/product/item--cart.php on line 2

2021-08-10T06:16:40+00:00 CRITICAL Uncaught Error: Cannot use object of type WC_Product_Simple as array in /Users/eugeneburlak/work/php/rest/store/wp-content/themes/burlak/product/item--cart.php:3
Stack trace:
#0 /Users/eugeneburlak/work/php/rest/store/wp-content/themes/burlak/functions.php(181): require()
#1 /Users/eugeneburlak/work/php/rest/store/wp-content/themes/burlak/cart/list.php(14): my_get_template_part('product/item--c...', Array)
#2 /Users/eugeneburlak/work/php/rest/store/wp-includes/template.php(772): require('/Users/eugenebu...')
#3 /Users/eugeneburlak/work/php/rest/store/wp-includes/template.php(716): load_template('/Users/eugenebu...', false, Array)
#4 /Users/eugeneburlak/work/php/rest/store/wp-includes/general-template.php(204): locate_template(Array, true, false, Array)
#5 /Users/eugeneburlak/work/php/rest/store/wp-content/themes/burlak/cart/popup.php(10): get_template_part('cart/list')
#6 /Users/eugeneburlak/work/php/rest/store/wp-includes/template.php(772): require('/Users/eugenebu...')
#7 /Users/eugeneburlak/work/php/rest/s in /Users/eugeneburlak/work/php/rest/store/wp-content/themes/burlak/product/item--cart.php on line 3

2021-08-10T06:17:13+00:00 CRITICAL Uncaught Error: Cannot use object of type WC_Product_Simple as array in /Users/eugeneburlak/work/php/rest/store/wp-content/themes/burlak/product/item--cart.php:2
Stack trace:
#0 /Users/eugeneburlak/work/php/rest/store/wp-content/themes/burlak/functions.php(181): require()
#1 /Users/eugeneburlak/work/php/rest/store/wp-content/themes/burlak/cart/list.php(14): my_get_template_part('product/item--c...', Array)
#2 /Users/eugeneburlak/work/php/rest/store/wp-includes/template.php(772): require('/Users/eugenebu...')
#3 /Users/eugeneburlak/work/php/rest/store/wp-includes/template.php(716): load_template('/Users/eugenebu...', false, Array)
#4 /Users/eugeneburlak/work/php/rest/store/wp-includes/general-template.php(204): locate_template(Array, true, false, Array)
#5 /Users/eugeneburlak/work/php/rest/store/wp-content/themes/burlak/cart/popup.php(10): get_template_part('cart/list')
#6 /Users/eugeneburlak/work/php/rest/store/wp-includes/template.php(772): require('/Users/eugenebu...')
#7 /Users/eugeneburlak/work/php/rest/s in /Users/eugeneburlak/work/php/rest/store/wp-content/themes/burlak/product/item--cart.php on line 2

2021-08-10T06:17:21+00:00 CRITICAL Uncaught Error: Cannot use object of type WC_Product_Simple as array in /Users/eugeneburlak/work/php/rest/store/wp-content/themes/burlak/product/item--cart.php:2
Stack trace:
#0 /Users/eugeneburlak/work/php/rest/store/wp-content/themes/burlak/functions.php(181): require()
#1 /Users/eugeneburlak/work/php/rest/store/wp-content/themes/burlak/cart/list.php(14): my_get_template_part('product/item--c...', Array)
#2 /Users/eugeneburlak/work/php/rest/store/wp-includes/template.php(772): require('/Users/eugenebu...')
#3 /Users/eugeneburlak/work/php/rest/store/wp-includes/template.php(716): load_template('/Users/eugenebu...', false, Array)
#4 /Users/eugeneburlak/work/php/rest/store/wp-includes/general-template.php(204): locate_template(Array, true, false, Array)
#5 /Users/eugeneburlak/work/php/rest/store/wp-content/themes/burlak/cart/popup.php(10): get_template_part('cart/list')
#6 /Users/eugeneburlak/work/php/rest/store/wp-includes/template.php(772): require('/Users/eugenebu...')
#7 /Users/eugeneburlak/work/php/rest/s in /Users/eugeneburlak/work/php/rest/store/wp-content/themes/burlak/product/item--cart.php on line 2

2021-08-10T06:17:33+00:00 CRITICAL Uncaught Error: Cannot use object of type WC_Product_Simple as array in /Users/eugeneburlak/work/php/rest/store/wp-content/themes/burlak/product/item--cart.php:2
Stack trace:
#0 /Users/eugeneburlak/work/php/rest/store/wp-content/themes/burlak/functions.php(181): require()
#1 /Users/eugeneburlak/work/php/rest/store/wp-content/themes/burlak/cart/list.php(14): my_get_template_part('product/item--c...', Array)
#2 /Users/eugeneburlak/work/php/rest/store/wp-includes/template.php(772): require('/Users/eugenebu...')
#3 /Users/eugeneburlak/work/php/rest/store/wp-includes/template.php(716): load_template('/Users/eugenebu...', false, Array)
#4 /Users/eugeneburlak/work/php/rest/store/wp-includes/general-template.php(204): locate_template(Array, true, false, Array)
#5 /Users/eugeneburlak/work/php/rest/store/wp-content/themes/burlak/cart/popup.php(10): get_template_part('cart/list')
#6 /Users/eugeneburlak/work/php/rest/store/wp-includes/template.php(772): require('/Users/eugenebu...')
#7 /Users/eugeneburlak/work/php/rest/s in /Users/eugeneburlak/work/php/rest/store/wp-content/themes/burlak/product/item--cart.php on line 2

2021-08-10T06:17:41+00:00 CRITICAL Uncaught Error: Cannot use object of type WC_Product_Simple as array in /Users/eugeneburlak/work/php/rest/store/wp-content/themes/burlak/product/item--cart.php:2
Stack trace:
#0 /Users/eugeneburlak/work/php/rest/store/wp-content/themes/burlak/functions.php(181): require()
#1 /Users/eugeneburlak/work/php/rest/store/wp-content/themes/burlak/cart/list.php(14): my_get_template_part('product/item--c...', Array)
#2 /Users/eugeneburlak/work/php/rest/store/wp-includes/template.php(772): require('/Users/eugenebu...')
#3 /Users/eugeneburlak/work/php/rest/store/wp-includes/template.php(716): load_template('/Users/eugenebu...', false, Array)
#4 /Users/eugeneburlak/work/php/rest/store/wp-includes/general-template.php(204): locate_template(Array, true, false, Array)
#5 /Users/eugeneburlak/work/php/rest/store/wp-content/themes/burlak/cart/popup.php(10): get_template_part('cart/list')
#6 /Users/eugeneburlak/work/php/rest/store/wp-includes/template.php(772): require('/Users/eugenebu...')
#7 /Users/eugeneburlak/work/php/rest/s in /Users/eugeneburlak/work/php/rest/store/wp-content/themes/burlak/product/item--cart.php on line 2

2021-08-10T10:06:54+00:00 CRITICAL Uncaught ArgumentCountError: Too few arguments to function get_field(), 0 passed in /Users/eugeneburlak/work/php/rest/store/wp-content/themes/burlak/banners/item.php on line 2 and at least 1 expected in /Users/eugeneburlak/work/php/rest/store/wp-content/plugins/advanced-custom-fields-pro-master/includes/api/api-template.php:20
Stack trace:
#0 /Users/eugeneburlak/work/php/rest/store/wp-content/themes/burlak/banners/item.php(2): get_field()
#1 /Users/eugeneburlak/work/php/rest/store/wp-includes/template.php(772): require('/Users/eugenebu...')
#2 /Users/eugeneburlak/work/php/rest/store/wp-includes/template.php(716): load_template('/Users/eugenebu...', false, Array)
#3 /Users/eugeneburlak/work/php/rest/store/wp-includes/general-template.php(204): locate_template(Array, true, false, Array)
#4 /Users/eugeneburlak/work/php/rest/store/wp-content/themes/burlak/banners/slider.php(14): get_template_part('banners/item')
#5 /Users/eugeneburlak/work/php/rest/store/wp-includes/template.php(772): require('/Users/eugenebu...' in /Users/eugeneburlak/work/php/rest/store/wp-content/plugins/advanced-custom-fields-pro-master/includes/api/api-template.php on line 20

