2021-08-16T09:27:10+00:00 CRITICAL Uncaught Error: Call to undefined function get_tempalate_part() in /Users/eugeneburlak/work/php/rest/store/wp-content/themes/burlak/sections/section.php:19
Stack trace:
#0 /Users/eugeneburlak/work/php/rest/store/wp-content/themes/burlak/functions.php(183): require()
#1 /Users/eugeneburlak/work/php/rest/store/wp-content/themes/burlak/index.php(8): my_get_template_part('sections/sectio...', Array)
#2 /Users/eugeneburlak/work/php/rest/store/wp-includes/template-loader.php(106): include('/Users/eugenebu...')
#3 /Users/eugeneburlak/work/php/rest/store/wp-blog-header.php(19): require_once('/Users/eugenebu...')
#4 /Users/eugeneburlak/work/php/rest/store/index.php(17): require('/Users/eugenebu...')
#5 {main}
  thrown in /Users/eugeneburlak/work/php/rest/store/wp-content/themes/burlak/sections/section.php on line 19

2021-08-16T15:08:46+00:00 CRITICAL syntax error, unexpected ''public'' (T_CONSTANT_ENCAPSED_STRING), expecting ')' in /Users/eugeneburlak/work/php/rest/store/wp-content/themes/burlak/functions.php on line 244

2021-08-16T15:08:46+00:00 CRITICAL syntax error, unexpected ''public'' (T_CONSTANT_ENCAPSED_STRING), expecting ')' in /Users/eugeneburlak/work/php/rest/store/wp-content/themes/burlak/functions.php on line 244

2021-08-16T15:08:47+00:00 CRITICAL syntax error, unexpected ''public'' (T_CONSTANT_ENCAPSED_STRING), expecting ')' in /Users/eugeneburlak/work/php/rest/store/wp-content/themes/burlak/functions.php on line 244

2021-08-16T16:09:02+00:00 CRITICAL syntax error, unexpected end of file, expecting elseif (T_ELSEIF) or else (T_ELSE) or endif (T_ENDIF) in /Users/eugeneburlak/work/php/rest/store/wp-content/themes/burlak/news/list.php on line 10

2021-08-16T16:26:23+00:00 CRITICAL Uncaught Error: Cannot use object of type WP_Post as array in /Users/eugeneburlak/work/php/rest/store/wp-content/themes/burlak/news/item.php:9
Stack trace:
#0 /Users/eugeneburlak/work/php/rest/store/wp-content/themes/burlak/functions.php(183): require()
#1 /Users/eugeneburlak/work/php/rest/store/wp-content/themes/burlak/news/list.php(6): my_get_template_part('news/item', Array)
#2 /Users/eugeneburlak/work/php/rest/store/wp-content/themes/burlak/functions.php(183): require('/Users/eugenebu...')
#3 /Users/eugeneburlak/work/php/rest/store/wp-content/themes/burlak/news/index.php(11): my_get_template_part('news/list', Array)
#4 /Users/eugeneburlak/work/php/rest/store/wp-includes/template.php(772): require('/Users/eugenebu...')
#5 /Users/eugeneburlak/work/php/rest/store/wp-includes/template.php(716): load_template('/Users/eugenebu...', false, Array)
#6 /Users/eugeneburlak/work/php/rest/store/wp-includes/general-template.php(204): locate_template(Array, true, false, Array)
#7 /Users/eugeneburlak/work/php/rest/store/ in /Users/eugeneburlak/work/php/rest/store/wp-content/themes/burlak/news/item.php on line 9

2021-08-16T16:26:38+00:00 CRITICAL Uncaught Error: Cannot use object of type WP_Post as array in /Users/eugeneburlak/work/php/rest/store/wp-content/themes/burlak/news/item.php:13
Stack trace:
#0 /Users/eugeneburlak/work/php/rest/store/wp-content/themes/burlak/functions.php(183): require()
#1 /Users/eugeneburlak/work/php/rest/store/wp-content/themes/burlak/news/list.php(6): my_get_template_part('news/item', Array)
#2 /Users/eugeneburlak/work/php/rest/store/wp-content/themes/burlak/functions.php(183): require('/Users/eugenebu...')
#3 /Users/eugeneburlak/work/php/rest/store/wp-content/themes/burlak/news/index.php(11): my_get_template_part('news/list', Array)
#4 /Users/eugeneburlak/work/php/rest/store/wp-includes/template.php(772): require('/Users/eugenebu...')
#5 /Users/eugeneburlak/work/php/rest/store/wp-includes/template.php(716): load_template('/Users/eugenebu...', false, Array)
#6 /Users/eugeneburlak/work/php/rest/store/wp-includes/general-template.php(204): locate_template(Array, true, false, Array)
#7 /Users/eugeneburlak/work/php/rest/store in /Users/eugeneburlak/work/php/rest/store/wp-content/themes/burlak/news/item.php on line 13

2021-08-16T16:26:56+00:00 CRITICAL Uncaught Error: Cannot use object of type WP_Post as array in /Users/eugeneburlak/work/php/rest/store/wp-content/themes/burlak/news/item.php:13
Stack trace:
#0 /Users/eugeneburlak/work/php/rest/store/wp-content/themes/burlak/functions.php(183): require()
#1 /Users/eugeneburlak/work/php/rest/store/wp-content/themes/burlak/news/list.php(6): my_get_template_part('news/item', Array)
#2 /Users/eugeneburlak/work/php/rest/store/wp-content/themes/burlak/functions.php(183): require('/Users/eugenebu...')
#3 /Users/eugeneburlak/work/php/rest/store/wp-content/themes/burlak/news/index.php(11): my_get_template_part('news/list', Array)
#4 /Users/eugeneburlak/work/php/rest/store/wp-includes/template.php(772): require('/Users/eugenebu...')
#5 /Users/eugeneburlak/work/php/rest/store/wp-includes/template.php(716): load_template('/Users/eugenebu...', false, Array)
#6 /Users/eugeneburlak/work/php/rest/store/wp-includes/general-template.php(204): locate_template(Array, true, false, Array)
#7 /Users/eugeneburlak/work/php/rest/store in /Users/eugeneburlak/work/php/rest/store/wp-content/themes/burlak/news/item.php on line 13

2021-08-16T19:46:13+00:00 CRITICAL Uncaught Error: Call to undefined function is_taxanomy() in /Users/eugeneburlak/work/php/rest/store/wp-content/themes/burlak/archive.php:3
Stack trace:
#0 /Users/eugeneburlak/work/php/rest/store/wp-includes/template-loader.php(106): include()
#1 /Users/eugeneburlak/work/php/rest/store/wp-blog-header.php(19): require_once('/Users/eugenebu...')
#2 /Users/eugeneburlak/work/php/rest/store/index.php(17): require('/Users/eugenebu...')
#3 {main}
  thrown in /Users/eugeneburlak/work/php/rest/store/wp-content/themes/burlak/archive.php on line 3

