2021-08-27T10:00:58+00:00 CRITICAL Uncaught Error: Call to undefined function get_tempalate_part() in /Users/eugeneburlak/work/php/rest/store/wp-content/themes/burlak/single.php:2
Stack trace:
#0 /Users/eugeneburlak/work/php/rest/store/wp-includes/template-loader.php(106): include()
#1 /Users/eugeneburlak/work/php/rest/store/wp-blog-header.php(19): require_once('/Users/eugenebu...')
#2 /Users/eugeneburlak/work/php/rest/store/index.php(17): require('/Users/eugenebu...')
#3 {main}
  thrown in /Users/eugeneburlak/work/php/rest/store/wp-content/themes/burlak/single.php on line 2

2021-08-27T10:10:14+00:00 CRITICAL Uncaught Error: Call to undefined function get_title() in /Users/eugeneburlak/work/php/rest/store/wp-content/themes/burlak/page/content.php:11
Stack trace:
#0 /Users/eugeneburlak/work/php/rest/store/wp-includes/template.php(772): require()
#1 /Users/eugeneburlak/work/php/rest/store/wp-includes/template.php(716): load_template('/Users/eugenebu...', false, Array)
#2 /Users/eugeneburlak/work/php/rest/store/wp-includes/general-template.php(204): locate_template(Array, true, false, Array)
#3 /Users/eugeneburlak/work/php/rest/store/wp-content/themes/burlak/page.php(3): get_template_part('page/content')
#4 /Users/eugeneburlak/work/php/rest/store/wp-includes/template.php(772): require('/Users/eugenebu...')
#5 /Users/eugeneburlak/work/php/rest/store/wp-includes/template.php(716): load_template('/Users/eugenebu...', false, Array)
#6 /Users/eugeneburlak/work/php/rest/store/wp-includes/general-template.php(204): locate_template(Array, true, false, Array)
#7 /Users/eugeneburlak/work/php/rest/store/wp-content/themes/burlak in /Users/eugeneburlak/work/php/rest/store/wp-content/themes/burlak/page/content.php on line 11

2021-08-27T14:44:12+00:00 CRITICAL Uncaught Error: Call to undefined function get_the_slug() in /Users/eugeneburlak/work/php/rest/store/wp-content/themes/burlak/page-shipping-and-payment.php:23
Stack trace:
#0 /Users/eugeneburlak/work/php/rest/store/wp-includes/template-loader.php(106): include()
#1 /Users/eugeneburlak/work/php/rest/store/wp-blog-header.php(19): require_once('/Users/eugenebu...')
#2 /Users/eugeneburlak/work/php/rest/store/index.php(17): require('/Users/eugenebu...')
#3 {main}
  thrown in /Users/eugeneburlak/work/php/rest/store/wp-content/themes/burlak/page-shipping-and-payment.php on line 23

2021-08-27T14:44:20+00:00 CRITICAL Uncaught Error: Call to undefined function get_slug() in /Users/eugeneburlak/work/php/rest/store/wp-content/themes/burlak/page-shipping-and-payment.php:23
Stack trace:
#0 /Users/eugeneburlak/work/php/rest/store/wp-includes/template-loader.php(106): include()
#1 /Users/eugeneburlak/work/php/rest/store/wp-blog-header.php(19): require_once('/Users/eugenebu...')
#2 /Users/eugeneburlak/work/php/rest/store/index.php(17): require('/Users/eugenebu...')
#3 {main}
  thrown in /Users/eugeneburlak/work/php/rest/store/wp-content/themes/burlak/page-shipping-and-payment.php on line 23

2021-08-27T14:48:23+00:00 CRITICAL Uncaught ArgumentCountError: Too few arguments to function wp_get_post_parent_id(), 0 passed in /Users/eugeneburlak/work/php/rest/store/wp-content/themes/burlak/page-zone.php on line 6 and exactly 1 expected in /Users/eugeneburlak/work/php/rest/store/wp-includes/post.php:7434
Stack trace:
#0 /Users/eugeneburlak/work/php/rest/store/wp-content/themes/burlak/page-zone.php(6): wp_get_post_parent_id()
#1 /Users/eugeneburlak/work/php/rest/store/wp-includes/template-loader.php(106): include('/Users/eugenebu...')
#2 /Users/eugeneburlak/work/php/rest/store/wp-blog-header.php(19): require_once('/Users/eugenebu...')
#3 /Users/eugeneburlak/work/php/rest/store/index.php(17): require('/Users/eugenebu...')
#4 {main}
  thrown in /Users/eugeneburlak/work/php/rest/store/wp-includes/post.php on line 7434

2021-08-27T14:48:35+00:00 CRITICAL Uncaught ArgumentCountError: Too few arguments to function wp_get_post_parent_id(), 0 passed in /Users/eugeneburlak/work/php/rest/store/wp-content/themes/burlak/page-zone.php on line 6 and exactly 1 expected in /Users/eugeneburlak/work/php/rest/store/wp-includes/post.php:7434
Stack trace:
#0 /Users/eugeneburlak/work/php/rest/store/wp-content/themes/burlak/page-zone.php(6): wp_get_post_parent_id()
#1 /Users/eugeneburlak/work/php/rest/store/wp-includes/template-loader.php(106): include('/Users/eugenebu...')
#2 /Users/eugeneburlak/work/php/rest/store/wp-blog-header.php(19): require_once('/Users/eugenebu...')
#3 /Users/eugeneburlak/work/php/rest/store/index.php(17): require('/Users/eugenebu...')
#4 {main}
  thrown in /Users/eugeneburlak/work/php/rest/store/wp-includes/post.php on line 7434

2021-08-27T14:49:16+00:00 CRITICAL Uncaught ArgumentCountError: Too few arguments to function wp_get_post_parent_id(), 0 passed in /Users/eugeneburlak/work/php/rest/store/wp-content/themes/burlak/page-zone.php on line 2 and exactly 1 expected in /Users/eugeneburlak/work/php/rest/store/wp-includes/post.php:7434
Stack trace:
#0 /Users/eugeneburlak/work/php/rest/store/wp-content/themes/burlak/page-zone.php(2): wp_get_post_parent_id()
#1 /Users/eugeneburlak/work/php/rest/store/wp-includes/template-loader.php(106): include('/Users/eugenebu...')
#2 /Users/eugeneburlak/work/php/rest/store/wp-blog-header.php(19): require_once('/Users/eugenebu...')
#3 /Users/eugeneburlak/work/php/rest/store/index.php(17): require('/Users/eugenebu...')
#4 {main}
  thrown in /Users/eugeneburlak/work/php/rest/store/wp-includes/post.php on line 7434

2021-08-27T14:49:20+00:00 CRITICAL Uncaught ArgumentCountError: Too few arguments to function wp_get_post_parent_id(), 0 passed in /Users/eugeneburlak/work/php/rest/store/wp-content/themes/burlak/page-zone.php on line 2 and exactly 1 expected in /Users/eugeneburlak/work/php/rest/store/wp-includes/post.php:7434
Stack trace:
#0 /Users/eugeneburlak/work/php/rest/store/wp-content/themes/burlak/page-zone.php(2): wp_get_post_parent_id()
#1 /Users/eugeneburlak/work/php/rest/store/wp-includes/template-loader.php(106): include('/Users/eugenebu...')
#2 /Users/eugeneburlak/work/php/rest/store/wp-blog-header.php(19): require_once('/Users/eugenebu...')
#3 /Users/eugeneburlak/work/php/rest/store/index.php(17): require('/Users/eugenebu...')
#4 {main}
  thrown in /Users/eugeneburlak/work/php/rest/store/wp-includes/post.php on line 7434

2021-08-27T15:02:52+00:00 CRITICAL Uncaught Error: Call to a member function have_posts() on null in /Users/eugeneburlak/work/php/rest/store/wp-content/themes/burlak/shipping-and-payment/page.php:13
Stack trace:
#0 /Users/eugeneburlak/work/php/rest/store/wp-content/themes/burlak/functions.php(204): require()
#1 /Users/eugeneburlak/work/php/rest/store/wp-content/themes/burlak/page-zone.php(2): my_get_template_part('shipping-and-pa...', Array)
#2 /Users/eugeneburlak/work/php/rest/store/wp-includes/template-loader.php(106): include('/Users/eugenebu...')
#3 /Users/eugeneburlak/work/php/rest/store/wp-blog-header.php(19): require_once('/Users/eugenebu...')
#4 /Users/eugeneburlak/work/php/rest/store/index.php(17): require('/Users/eugenebu...')
#5 {main}
  thrown in /Users/eugeneburlak/work/php/rest/store/wp-content/themes/burlak/shipping-and-payment/page.php on line 13

2021-08-27T15:05:03+00:00 CRITICAL Uncaught Error: Call to undefined function get_title() in /Users/eugeneburlak/work/php/rest/store/wp-content/themes/burlak/shipping-and-payment/page.php:10
Stack trace:
#0 /Users/eugeneburlak/work/php/rest/store/wp-content/themes/burlak/functions.php(204): require()
#1 /Users/eugeneburlak/work/php/rest/store/wp-content/themes/burlak/page-zone.php(2): my_get_template_part('shipping-and-pa...', Array)
#2 /Users/eugeneburlak/work/php/rest/store/wp-includes/template-loader.php(106): include('/Users/eugenebu...')
#3 /Users/eugeneburlak/work/php/rest/store/wp-blog-header.php(19): require_once('/Users/eugenebu...')
#4 /Users/eugeneburlak/work/php/rest/store/index.php(17): require('/Users/eugenebu...')
#5 {main}
  thrown in /Users/eugeneburlak/work/php/rest/store/wp-content/themes/burlak/shipping-and-payment/page.php on line 10

2021-08-27T15:05:16+00:00 CRITICAL Uncaught Error: Call to undefined function get_title() in /Users/eugeneburlak/work/php/rest/store/wp-content/themes/burlak/shipping-and-payment/page.php:10
Stack trace:
#0 /Users/eugeneburlak/work/php/rest/store/wp-content/themes/burlak/functions.php(204): require()
#1 /Users/eugeneburlak/work/php/rest/store/wp-content/themes/burlak/page-zone.php(2): my_get_template_part('shipping-and-pa...', Array)
#2 /Users/eugeneburlak/work/php/rest/store/wp-includes/template-loader.php(106): include('/Users/eugenebu...')
#3 /Users/eugeneburlak/work/php/rest/store/wp-blog-header.php(19): require_once('/Users/eugenebu...')
#4 /Users/eugeneburlak/work/php/rest/store/index.php(17): require('/Users/eugenebu...')
#5 {main}
  thrown in /Users/eugeneburlak/work/php/rest/store/wp-content/themes/burlak/shipping-and-payment/page.php on line 10

2021-08-27T15:05:44+00:00 CRITICAL Uncaught Error: Call to undefined function get_title() in /Users/eugeneburlak/work/php/rest/store/wp-content/themes/burlak/shipping-and-payment/page.php:10
Stack trace:
#0 /Users/eugeneburlak/work/php/rest/store/wp-content/themes/burlak/functions.php(204): require()
#1 /Users/eugeneburlak/work/php/rest/store/wp-content/themes/burlak/page-shipping-and-payment.php(2): my_get_template_part('shipping-and-pa...', Array)
#2 /Users/eugeneburlak/work/php/rest/store/wp-includes/template-loader.php(106): include('/Users/eugenebu...')
#3 /Users/eugeneburlak/work/php/rest/store/wp-blog-header.php(19): require_once('/Users/eugenebu...')
#4 /Users/eugeneburlak/work/php/rest/store/index.php(17): require('/Users/eugenebu...')
#5 {main}
  thrown in /Users/eugeneburlak/work/php/rest/store/wp-content/themes/burlak/shipping-and-payment/page.php on line 10

