2021-09-08T18:18:25+00:00 CRITICAL Uncaught Error: Call to a member function set_method_title() on null in /Users/eugeneburlak/work/php/rest/store/wp-content/themes/burlak/functions.php:642
Stack trace:
#0 /Users/eugeneburlak/work/php/rest/store/wp-includes/class-wp-hook.php(303): my_checkout('')
#1 /Users/eugeneburlak/work/php/rest/store/wp-includes/class-wp-hook.php(327): WP_Hook->apply_filters('', Array)
#2 /Users/eugeneburlak/work/php/rest/store/wp-includes/plugin.php(470): WP_Hook->do_action(Array)
#3 /Users/eugeneburlak/work/php/rest/store/wp-content/plugins/woocommerce/includes/class-wc-ajax.php(90): do_action('wc_ajax_my_chec...')
#4 /Users/eugeneburlak/work/php/rest/store/wp-includes/class-wp-hook.php(303): WC_AJAX::do_wc_ajax('')
#5 /Users/eugeneburlak/work/php/rest/store/wp-includes/class-wp-hook.php(327): WP_Hook->apply_filters(false, Array)
#6 /Users/eugeneburlak/work/php/rest/store/wp-includes/plugin.php(470): WP_Hook->do_action(Array)
#7 /Users/eugeneburlak/work/php/rest/store/wp-includes/template-loader.php(13): do_action('temp in /Users/eugeneburlak/work/php/rest/store/wp-content/themes/burlak/functions.php on line 642

2021-09-08T18:31:28+00:00 CRITICAL Uncaught Error: Call to a member function set_method_title() on null in /Users/eugeneburlak/work/php/rest/store/wp-content/themes/burlak/functions.php:641
Stack trace:
#0 /Users/eugeneburlak/work/php/rest/store/wp-includes/class-wp-hook.php(303): my_checkout('')
#1 /Users/eugeneburlak/work/php/rest/store/wp-includes/class-wp-hook.php(327): WP_Hook->apply_filters('', Array)
#2 /Users/eugeneburlak/work/php/rest/store/wp-includes/plugin.php(470): WP_Hook->do_action(Array)
#3 /Users/eugeneburlak/work/php/rest/store/wp-content/plugins/woocommerce/includes/class-wc-ajax.php(90): do_action('wc_ajax_my_chec...')
#4 /Users/eugeneburlak/work/php/rest/store/wp-includes/class-wp-hook.php(303): WC_AJAX::do_wc_ajax('')
#5 /Users/eugeneburlak/work/php/rest/store/wp-includes/class-wp-hook.php(327): WP_Hook->apply_filters(false, Array)
#6 /Users/eugeneburlak/work/php/rest/store/wp-includes/plugin.php(470): WP_Hook->do_action(Array)
#7 /Users/eugeneburlak/work/php/rest/store/wp-includes/template-loader.php(13): do_action('temp in /Users/eugeneburlak/work/php/rest/store/wp-content/themes/burlak/functions.php on line 641

2021-09-08T18:31:33+00:00 CRITICAL Uncaught Error: Call to a member function set_method_title() on null in /Users/eugeneburlak/work/php/rest/store/wp-content/themes/burlak/functions.php:641
Stack trace:
#0 /Users/eugeneburlak/work/php/rest/store/wp-includes/class-wp-hook.php(303): my_checkout('')
#1 /Users/eugeneburlak/work/php/rest/store/wp-includes/class-wp-hook.php(327): WP_Hook->apply_filters('', Array)
#2 /Users/eugeneburlak/work/php/rest/store/wp-includes/plugin.php(470): WP_Hook->do_action(Array)
#3 /Users/eugeneburlak/work/php/rest/store/wp-content/plugins/woocommerce/includes/class-wc-ajax.php(90): do_action('wc_ajax_my_chec...')
#4 /Users/eugeneburlak/work/php/rest/store/wp-includes/class-wp-hook.php(303): WC_AJAX::do_wc_ajax('')
#5 /Users/eugeneburlak/work/php/rest/store/wp-includes/class-wp-hook.php(327): WP_Hook->apply_filters(false, Array)
#6 /Users/eugeneburlak/work/php/rest/store/wp-includes/plugin.php(470): WP_Hook->do_action(Array)
#7 /Users/eugeneburlak/work/php/rest/store/wp-includes/template-loader.php(13): do_action('temp in /Users/eugeneburlak/work/php/rest/store/wp-content/themes/burlak/functions.php on line 641

2021-09-08T18:32:39+00:00 CRITICAL Uncaught Error: Call to a member function set_method_title() on null in /Users/eugeneburlak/work/php/rest/store/wp-content/themes/burlak/functions.php:641
Stack trace:
#0 /Users/eugeneburlak/work/php/rest/store/wp-includes/class-wp-hook.php(303): my_checkout('')
#1 /Users/eugeneburlak/work/php/rest/store/wp-includes/class-wp-hook.php(327): WP_Hook->apply_filters('', Array)
#2 /Users/eugeneburlak/work/php/rest/store/wp-includes/plugin.php(470): WP_Hook->do_action(Array)
#3 /Users/eugeneburlak/work/php/rest/store/wp-content/plugins/woocommerce/includes/class-wc-ajax.php(90): do_action('wc_ajax_my_chec...')
#4 /Users/eugeneburlak/work/php/rest/store/wp-includes/class-wp-hook.php(303): WC_AJAX::do_wc_ajax('')
#5 /Users/eugeneburlak/work/php/rest/store/wp-includes/class-wp-hook.php(327): WP_Hook->apply_filters(false, Array)
#6 /Users/eugeneburlak/work/php/rest/store/wp-includes/plugin.php(470): WP_Hook->do_action(Array)
#7 /Users/eugeneburlak/work/php/rest/store/wp-includes/template-loader.php(13): do_action('temp in /Users/eugeneburlak/work/php/rest/store/wp-content/themes/burlak/functions.php on line 641

2021-09-08T19:00:42+00:00 CRITICAL Uncaught Error: Call to undefined method Automattic\WooCommerce\Admin\Overrides\Order::set_phone() in /Users/eugeneburlak/work/php/rest/store/wp-content/themes/burlak/functions.php:653
Stack trace:
#0 /Users/eugeneburlak/work/php/rest/store/wp-includes/class-wp-hook.php(303): my_checkout('')
#1 /Users/eugeneburlak/work/php/rest/store/wp-includes/class-wp-hook.php(327): WP_Hook->apply_filters('', Array)
#2 /Users/eugeneburlak/work/php/rest/store/wp-includes/plugin.php(470): WP_Hook->do_action(Array)
#3 /Users/eugeneburlak/work/php/rest/store/wp-content/plugins/woocommerce/includes/class-wc-ajax.php(90): do_action('wc_ajax_my_chec...')
#4 /Users/eugeneburlak/work/php/rest/store/wp-includes/class-wp-hook.php(303): WC_AJAX::do_wc_ajax('')
#5 /Users/eugeneburlak/work/php/rest/store/wp-includes/class-wp-hook.php(327): WP_Hook->apply_filters(false, Array)
#6 /Users/eugeneburlak/work/php/rest/store/wp-includes/plugin.php(470): WP_Hook->do_action(Array)
#7 /Users/eugeneburlak/work/php/rest/store/wp-includes/template-l in /Users/eugeneburlak/work/php/rest/store/wp-content/themes/burlak/functions.php on line 653

2021-09-08T19:05:22+00:00 CRITICAL Uncaught Error: Call to a member function get_meta_data() on array in /Users/eugeneburlak/work/php/rest/store/wp-content/plugins/woocommerce/includes/legacy/abstract-wc-legacy-order.php:85
Stack trace:
#0 /Users/eugeneburlak/work/php/rest/store/wp-content/themes/burlak/functions.php(658): WC_Abstract_Legacy_Order->add_shipping(Array)
#1 /Users/eugeneburlak/work/php/rest/store/wp-includes/class-wp-hook.php(303): my_checkout('')
#2 /Users/eugeneburlak/work/php/rest/store/wp-includes/class-wp-hook.php(327): WP_Hook->apply_filters('', Array)
#3 /Users/eugeneburlak/work/php/rest/store/wp-includes/plugin.php(470): WP_Hook->do_action(Array)
#4 /Users/eugeneburlak/work/php/rest/store/wp-content/plugins/woocommerce/includes/class-wc-ajax.php(90): do_action('wc_ajax_my_chec...')
#5 /Users/eugeneburlak/work/php/rest/store/wp-includes/class-wp-hook.php(303): WC_AJAX::do_wc_ajax('')
#6 /Users/eugeneburlak/work/php/rest/store/wp-includes/class-wp-hook.php(327): WP_Hook->apply_filters(false, Array)
#7 /Users/eugeneburlak/wo in /Users/eugeneburlak/work/php/rest/store/wp-content/plugins/woocommerce/includes/legacy/abstract-wc-legacy-order.php on line 85

2021-09-08T19:05:34+00:00 CRITICAL Uncaught Error: Call to a member function get_meta_data() on array in /Users/eugeneburlak/work/php/rest/store/wp-content/plugins/woocommerce/includes/legacy/abstract-wc-legacy-order.php:85
Stack trace:
#0 /Users/eugeneburlak/work/php/rest/store/wp-content/themes/burlak/functions.php(658): WC_Abstract_Legacy_Order->add_shipping(Array)
#1 /Users/eugeneburlak/work/php/rest/store/wp-includes/class-wp-hook.php(303): my_checkout('')
#2 /Users/eugeneburlak/work/php/rest/store/wp-includes/class-wp-hook.php(327): WP_Hook->apply_filters('', Array)
#3 /Users/eugeneburlak/work/php/rest/store/wp-includes/plugin.php(470): WP_Hook->do_action(Array)
#4 /Users/eugeneburlak/work/php/rest/store/wp-content/plugins/woocommerce/includes/class-wc-ajax.php(90): do_action('wc_ajax_my_chec...')
#5 /Users/eugeneburlak/work/php/rest/store/wp-includes/class-wp-hook.php(303): WC_AJAX::do_wc_ajax('')
#6 /Users/eugeneburlak/work/php/rest/store/wp-includes/class-wp-hook.php(327): WP_Hook->apply_filters(false, Array)
#7 /Users/eugeneburlak/wo in /Users/eugeneburlak/work/php/rest/store/wp-content/plugins/woocommerce/includes/legacy/abstract-wc-legacy-order.php on line 85

2021-09-08T19:05:50+00:00 CRITICAL Uncaught Error: Call to a member function get_meta_data() on array in /Users/eugeneburlak/work/php/rest/store/wp-content/plugins/woocommerce/includes/legacy/abstract-wc-legacy-order.php:85
Stack trace:
#0 /Users/eugeneburlak/work/php/rest/store/wp-content/themes/burlak/functions.php(656): WC_Abstract_Legacy_Order->add_shipping(Array)
#1 /Users/eugeneburlak/work/php/rest/store/wp-includes/class-wp-hook.php(303): my_checkout('')
#2 /Users/eugeneburlak/work/php/rest/store/wp-includes/class-wp-hook.php(327): WP_Hook->apply_filters('', Array)
#3 /Users/eugeneburlak/work/php/rest/store/wp-includes/plugin.php(470): WP_Hook->do_action(Array)
#4 /Users/eugeneburlak/work/php/rest/store/wp-content/plugins/woocommerce/includes/class-wc-ajax.php(90): do_action('wc_ajax_my_chec...')
#5 /Users/eugeneburlak/work/php/rest/store/wp-includes/class-wp-hook.php(303): WC_AJAX::do_wc_ajax('')
#6 /Users/eugeneburlak/work/php/rest/store/wp-includes/class-wp-hook.php(327): WP_Hook->apply_filters(false, Array)
#7 /Users/eugeneburlak/wo in /Users/eugeneburlak/work/php/rest/store/wp-content/plugins/woocommerce/includes/legacy/abstract-wc-legacy-order.php on line 85

