2021-08-15T09:35:27+00:00 CRITICAL Uncaught Error: Call to a member function get() on null in /Users/eugeneburlak/work/php/rest/store/wp-content/themes/burlak/functions.php:275
Stack trace:
#0 /Users/eugeneburlak/work/php/rest/store/wp-includes/class-wp-hook.php(303): settings('')
#1 /Users/eugeneburlak/work/php/rest/store/wp-includes/class-wp-hook.php(327): WP_Hook->apply_filters(NULL, Array)
#2 /Users/eugeneburlak/work/php/rest/store/wp-includes/plugin.php(470): WP_Hook->do_action(Array)
#3 /Users/eugeneburlak/work/php/rest/store/wp-settings.php(578): do_action('init')
#4 /Users/eugeneburlak/work/php/rest/store/wp-config.php(96): require_once('/Users/eugenebu...')
#5 /Users/eugeneburlak/work/php/rest/store/wp-load.php(50): require_once('/Users/eugenebu...')
#6 /Users/eugeneburlak/work/php/rest/store/wp-cron.php(44): require_once('/Users/eugenebu...')
#7 {main}
  thrown in /Users/eugeneburlak/work/php/rest/store/wp-content/themes/burlak/functions.php on line 275

2021-08-15T09:41:27+00:00 CRITICAL Uncaught Error: Call to a member function get() on null in /Users/eugeneburlak/work/php/rest/store/wp-content/themes/burlak/functions.php:275
Stack trace:
#0 /Users/eugeneburlak/work/php/rest/store/wp-includes/class-wp-hook.php(303): settings('')
#1 /Users/eugeneburlak/work/php/rest/store/wp-includes/class-wp-hook.php(327): WP_Hook->apply_filters(NULL, Array)
#2 /Users/eugeneburlak/work/php/rest/store/wp-includes/plugin.php(470): WP_Hook->do_action(Array)
#3 /Users/eugeneburlak/work/php/rest/store/wp-settings.php(578): do_action('init')
#4 /Users/eugeneburlak/work/php/rest/store/wp-config.php(96): require_once('/Users/eugenebu...')
#5 /Users/eugeneburlak/work/php/rest/store/wp-load.php(50): require_once('/Users/eugenebu...')
#6 /Users/eugeneburlak/work/php/rest/store/wp-cron.php(44): require_once('/Users/eugenebu...')
#7 {main}
  thrown in /Users/eugeneburlak/work/php/rest/store/wp-content/themes/burlak/functions.php on line 275

2021-08-15T09:46:47+00:00 CRITICAL Uncaught Error: Call to a member function get() on null in /Users/eugeneburlak/work/php/rest/store/wp-content/themes/burlak/functions.php:275
Stack trace:
#0 /Users/eugeneburlak/work/php/rest/store/wp-includes/class-wp-hook.php(303): settings('')
#1 /Users/eugeneburlak/work/php/rest/store/wp-includes/class-wp-hook.php(327): WP_Hook->apply_filters(NULL, Array)
#2 /Users/eugeneburlak/work/php/rest/store/wp-includes/plugin.php(470): WP_Hook->do_action(Array)
#3 /Users/eugeneburlak/work/php/rest/store/wp-settings.php(578): do_action('init')
#4 /Users/eugeneburlak/work/php/rest/store/wp-config.php(96): require_once('/Users/eugenebu...')
#5 /Users/eugeneburlak/work/php/rest/store/wp-load.php(50): require_once('/Users/eugenebu...')
#6 /Users/eugeneburlak/work/php/rest/store/wp-cron.php(44): require_once('/Users/eugenebu...')
#7 {main}
  thrown in /Users/eugeneburlak/work/php/rest/store/wp-content/themes/burlak/functions.php on line 275

2021-08-15T09:47:52+00:00 CRITICAL Uncaught Error: Call to a member function get() on null in /Users/eugeneburlak/work/php/rest/store/wp-content/themes/burlak/functions.php:275
Stack trace:
#0 /Users/eugeneburlak/work/php/rest/store/wp-includes/class-wp-hook.php(303): settings('')
#1 /Users/eugeneburlak/work/php/rest/store/wp-includes/class-wp-hook.php(327): WP_Hook->apply_filters(NULL, Array)
#2 /Users/eugeneburlak/work/php/rest/store/wp-includes/plugin.php(470): WP_Hook->do_action(Array)
#3 /Users/eugeneburlak/work/php/rest/store/wp-settings.php(578): do_action('init')
#4 /Users/eugeneburlak/work/php/rest/store/wp-config.php(96): require_once('/Users/eugenebu...')
#5 /Users/eugeneburlak/work/php/rest/store/wp-load.php(50): require_once('/Users/eugenebu...')
#6 /Users/eugeneburlak/work/php/rest/store/wp-cron.php(44): require_once('/Users/eugenebu...')
#7 {main}
  thrown in /Users/eugeneburlak/work/php/rest/store/wp-content/themes/burlak/functions.php on line 275

2021-08-15T09:57:25+00:00 CRITICAL Uncaught Error: Call to a member function get() on null in /Users/eugeneburlak/work/php/rest/store/wp-content/themes/burlak/functions.php:275
Stack trace:
#0 /Users/eugeneburlak/work/php/rest/store/wp-includes/class-wp-hook.php(303): settings('')
#1 /Users/eugeneburlak/work/php/rest/store/wp-includes/class-wp-hook.php(327): WP_Hook->apply_filters(NULL, Array)
#2 /Users/eugeneburlak/work/php/rest/store/wp-includes/plugin.php(470): WP_Hook->do_action(Array)
#3 /Users/eugeneburlak/work/php/rest/store/wp-settings.php(578): do_action('init')
#4 /Users/eugeneburlak/work/php/rest/store/wp-config.php(96): require_once('/Users/eugenebu...')
#5 /Users/eugeneburlak/work/php/rest/store/wp-load.php(50): require_once('/Users/eugenebu...')
#6 /Users/eugeneburlak/work/php/rest/store/wp-cron.php(44): require_once('/Users/eugenebu...')
#7 {main}
  thrown in /Users/eugeneburlak/work/php/rest/store/wp-content/themes/burlak/functions.php on line 275

2021-08-15T09:59:04+00:00 CRITICAL Uncaught Error: Call to a member function get() on null in /Users/eugeneburlak/work/php/rest/store/wp-content/themes/burlak/functions.php:275
Stack trace:
#0 /Users/eugeneburlak/work/php/rest/store/wp-includes/class-wp-hook.php(303): settings('')
#1 /Users/eugeneburlak/work/php/rest/store/wp-includes/class-wp-hook.php(327): WP_Hook->apply_filters(NULL, Array)
#2 /Users/eugeneburlak/work/php/rest/store/wp-includes/plugin.php(470): WP_Hook->do_action(Array)
#3 /Users/eugeneburlak/work/php/rest/store/wp-settings.php(578): do_action('init')
#4 /Users/eugeneburlak/work/php/rest/store/wp-config.php(96): require_once('/Users/eugenebu...')
#5 /Users/eugeneburlak/work/php/rest/store/wp-load.php(50): require_once('/Users/eugenebu...')
#6 /Users/eugeneburlak/work/php/rest/store/wp-cron.php(44): require_once('/Users/eugenebu...')
#7 {main}
  thrown in /Users/eugeneburlak/work/php/rest/store/wp-content/themes/burlak/functions.php on line 275

2021-08-15T10:00:34+00:00 CRITICAL Uncaught Error: Call to a member function get() on null in /Users/eugeneburlak/work/php/rest/store/wp-content/themes/burlak/functions.php:275
Stack trace:
#0 /Users/eugeneburlak/work/php/rest/store/wp-includes/class-wp-hook.php(303): settings('')
#1 /Users/eugeneburlak/work/php/rest/store/wp-includes/class-wp-hook.php(327): WP_Hook->apply_filters(NULL, Array)
#2 /Users/eugeneburlak/work/php/rest/store/wp-includes/plugin.php(470): WP_Hook->do_action(Array)
#3 /Users/eugeneburlak/work/php/rest/store/wp-settings.php(578): do_action('init')
#4 /Users/eugeneburlak/work/php/rest/store/wp-config.php(96): require_once('/Users/eugenebu...')
#5 /Users/eugeneburlak/work/php/rest/store/wp-load.php(50): require_once('/Users/eugenebu...')
#6 /Users/eugeneburlak/work/php/rest/store/wp-cron.php(44): require_once('/Users/eugenebu...')
#7 {main}
  thrown in /Users/eugeneburlak/work/php/rest/store/wp-content/themes/burlak/functions.php on line 275

2021-08-15T10:03:08+00:00 CRITICAL Uncaught Error: Call to a member function get() on null in /Users/eugeneburlak/work/php/rest/store/wp-content/themes/burlak/functions.php:275
Stack trace:
#0 /Users/eugeneburlak/work/php/rest/store/wp-includes/class-wp-hook.php(303): settings('')
#1 /Users/eugeneburlak/work/php/rest/store/wp-includes/class-wp-hook.php(327): WP_Hook->apply_filters(NULL, Array)
#2 /Users/eugeneburlak/work/php/rest/store/wp-includes/plugin.php(470): WP_Hook->do_action(Array)
#3 /Users/eugeneburlak/work/php/rest/store/wp-settings.php(578): do_action('init')
#4 /Users/eugeneburlak/work/php/rest/store/wp-config.php(96): require_once('/Users/eugenebu...')
#5 /Users/eugeneburlak/work/php/rest/store/wp-load.php(50): require_once('/Users/eugenebu...')
#6 /Users/eugeneburlak/work/php/rest/store/wp-cron.php(44): require_once('/Users/eugenebu...')
#7 {main}
  thrown in /Users/eugeneburlak/work/php/rest/store/wp-content/themes/burlak/functions.php on line 275

2021-08-15T10:06:38+00:00 CRITICAL Uncaught Error: Call to a member function get() on null in /Users/eugeneburlak/work/php/rest/store/wp-content/themes/burlak/functions.php:275
Stack trace:
#0 /Users/eugeneburlak/work/php/rest/store/wp-includes/class-wp-hook.php(303): settings('')
#1 /Users/eugeneburlak/work/php/rest/store/wp-includes/class-wp-hook.php(327): WP_Hook->apply_filters(NULL, Array)
#2 /Users/eugeneburlak/work/php/rest/store/wp-includes/plugin.php(470): WP_Hook->do_action(Array)
#3 /Users/eugeneburlak/work/php/rest/store/wp-settings.php(578): do_action('init')
#4 /Users/eugeneburlak/work/php/rest/store/wp-config.php(96): require_once('/Users/eugenebu...')
#5 /Users/eugeneburlak/work/php/rest/store/wp-load.php(50): require_once('/Users/eugenebu...')
#6 /Users/eugeneburlak/work/php/rest/store/wp-cron.php(44): require_once('/Users/eugenebu...')
#7 {main}
  thrown in /Users/eugeneburlak/work/php/rest/store/wp-content/themes/burlak/functions.php on line 275

2021-08-15T10:24:14+00:00 CRITICAL Uncaught Error: Call to a member function get() on null in /Users/eugeneburlak/work/php/rest/store/wp-content/themes/burlak/functions.php:275
Stack trace:
#0 /Users/eugeneburlak/work/php/rest/store/wp-includes/class-wp-hook.php(303): settings('')
#1 /Users/eugeneburlak/work/php/rest/store/wp-includes/class-wp-hook.php(327): WP_Hook->apply_filters(NULL, Array)
#2 /Users/eugeneburlak/work/php/rest/store/wp-includes/plugin.php(470): WP_Hook->do_action(Array)
#3 /Users/eugeneburlak/work/php/rest/store/wp-settings.php(578): do_action('init')
#4 /Users/eugeneburlak/work/php/rest/store/wp-config.php(96): require_once('/Users/eugenebu...')
#5 /Users/eugeneburlak/work/php/rest/store/wp-load.php(50): require_once('/Users/eugenebu...')
#6 /Users/eugeneburlak/work/php/rest/store/wp-cron.php(44): require_once('/Users/eugenebu...')
#7 {main}
  thrown in /Users/eugeneburlak/work/php/rest/store/wp-content/themes/burlak/functions.php on line 275

2021-08-15T10:26:00+00:00 CRITICAL Uncaught Error: Call to a member function get() on null in /Users/eugeneburlak/work/php/rest/store/wp-content/themes/burlak/functions.php:275
Stack trace:
#0 /Users/eugeneburlak/work/php/rest/store/wp-includes/class-wp-hook.php(303): settings('')
#1 /Users/eugeneburlak/work/php/rest/store/wp-includes/class-wp-hook.php(327): WP_Hook->apply_filters(NULL, Array)
#2 /Users/eugeneburlak/work/php/rest/store/wp-includes/plugin.php(470): WP_Hook->do_action(Array)
#3 /Users/eugeneburlak/work/php/rest/store/wp-settings.php(578): do_action('init')
#4 /Users/eugeneburlak/work/php/rest/store/wp-config.php(96): require_once('/Users/eugenebu...')
#5 /Users/eugeneburlak/work/php/rest/store/wp-load.php(50): require_once('/Users/eugenebu...')
#6 /Users/eugeneburlak/work/php/rest/store/wp-cron.php(44): require_once('/Users/eugenebu...')
#7 {main}
  thrown in /Users/eugeneburlak/work/php/rest/store/wp-content/themes/burlak/functions.php on line 275

2021-08-15T10:27:44+00:00 CRITICAL Uncaught Error: Call to a member function get() on null in /Users/eugeneburlak/work/php/rest/store/wp-content/themes/burlak/functions.php:275
Stack trace:
#0 /Users/eugeneburlak/work/php/rest/store/wp-includes/class-wp-hook.php(303): settings('')
#1 /Users/eugeneburlak/work/php/rest/store/wp-includes/class-wp-hook.php(327): WP_Hook->apply_filters(NULL, Array)
#2 /Users/eugeneburlak/work/php/rest/store/wp-includes/plugin.php(470): WP_Hook->do_action(Array)
#3 /Users/eugeneburlak/work/php/rest/store/wp-settings.php(578): do_action('init')
#4 /Users/eugeneburlak/work/php/rest/store/wp-config.php(96): require_once('/Users/eugenebu...')
#5 /Users/eugeneburlak/work/php/rest/store/wp-load.php(50): require_once('/Users/eugenebu...')
#6 /Users/eugeneburlak/work/php/rest/store/wp-cron.php(44): require_once('/Users/eugenebu...')
#7 {main}
  thrown in /Users/eugeneburlak/work/php/rest/store/wp-content/themes/burlak/functions.php on line 275

2021-08-15T12:28:12+00:00 CRITICAL Uncaught Error: Call to a member function get() on null in /Users/eugeneburlak/work/php/rest/store/wp-content/themes/burlak/functions.php:275
Stack trace:
#0 /Users/eugeneburlak/work/php/rest/store/wp-includes/class-wp-hook.php(303): settings('')
#1 /Users/eugeneburlak/work/php/rest/store/wp-includes/class-wp-hook.php(327): WP_Hook->apply_filters(NULL, Array)
#2 /Users/eugeneburlak/work/php/rest/store/wp-includes/plugin.php(470): WP_Hook->do_action(Array)
#3 /Users/eugeneburlak/work/php/rest/store/wp-settings.php(578): do_action('init')
#4 /Users/eugeneburlak/work/php/rest/store/wp-config.php(96): require_once('/Users/eugenebu...')
#5 /Users/eugeneburlak/work/php/rest/store/wp-load.php(50): require_once('/Users/eugenebu...')
#6 /Users/eugeneburlak/work/php/rest/store/wp-cron.php(44): require_once('/Users/eugenebu...')
#7 {main}
  thrown in /Users/eugeneburlak/work/php/rest/store/wp-content/themes/burlak/functions.php on line 275

2021-08-15T12:28:40+00:00 CRITICAL Uncaught Exception: Invalid product. in /Users/eugeneburlak/work/php/rest/store/wp-content/plugins/woocommerce/includes/data-stores/class-wc-product-data-store-cpt.php:167
Stack trace:
#0 /Users/eugeneburlak/work/php/rest/store/wp-content/plugins/woocommerce/includes/class-wc-data-store.php(159): WC_Product_Data_Store_CPT->read(Object(WC_Product))
#1 /Users/eugeneburlak/work/php/rest/store/wp-content/plugins/woocommerce/includes/abstracts/abstract-wc-product.php(135): WC_Data_Store->read(Object(WC_Product))
#2 /Users/eugeneburlak/work/php/rest/store/wp-content/themes/burlak/product/item.php(2): WC_Product->__construct(1)
#3 /Users/eugeneburlak/work/php/rest/store/wp-includes/template.php(772): require('/Users/eugenebu...')
#4 /Users/eugeneburlak/work/php/rest/store/wp-includes/template.php(716): load_template('/Users/eugenebu...', false, Array)
#5 /Users/eugeneburlak/work/php/rest/store/wp-includes/general-template.php(204): locate_template(Array, true, false, Array)
#6 /Users/eugeneburlak/work/php/rest/store in /Users/eugeneburlak/work/php/rest/store/wp-content/plugins/woocommerce/includes/data-stores/class-wc-product-data-store-cpt.php on line 167

2021-08-15T12:29:22+00:00 CRITICAL Uncaught Error: Call to a member function get() on null in /Users/eugeneburlak/work/php/rest/store/wp-content/themes/burlak/functions.php:275
Stack trace:
#0 /Users/eugeneburlak/work/php/rest/store/wp-includes/class-wp-hook.php(303): settings('')
#1 /Users/eugeneburlak/work/php/rest/store/wp-includes/class-wp-hook.php(327): WP_Hook->apply_filters(NULL, Array)
#2 /Users/eugeneburlak/work/php/rest/store/wp-includes/plugin.php(470): WP_Hook->do_action(Array)
#3 /Users/eugeneburlak/work/php/rest/store/wp-settings.php(578): do_action('init')
#4 /Users/eugeneburlak/work/php/rest/store/wp-config.php(96): require_once('/Users/eugenebu...')
#5 /Users/eugeneburlak/work/php/rest/store/wp-load.php(50): require_once('/Users/eugenebu...')
#6 /Users/eugeneburlak/work/php/rest/store/wp-cron.php(44): require_once('/Users/eugenebu...')
#7 {main}
  thrown in /Users/eugeneburlak/work/php/rest/store/wp-content/themes/burlak/functions.php on line 275

2021-08-15T12:30:27+00:00 CRITICAL Uncaught Error: Call to a member function get() on null in /Users/eugeneburlak/work/php/rest/store/wp-content/themes/burlak/functions.php:275
Stack trace:
#0 /Users/eugeneburlak/work/php/rest/store/wp-includes/class-wp-hook.php(303): settings('')
#1 /Users/eugeneburlak/work/php/rest/store/wp-includes/class-wp-hook.php(327): WP_Hook->apply_filters(NULL, Array)
#2 /Users/eugeneburlak/work/php/rest/store/wp-includes/plugin.php(470): WP_Hook->do_action(Array)
#3 /Users/eugeneburlak/work/php/rest/store/wp-settings.php(578): do_action('init')
#4 /Users/eugeneburlak/work/php/rest/store/wp-config.php(96): require_once('/Users/eugenebu...')
#5 /Users/eugeneburlak/work/php/rest/store/wp-load.php(50): require_once('/Users/eugenebu...')
#6 /Users/eugeneburlak/work/php/rest/store/wp-cron.php(44): require_once('/Users/eugenebu...')
#7 {main}
  thrown in /Users/eugeneburlak/work/php/rest/store/wp-content/themes/burlak/functions.php on line 275

2021-08-15T12:31:48+00:00 CRITICAL Uncaught Error: Call to a member function get() on null in /Users/eugeneburlak/work/php/rest/store/wp-content/themes/burlak/functions.php:275
Stack trace:
#0 /Users/eugeneburlak/work/php/rest/store/wp-includes/class-wp-hook.php(303): settings('')
#1 /Users/eugeneburlak/work/php/rest/store/wp-includes/class-wp-hook.php(327): WP_Hook->apply_filters(NULL, Array)
#2 /Users/eugeneburlak/work/php/rest/store/wp-includes/plugin.php(470): WP_Hook->do_action(Array)
#3 /Users/eugeneburlak/work/php/rest/store/wp-settings.php(578): do_action('init')
#4 /Users/eugeneburlak/work/php/rest/store/wp-config.php(96): require_once('/Users/eugenebu...')
#5 /Users/eugeneburlak/work/php/rest/store/wp-load.php(50): require_once('/Users/eugenebu...')
#6 /Users/eugeneburlak/work/php/rest/store/wp-cron.php(44): require_once('/Users/eugenebu...')
#7 {main}
  thrown in /Users/eugeneburlak/work/php/rest/store/wp-content/themes/burlak/functions.php on line 275

2021-08-15T12:33:51+00:00 CRITICAL Uncaught Error: Call to a member function get() on null in /Users/eugeneburlak/work/php/rest/store/wp-content/themes/burlak/functions.php:275
Stack trace:
#0 /Users/eugeneburlak/work/php/rest/store/wp-includes/class-wp-hook.php(303): settings('')
#1 /Users/eugeneburlak/work/php/rest/store/wp-includes/class-wp-hook.php(327): WP_Hook->apply_filters(NULL, Array)
#2 /Users/eugeneburlak/work/php/rest/store/wp-includes/plugin.php(470): WP_Hook->do_action(Array)
#3 /Users/eugeneburlak/work/php/rest/store/wp-settings.php(578): do_action('init')
#4 /Users/eugeneburlak/work/php/rest/store/wp-config.php(96): require_once('/Users/eugenebu...')
#5 /Users/eugeneburlak/work/php/rest/store/wp-load.php(50): require_once('/Users/eugenebu...')
#6 /Users/eugeneburlak/work/php/rest/store/wp-cron.php(44): require_once('/Users/eugenebu...')
#7 {main}
  thrown in /Users/eugeneburlak/work/php/rest/store/wp-content/themes/burlak/functions.php on line 275

2021-08-15T12:35:02+00:00 CRITICAL Uncaught Error: Call to a member function get() on null in /Users/eugeneburlak/work/php/rest/store/wp-content/themes/burlak/functions.php:275
Stack trace:
#0 /Users/eugeneburlak/work/php/rest/store/wp-includes/class-wp-hook.php(303): settings('')
#1 /Users/eugeneburlak/work/php/rest/store/wp-includes/class-wp-hook.php(327): WP_Hook->apply_filters(NULL, Array)
#2 /Users/eugeneburlak/work/php/rest/store/wp-includes/plugin.php(470): WP_Hook->do_action(Array)
#3 /Users/eugeneburlak/work/php/rest/store/wp-settings.php(578): do_action('init')
#4 /Users/eugeneburlak/work/php/rest/store/wp-config.php(96): require_once('/Users/eugenebu...')
#5 /Users/eugeneburlak/work/php/rest/store/wp-load.php(50): require_once('/Users/eugenebu...')
#6 /Users/eugeneburlak/work/php/rest/store/wp-cron.php(44): require_once('/Users/eugenebu...')
#7 {main}
  thrown in /Users/eugeneburlak/work/php/rest/store/wp-content/themes/burlak/functions.php on line 275

2021-08-15T12:36:16+00:00 CRITICAL Uncaught Error: Call to a member function get() on null in /Users/eugeneburlak/work/php/rest/store/wp-content/themes/burlak/functions.php:275
Stack trace:
#0 /Users/eugeneburlak/work/php/rest/store/wp-includes/class-wp-hook.php(303): settings('')
#1 /Users/eugeneburlak/work/php/rest/store/wp-includes/class-wp-hook.php(327): WP_Hook->apply_filters(NULL, Array)
#2 /Users/eugeneburlak/work/php/rest/store/wp-includes/plugin.php(470): WP_Hook->do_action(Array)
#3 /Users/eugeneburlak/work/php/rest/store/wp-settings.php(578): do_action('init')
#4 /Users/eugeneburlak/work/php/rest/store/wp-config.php(96): require_once('/Users/eugenebu...')
#5 /Users/eugeneburlak/work/php/rest/store/wp-load.php(50): require_once('/Users/eugenebu...')
#6 /Users/eugeneburlak/work/php/rest/store/wp-cron.php(44): require_once('/Users/eugenebu...')
#7 {main}
  thrown in /Users/eugeneburlak/work/php/rest/store/wp-content/themes/burlak/functions.php on line 275

2021-08-15T12:37:17+00:00 CRITICAL Uncaught Error: Call to a member function get() on null in /Users/eugeneburlak/work/php/rest/store/wp-content/themes/burlak/functions.php:275
Stack trace:
#0 /Users/eugeneburlak/work/php/rest/store/wp-includes/class-wp-hook.php(303): settings('')
#1 /Users/eugeneburlak/work/php/rest/store/wp-includes/class-wp-hook.php(327): WP_Hook->apply_filters(NULL, Array)
#2 /Users/eugeneburlak/work/php/rest/store/wp-includes/plugin.php(470): WP_Hook->do_action(Array)
#3 /Users/eugeneburlak/work/php/rest/store/wp-settings.php(578): do_action('init')
#4 /Users/eugeneburlak/work/php/rest/store/wp-config.php(96): require_once('/Users/eugenebu...')
#5 /Users/eugeneburlak/work/php/rest/store/wp-load.php(50): require_once('/Users/eugenebu...')
#6 /Users/eugeneburlak/work/php/rest/store/wp-cron.php(44): require_once('/Users/eugenebu...')
#7 {main}
  thrown in /Users/eugeneburlak/work/php/rest/store/wp-content/themes/burlak/functions.php on line 275

2021-08-15T12:38:19+00:00 CRITICAL Uncaught Error: Call to a member function get() on null in /Users/eugeneburlak/work/php/rest/store/wp-content/themes/burlak/functions.php:275
Stack trace:
#0 /Users/eugeneburlak/work/php/rest/store/wp-includes/class-wp-hook.php(303): settings('')
#1 /Users/eugeneburlak/work/php/rest/store/wp-includes/class-wp-hook.php(327): WP_Hook->apply_filters(NULL, Array)
#2 /Users/eugeneburlak/work/php/rest/store/wp-includes/plugin.php(470): WP_Hook->do_action(Array)
#3 /Users/eugeneburlak/work/php/rest/store/wp-settings.php(578): do_action('init')
#4 /Users/eugeneburlak/work/php/rest/store/wp-config.php(96): require_once('/Users/eugenebu...')
#5 /Users/eugeneburlak/work/php/rest/store/wp-load.php(50): require_once('/Users/eugenebu...')
#6 /Users/eugeneburlak/work/php/rest/store/wp-cron.php(44): require_once('/Users/eugenebu...')
#7 {main}
  thrown in /Users/eugeneburlak/work/php/rest/store/wp-content/themes/burlak/functions.php on line 275

2021-08-15T12:39:21+00:00 CRITICAL Uncaught Error: Call to a member function get() on null in /Users/eugeneburlak/work/php/rest/store/wp-content/themes/burlak/functions.php:275
Stack trace:
#0 /Users/eugeneburlak/work/php/rest/store/wp-includes/class-wp-hook.php(303): settings('')
#1 /Users/eugeneburlak/work/php/rest/store/wp-includes/class-wp-hook.php(327): WP_Hook->apply_filters(NULL, Array)
#2 /Users/eugeneburlak/work/php/rest/store/wp-includes/plugin.php(470): WP_Hook->do_action(Array)
#3 /Users/eugeneburlak/work/php/rest/store/wp-settings.php(578): do_action('init')
#4 /Users/eugeneburlak/work/php/rest/store/wp-config.php(96): require_once('/Users/eugenebu...')
#5 /Users/eugeneburlak/work/php/rest/store/wp-load.php(50): require_once('/Users/eugenebu...')
#6 /Users/eugeneburlak/work/php/rest/store/wp-cron.php(44): require_once('/Users/eugenebu...')
#7 {main}
  thrown in /Users/eugeneburlak/work/php/rest/store/wp-content/themes/burlak/functions.php on line 275

2021-08-15T12:40:47+00:00 CRITICAL Uncaught Error: Call to a member function get() on null in /Users/eugeneburlak/work/php/rest/store/wp-content/themes/burlak/functions.php:275
Stack trace:
#0 /Users/eugeneburlak/work/php/rest/store/wp-includes/class-wp-hook.php(303): settings('')
#1 /Users/eugeneburlak/work/php/rest/store/wp-includes/class-wp-hook.php(327): WP_Hook->apply_filters(NULL, Array)
#2 /Users/eugeneburlak/work/php/rest/store/wp-includes/plugin.php(470): WP_Hook->do_action(Array)
#3 /Users/eugeneburlak/work/php/rest/store/wp-settings.php(578): do_action('init')
#4 /Users/eugeneburlak/work/php/rest/store/wp-config.php(96): require_once('/Users/eugenebu...')
#5 /Users/eugeneburlak/work/php/rest/store/wp-load.php(50): require_once('/Users/eugenebu...')
#6 /Users/eugeneburlak/work/php/rest/store/wp-cron.php(44): require_once('/Users/eugenebu...')
#7 {main}
  thrown in /Users/eugeneburlak/work/php/rest/store/wp-content/themes/burlak/functions.php on line 275

2021-08-15T12:42:27+00:00 CRITICAL Uncaught Error: Call to a member function get() on null in /Users/eugeneburlak/work/php/rest/store/wp-content/themes/burlak/functions.php:275
Stack trace:
#0 /Users/eugeneburlak/work/php/rest/store/wp-includes/class-wp-hook.php(303): settings('')
#1 /Users/eugeneburlak/work/php/rest/store/wp-includes/class-wp-hook.php(327): WP_Hook->apply_filters(NULL, Array)
#2 /Users/eugeneburlak/work/php/rest/store/wp-includes/plugin.php(470): WP_Hook->do_action(Array)
#3 /Users/eugeneburlak/work/php/rest/store/wp-settings.php(578): do_action('init')
#4 /Users/eugeneburlak/work/php/rest/store/wp-config.php(96): require_once('/Users/eugenebu...')
#5 /Users/eugeneburlak/work/php/rest/store/wp-load.php(50): require_once('/Users/eugenebu...')
#6 /Users/eugeneburlak/work/php/rest/store/wp-cron.php(44): require_once('/Users/eugenebu...')
#7 {main}
  thrown in /Users/eugeneburlak/work/php/rest/store/wp-content/themes/burlak/functions.php on line 275

2021-08-15T12:43:28+00:00 CRITICAL Uncaught Error: Call to a member function get() on null in /Users/eugeneburlak/work/php/rest/store/wp-content/themes/burlak/functions.php:275
Stack trace:
#0 /Users/eugeneburlak/work/php/rest/store/wp-includes/class-wp-hook.php(303): settings('')
#1 /Users/eugeneburlak/work/php/rest/store/wp-includes/class-wp-hook.php(327): WP_Hook->apply_filters(NULL, Array)
#2 /Users/eugeneburlak/work/php/rest/store/wp-includes/plugin.php(470): WP_Hook->do_action(Array)
#3 /Users/eugeneburlak/work/php/rest/store/wp-settings.php(578): do_action('init')
#4 /Users/eugeneburlak/work/php/rest/store/wp-config.php(96): require_once('/Users/eugenebu...')
#5 /Users/eugeneburlak/work/php/rest/store/wp-load.php(50): require_once('/Users/eugenebu...')
#6 /Users/eugeneburlak/work/php/rest/store/wp-cron.php(44): require_once('/Users/eugenebu...')
#7 {main}
  thrown in /Users/eugeneburlak/work/php/rest/store/wp-content/themes/burlak/functions.php on line 275

2021-08-15T12:44:40+00:00 CRITICAL Uncaught Error: Call to a member function get() on null in /Users/eugeneburlak/work/php/rest/store/wp-content/themes/burlak/functions.php:275
Stack trace:
#0 /Users/eugeneburlak/work/php/rest/store/wp-includes/class-wp-hook.php(303): settings('')
#1 /Users/eugeneburlak/work/php/rest/store/wp-includes/class-wp-hook.php(327): WP_Hook->apply_filters(NULL, Array)
#2 /Users/eugeneburlak/work/php/rest/store/wp-includes/plugin.php(470): WP_Hook->do_action(Array)
#3 /Users/eugeneburlak/work/php/rest/store/wp-settings.php(578): do_action('init')
#4 /Users/eugeneburlak/work/php/rest/store/wp-config.php(96): require_once('/Users/eugenebu...')
#5 /Users/eugeneburlak/work/php/rest/store/wp-load.php(50): require_once('/Users/eugenebu...')
#6 /Users/eugeneburlak/work/php/rest/store/wp-cron.php(44): require_once('/Users/eugenebu...')
#7 {main}
  thrown in /Users/eugeneburlak/work/php/rest/store/wp-content/themes/burlak/functions.php on line 275

2021-08-15T12:46:09+00:00 CRITICAL Uncaught Error: Call to a member function get() on null in /Users/eugeneburlak/work/php/rest/store/wp-content/themes/burlak/functions.php:275
Stack trace:
#0 /Users/eugeneburlak/work/php/rest/store/wp-includes/class-wp-hook.php(303): settings('')
#1 /Users/eugeneburlak/work/php/rest/store/wp-includes/class-wp-hook.php(327): WP_Hook->apply_filters(NULL, Array)
#2 /Users/eugeneburlak/work/php/rest/store/wp-includes/plugin.php(470): WP_Hook->do_action(Array)
#3 /Users/eugeneburlak/work/php/rest/store/wp-settings.php(578): do_action('init')
#4 /Users/eugeneburlak/work/php/rest/store/wp-config.php(96): require_once('/Users/eugenebu...')
#5 /Users/eugeneburlak/work/php/rest/store/wp-load.php(50): require_once('/Users/eugenebu...')
#6 /Users/eugeneburlak/work/php/rest/store/wp-cron.php(44): require_once('/Users/eugenebu...')
#7 {main}
  thrown in /Users/eugeneburlak/work/php/rest/store/wp-content/themes/burlak/functions.php on line 275

2021-08-15T13:09:06+00:00 CRITICAL Uncaught Error: Call to a member function get() on null in /Users/eugeneburlak/work/php/rest/store/wp-content/themes/burlak/functions.php:275
Stack trace:
#0 /Users/eugeneburlak/work/php/rest/store/wp-includes/class-wp-hook.php(303): settings('')
#1 /Users/eugeneburlak/work/php/rest/store/wp-includes/class-wp-hook.php(327): WP_Hook->apply_filters(NULL, Array)
#2 /Users/eugeneburlak/work/php/rest/store/wp-includes/plugin.php(470): WP_Hook->do_action(Array)
#3 /Users/eugeneburlak/work/php/rest/store/wp-settings.php(578): do_action('init')
#4 /Users/eugeneburlak/work/php/rest/store/wp-config.php(96): require_once('/Users/eugenebu...')
#5 /Users/eugeneburlak/work/php/rest/store/wp-load.php(50): require_once('/Users/eugenebu...')
#6 /Users/eugeneburlak/work/php/rest/store/wp-cron.php(44): require_once('/Users/eugenebu...')
#7 {main}
  thrown in /Users/eugeneburlak/work/php/rest/store/wp-content/themes/burlak/functions.php on line 275

2021-08-15T13:10:11+00:00 CRITICAL Uncaught Error: Call to a member function get() on null in /Users/eugeneburlak/work/php/rest/store/wp-content/themes/burlak/functions.php:275
Stack trace:
#0 /Users/eugeneburlak/work/php/rest/store/wp-includes/class-wp-hook.php(303): settings('')
#1 /Users/eugeneburlak/work/php/rest/store/wp-includes/class-wp-hook.php(327): WP_Hook->apply_filters(NULL, Array)
#2 /Users/eugeneburlak/work/php/rest/store/wp-includes/plugin.php(470): WP_Hook->do_action(Array)
#3 /Users/eugeneburlak/work/php/rest/store/wp-settings.php(578): do_action('init')
#4 /Users/eugeneburlak/work/php/rest/store/wp-config.php(96): require_once('/Users/eugenebu...')
#5 /Users/eugeneburlak/work/php/rest/store/wp-load.php(50): require_once('/Users/eugenebu...')
#6 /Users/eugeneburlak/work/php/rest/store/wp-cron.php(44): require_once('/Users/eugenebu...')
#7 {main}
  thrown in /Users/eugeneburlak/work/php/rest/store/wp-content/themes/burlak/functions.php on line 275

2021-08-15T13:13:32+00:00 CRITICAL Uncaught Error: Call to a member function get() on null in /Users/eugeneburlak/work/php/rest/store/wp-content/themes/burlak/functions.php:277
Stack trace:
#0 /Users/eugeneburlak/work/php/rest/store/wp-includes/class-wp-hook.php(303): settings('')
#1 /Users/eugeneburlak/work/php/rest/store/wp-includes/class-wp-hook.php(327): WP_Hook->apply_filters(NULL, Array)
#2 /Users/eugeneburlak/work/php/rest/store/wp-includes/plugin.php(470): WP_Hook->do_action(Array)
#3 /Users/eugeneburlak/work/php/rest/store/wp-settings.php(578): do_action('init')
#4 /Users/eugeneburlak/work/php/rest/store/wp-config.php(96): require_once('/Users/eugenebu...')
#5 /Users/eugeneburlak/work/php/rest/store/wp-load.php(50): require_once('/Users/eugenebu...')
#6 /Users/eugeneburlak/work/php/rest/store/wp-cron.php(44): require_once('/Users/eugenebu...')
#7 {main}
  thrown in /Users/eugeneburlak/work/php/rest/store/wp-content/themes/burlak/functions.php on line 277

2021-08-15T13:14:03+00:00 CRITICAL Uncaught Error: Call to a member function get() on null in /Users/eugeneburlak/work/php/rest/store/wp-content/themes/burlak/functions.php:277
Stack trace:
#0 /Users/eugeneburlak/work/php/rest/store/wp-includes/class-wp-hook.php(303): settings('')
#1 /Users/eugeneburlak/work/php/rest/store/wp-includes/class-wp-hook.php(327): WP_Hook->apply_filters(NULL, Array)
#2 /Users/eugeneburlak/work/php/rest/store/wp-includes/plugin.php(470): WP_Hook->do_action(Array)
#3 /Users/eugeneburlak/work/php/rest/store/wp-settings.php(578): do_action('init')
#4 /Users/eugeneburlak/work/php/rest/store/wp-config.php(96): require_once('/Users/eugenebu...')
#5 /Users/eugeneburlak/work/php/rest/store/wp-load.php(50): require_once('/Users/eugenebu...')
#6 /Users/eugeneburlak/work/php/rest/store/wp-blog-header.php(13): require_once('/Users/eugenebu...')
#7 /Users/eugeneburlak/work/php/rest/store/index.php(17): require('/Users/eugenebu...')
#8 {main}
  thrown in /Users/eugeneburlak/work/php/rest/store/wp-content/themes/burlak/functions.php on line 277

2021-08-15T13:14:03+00:00 CRITICAL Uncaught Error: Call to a member function get() on null in /Users/eugeneburlak/work/php/rest/store/wp-content/themes/burlak/functions.php:277
Stack trace:
#0 /Users/eugeneburlak/work/php/rest/store/wp-includes/class-wp-hook.php(303): settings('')
#1 /Users/eugeneburlak/work/php/rest/store/wp-includes/class-wp-hook.php(327): WP_Hook->apply_filters(NULL, Array)
#2 /Users/eugeneburlak/work/php/rest/store/wp-includes/plugin.php(470): WP_Hook->do_action(Array)
#3 /Users/eugeneburlak/work/php/rest/store/wp-settings.php(578): do_action('init')
#4 /Users/eugeneburlak/work/php/rest/store/wp-config.php(96): require_once('/Users/eugenebu...')
#5 /Users/eugeneburlak/work/php/rest/store/wp-load.php(50): require_once('/Users/eugenebu...')
#6 /Users/eugeneburlak/work/php/rest/store/wp-blog-header.php(13): require_once('/Users/eugenebu...')
#7 /Users/eugeneburlak/work/php/rest/store/index.php(17): require('/Users/eugenebu...')
#8 {main}
  thrown in /Users/eugeneburlak/work/php/rest/store/wp-content/themes/burlak/functions.php on line 277

2021-08-15T13:14:04+00:00 CRITICAL Uncaught Error: Call to a member function get() on null in /Users/eugeneburlak/work/php/rest/store/wp-content/themes/burlak/functions.php:277
Stack trace:
#0 /Users/eugeneburlak/work/php/rest/store/wp-includes/class-wp-hook.php(303): settings('')
#1 /Users/eugeneburlak/work/php/rest/store/wp-includes/class-wp-hook.php(327): WP_Hook->apply_filters(NULL, Array)
#2 /Users/eugeneburlak/work/php/rest/store/wp-includes/plugin.php(470): WP_Hook->do_action(Array)
#3 /Users/eugeneburlak/work/php/rest/store/wp-settings.php(578): do_action('init')
#4 /Users/eugeneburlak/work/php/rest/store/wp-config.php(96): require_once('/Users/eugenebu...')
#5 /Users/eugeneburlak/work/php/rest/store/wp-load.php(50): require_once('/Users/eugenebu...')
#6 /Users/eugeneburlak/work/php/rest/store/wp-blog-header.php(13): require_once('/Users/eugenebu...')
#7 /Users/eugeneburlak/work/php/rest/store/index.php(17): require('/Users/eugenebu...')
#8 {main}
  thrown in /Users/eugeneburlak/work/php/rest/store/wp-content/themes/burlak/functions.php on line 277

2021-08-15T13:14:05+00:00 CRITICAL Uncaught Error: Call to a member function get() on null in /Users/eugeneburlak/work/php/rest/store/wp-content/themes/burlak/functions.php:277
Stack trace:
#0 /Users/eugeneburlak/work/php/rest/store/wp-includes/class-wp-hook.php(303): settings('')
#1 /Users/eugeneburlak/work/php/rest/store/wp-includes/class-wp-hook.php(327): WP_Hook->apply_filters(NULL, Array)
#2 /Users/eugeneburlak/work/php/rest/store/wp-includes/plugin.php(470): WP_Hook->do_action(Array)
#3 /Users/eugeneburlak/work/php/rest/store/wp-settings.php(578): do_action('init')
#4 /Users/eugeneburlak/work/php/rest/store/wp-config.php(96): require_once('/Users/eugenebu...')
#5 /Users/eugeneburlak/work/php/rest/store/wp-load.php(50): require_once('/Users/eugenebu...')
#6 /Users/eugeneburlak/work/php/rest/store/wp-blog-header.php(13): require_once('/Users/eugenebu...')
#7 /Users/eugeneburlak/work/php/rest/store/index.php(17): require('/Users/eugenebu...')
#8 {main}
  thrown in /Users/eugeneburlak/work/php/rest/store/wp-content/themes/burlak/functions.php on line 277

2021-08-15T13:14:06+00:00 CRITICAL Uncaught Error: Call to a member function get() on null in /Users/eugeneburlak/work/php/rest/store/wp-content/themes/burlak/functions.php:277
Stack trace:
#0 /Users/eugeneburlak/work/php/rest/store/wp-includes/class-wp-hook.php(303): settings('')
#1 /Users/eugeneburlak/work/php/rest/store/wp-includes/class-wp-hook.php(327): WP_Hook->apply_filters(NULL, Array)
#2 /Users/eugeneburlak/work/php/rest/store/wp-includes/plugin.php(470): WP_Hook->do_action(Array)
#3 /Users/eugeneburlak/work/php/rest/store/wp-settings.php(578): do_action('init')
#4 /Users/eugeneburlak/work/php/rest/store/wp-config.php(96): require_once('/Users/eugenebu...')
#5 /Users/eugeneburlak/work/php/rest/store/wp-load.php(50): require_once('/Users/eugenebu...')
#6 /Users/eugeneburlak/work/php/rest/store/wp-blog-header.php(13): require_once('/Users/eugenebu...')
#7 /Users/eugeneburlak/work/php/rest/store/index.php(17): require('/Users/eugenebu...')
#8 {main}
  thrown in /Users/eugeneburlak/work/php/rest/store/wp-content/themes/burlak/functions.php on line 277

2021-08-15T13:15:04+00:00 CRITICAL Uncaught Error: Call to a member function get() on null in /Users/eugeneburlak/work/php/rest/store/wp-content/themes/burlak/functions.php:277
Stack trace:
#0 /Users/eugeneburlak/work/php/rest/store/wp-includes/class-wp-hook.php(303): settings('')
#1 /Users/eugeneburlak/work/php/rest/store/wp-includes/class-wp-hook.php(327): WP_Hook->apply_filters(NULL, Array)
#2 /Users/eugeneburlak/work/php/rest/store/wp-includes/plugin.php(470): WP_Hook->do_action(Array)
#3 /Users/eugeneburlak/work/php/rest/store/wp-settings.php(578): do_action('init')
#4 /Users/eugeneburlak/work/php/rest/store/wp-config.php(96): require_once('/Users/eugenebu...')
#5 /Users/eugeneburlak/work/php/rest/store/wp-load.php(50): require_once('/Users/eugenebu...')
#6 /Users/eugeneburlak/work/php/rest/store/wp-cron.php(44): require_once('/Users/eugenebu...')
#7 {main}
  thrown in /Users/eugeneburlak/work/php/rest/store/wp-content/themes/burlak/functions.php on line 277

2021-08-15T13:15:26+00:00 CRITICAL Uncaught Error: Call to a member function get() on null in /Users/eugeneburlak/work/php/rest/store/wp-content/themes/burlak/functions.php:277
Stack trace:
#0 /Users/eugeneburlak/work/php/rest/store/wp-includes/class-wp-hook.php(303): settings('')
#1 /Users/eugeneburlak/work/php/rest/store/wp-includes/class-wp-hook.php(327): WP_Hook->apply_filters(NULL, Array)
#2 /Users/eugeneburlak/work/php/rest/store/wp-includes/plugin.php(470): WP_Hook->do_action(Array)
#3 /Users/eugeneburlak/work/php/rest/store/wp-settings.php(578): do_action('init')
#4 /Users/eugeneburlak/work/php/rest/store/wp-config.php(96): require_once('/Users/eugenebu...')
#5 /Users/eugeneburlak/work/php/rest/store/wp-load.php(50): require_once('/Users/eugenebu...')
#6 /Users/eugeneburlak/work/php/rest/store/wp-blog-header.php(13): require_once('/Users/eugenebu...')
#7 /Users/eugeneburlak/work/php/rest/store/index.php(17): require('/Users/eugenebu...')
#8 {main}
  thrown in /Users/eugeneburlak/work/php/rest/store/wp-content/themes/burlak/functions.php on line 277

2021-08-15T13:15:26+00:00 CRITICAL Uncaught Error: Call to a member function get() on null in /Users/eugeneburlak/work/php/rest/store/wp-content/themes/burlak/functions.php:277
Stack trace:
#0 /Users/eugeneburlak/work/php/rest/store/wp-includes/class-wp-hook.php(303): settings('')
#1 /Users/eugeneburlak/work/php/rest/store/wp-includes/class-wp-hook.php(327): WP_Hook->apply_filters(NULL, Array)
#2 /Users/eugeneburlak/work/php/rest/store/wp-includes/plugin.php(470): WP_Hook->do_action(Array)
#3 /Users/eugeneburlak/work/php/rest/store/wp-settings.php(578): do_action('init')
#4 /Users/eugeneburlak/work/php/rest/store/wp-config.php(96): require_once('/Users/eugenebu...')
#5 /Users/eugeneburlak/work/php/rest/store/wp-load.php(50): require_once('/Users/eugenebu...')
#6 /Users/eugeneburlak/work/php/rest/store/wp-blog-header.php(13): require_once('/Users/eugenebu...')
#7 /Users/eugeneburlak/work/php/rest/store/index.php(17): require('/Users/eugenebu...')
#8 {main}
  thrown in /Users/eugeneburlak/work/php/rest/store/wp-content/themes/burlak/functions.php on line 277

2021-08-15T13:15:32+00:00 CRITICAL Uncaught Error: Call to a member function get() on null in /Users/eugeneburlak/work/php/rest/store/wp-content/themes/burlak/functions.php:277
Stack trace:
#0 /Users/eugeneburlak/work/php/rest/store/wp-includes/class-wp-hook.php(303): settings('')
#1 /Users/eugeneburlak/work/php/rest/store/wp-includes/class-wp-hook.php(327): WP_Hook->apply_filters(NULL, Array)
#2 /Users/eugeneburlak/work/php/rest/store/wp-includes/plugin.php(470): WP_Hook->do_action(Array)
#3 /Users/eugeneburlak/work/php/rest/store/wp-settings.php(578): do_action('init')
#4 /Users/eugeneburlak/work/php/rest/store/wp-config.php(96): require_once('/Users/eugenebu...')
#5 /Users/eugeneburlak/work/php/rest/store/wp-load.php(50): require_once('/Users/eugenebu...')
#6 /Users/eugeneburlak/work/php/rest/store/wp-blog-header.php(13): require_once('/Users/eugenebu...')
#7 /Users/eugeneburlak/work/php/rest/store/index.php(17): require('/Users/eugenebu...')
#8 {main}
  thrown in /Users/eugeneburlak/work/php/rest/store/wp-content/themes/burlak/functions.php on line 277

2021-08-15T13:15:33+00:00 CRITICAL Uncaught Error: Call to a member function get() on null in /Users/eugeneburlak/work/php/rest/store/wp-content/themes/burlak/functions.php:277
Stack trace:
#0 /Users/eugeneburlak/work/php/rest/store/wp-includes/class-wp-hook.php(303): settings('')
#1 /Users/eugeneburlak/work/php/rest/store/wp-includes/class-wp-hook.php(327): WP_Hook->apply_filters(NULL, Array)
#2 /Users/eugeneburlak/work/php/rest/store/wp-includes/plugin.php(470): WP_Hook->do_action(Array)
#3 /Users/eugeneburlak/work/php/rest/store/wp-settings.php(578): do_action('init')
#4 /Users/eugeneburlak/work/php/rest/store/wp-config.php(96): require_once('/Users/eugenebu...')
#5 /Users/eugeneburlak/work/php/rest/store/wp-load.php(50): require_once('/Users/eugenebu...')
#6 /Users/eugeneburlak/work/php/rest/store/wp-blog-header.php(13): require_once('/Users/eugenebu...')
#7 /Users/eugeneburlak/work/php/rest/store/index.php(17): require('/Users/eugenebu...')
#8 {main}
  thrown in /Users/eugeneburlak/work/php/rest/store/wp-content/themes/burlak/functions.php on line 277

2021-08-15T13:15:33+00:00 CRITICAL Uncaught Error: Call to a member function get() on null in /Users/eugeneburlak/work/php/rest/store/wp-content/themes/burlak/functions.php:277
Stack trace:
#0 /Users/eugeneburlak/work/php/rest/store/wp-includes/class-wp-hook.php(303): settings('')
#1 /Users/eugeneburlak/work/php/rest/store/wp-includes/class-wp-hook.php(327): WP_Hook->apply_filters(NULL, Array)
#2 /Users/eugeneburlak/work/php/rest/store/wp-includes/plugin.php(470): WP_Hook->do_action(Array)
#3 /Users/eugeneburlak/work/php/rest/store/wp-settings.php(578): do_action('init')
#4 /Users/eugeneburlak/work/php/rest/store/wp-config.php(96): require_once('/Users/eugenebu...')
#5 /Users/eugeneburlak/work/php/rest/store/wp-load.php(50): require_once('/Users/eugenebu...')
#6 /Users/eugeneburlak/work/php/rest/store/wp-blog-header.php(13): require_once('/Users/eugenebu...')
#7 /Users/eugeneburlak/work/php/rest/store/index.php(17): require('/Users/eugenebu...')
#8 {main}
  thrown in /Users/eugeneburlak/work/php/rest/store/wp-content/themes/burlak/functions.php on line 277

2021-08-15T13:16:29+00:00 CRITICAL Uncaught Error: Call to a member function get() on null in /Users/eugeneburlak/work/php/rest/store/wp-content/themes/burlak/functions.php:277
Stack trace:
#0 /Users/eugeneburlak/work/php/rest/store/wp-includes/class-wp-hook.php(303): settings('')
#1 /Users/eugeneburlak/work/php/rest/store/wp-includes/class-wp-hook.php(327): WP_Hook->apply_filters(NULL, Array)
#2 /Users/eugeneburlak/work/php/rest/store/wp-includes/plugin.php(470): WP_Hook->do_action(Array)
#3 /Users/eugeneburlak/work/php/rest/store/wp-settings.php(578): do_action('init')
#4 /Users/eugeneburlak/work/php/rest/store/wp-config.php(96): require_once('/Users/eugenebu...')
#5 /Users/eugeneburlak/work/php/rest/store/wp-load.php(50): require_once('/Users/eugenebu...')
#6 /Users/eugeneburlak/work/php/rest/store/wp-cron.php(44): require_once('/Users/eugenebu...')
#7 {main}
  thrown in /Users/eugeneburlak/work/php/rest/store/wp-content/themes/burlak/functions.php on line 277

2021-08-15T13:17:18+00:00 CRITICAL Uncaught Error: Call to undefined function get_post_thumbnail() in /Users/eugeneburlak/work/php/rest/store/wp-content/themes/burlak/product/item.php:3
Stack trace:
#0 /Users/eugeneburlak/work/php/rest/store/wp-content/themes/burlak/functions.php(183): require()
#1 /Users/eugeneburlak/work/php/rest/store/wp-content/themes/burlak/product/list.php(6): my_get_template_part('product/item', Array)
#2 /Users/eugeneburlak/work/php/rest/store/wp-content/themes/burlak/functions.php(183): require('/Users/eugenebu...')
#3 /Users/eugeneburlak/work/php/rest/store/wp-content/themes/burlak/product/popular.php(67): my_get_template_part('product/list', Array)
#4 /Users/eugeneburlak/work/php/rest/store/wp-includes/template.php(772): require('/Users/eugenebu...')
#5 /Users/eugeneburlak/work/php/rest/store/wp-includes/template.php(716): load_template('/Users/eugenebu...', false, Array)
#6 /Users/eugeneburlak/work/php/rest/store/wp-includes/general-template.php(204): locate_template(Array, true, false, Array)
#7 /Users/eugeneburla in /Users/eugeneburlak/work/php/rest/store/wp-content/themes/burlak/product/item.php on line 3

2021-08-15T13:17:54+00:00 CRITICAL Uncaught Error: Call to a member function get() on null in /Users/eugeneburlak/work/php/rest/store/wp-content/themes/burlak/functions.php:277
Stack trace:
#0 /Users/eugeneburlak/work/php/rest/store/wp-includes/class-wp-hook.php(303): settings('')
#1 /Users/eugeneburlak/work/php/rest/store/wp-includes/class-wp-hook.php(327): WP_Hook->apply_filters(NULL, Array)
#2 /Users/eugeneburlak/work/php/rest/store/wp-includes/plugin.php(470): WP_Hook->do_action(Array)
#3 /Users/eugeneburlak/work/php/rest/store/wp-settings.php(578): do_action('init')
#4 /Users/eugeneburlak/work/php/rest/store/wp-config.php(96): require_once('/Users/eugenebu...')
#5 /Users/eugeneburlak/work/php/rest/store/wp-load.php(50): require_once('/Users/eugenebu...')
#6 /Users/eugeneburlak/work/php/rest/store/wp-cron.php(44): require_once('/Users/eugenebu...')
#7 {main}
  thrown in /Users/eugeneburlak/work/php/rest/store/wp-content/themes/burlak/functions.php on line 277

2021-08-15T13:19:16+00:00 CRITICAL Uncaught Error: Call to a member function get() on null in /Users/eugeneburlak/work/php/rest/store/wp-content/themes/burlak/functions.php:277
Stack trace:
#0 /Users/eugeneburlak/work/php/rest/store/wp-includes/class-wp-hook.php(303): settings('')
#1 /Users/eugeneburlak/work/php/rest/store/wp-includes/class-wp-hook.php(327): WP_Hook->apply_filters(NULL, Array)
#2 /Users/eugeneburlak/work/php/rest/store/wp-includes/plugin.php(470): WP_Hook->do_action(Array)
#3 /Users/eugeneburlak/work/php/rest/store/wp-settings.php(578): do_action('init')
#4 /Users/eugeneburlak/work/php/rest/store/wp-config.php(96): require_once('/Users/eugenebu...')
#5 /Users/eugeneburlak/work/php/rest/store/wp-load.php(50): require_once('/Users/eugenebu...')
#6 /Users/eugeneburlak/work/php/rest/store/wp-cron.php(44): require_once('/Users/eugenebu...')
#7 {main}
  thrown in /Users/eugeneburlak/work/php/rest/store/wp-content/themes/burlak/functions.php on line 277

2021-08-15T13:20:32+00:00 CRITICAL Uncaught Error: Call to a member function get() on null in /Users/eugeneburlak/work/php/rest/store/wp-content/themes/burlak/functions.php:277
Stack trace:
#0 /Users/eugeneburlak/work/php/rest/store/wp-includes/class-wp-hook.php(303): settings('')
#1 /Users/eugeneburlak/work/php/rest/store/wp-includes/class-wp-hook.php(327): WP_Hook->apply_filters(NULL, Array)
#2 /Users/eugeneburlak/work/php/rest/store/wp-includes/plugin.php(470): WP_Hook->do_action(Array)
#3 /Users/eugeneburlak/work/php/rest/store/wp-settings.php(578): do_action('init')
#4 /Users/eugeneburlak/work/php/rest/store/wp-config.php(96): require_once('/Users/eugenebu...')
#5 /Users/eugeneburlak/work/php/rest/store/wp-load.php(50): require_once('/Users/eugenebu...')
#6 /Users/eugeneburlak/work/php/rest/store/wp-cron.php(44): require_once('/Users/eugenebu...')
#7 {main}
  thrown in /Users/eugeneburlak/work/php/rest/store/wp-content/themes/burlak/functions.php on line 277

2021-08-15T13:20:32+00:00 CRITICAL Uncaught Error: Call to a member function get() on null in /Users/eugeneburlak/work/php/rest/store/wp-content/themes/burlak/functions.php:277
Stack trace:
#0 /Users/eugeneburlak/work/php/rest/store/wp-includes/class-wp-hook.php(303): settings('')
#1 /Users/eugeneburlak/work/php/rest/store/wp-includes/class-wp-hook.php(327): WP_Hook->apply_filters(NULL, Array)
#2 /Users/eugeneburlak/work/php/rest/store/wp-includes/plugin.php(470): WP_Hook->do_action(Array)
#3 /Users/eugeneburlak/work/php/rest/store/wp-settings.php(578): do_action('init')
#4 /Users/eugeneburlak/work/php/rest/store/wp-config.php(96): require_once('/Users/eugenebu...')
#5 /Users/eugeneburlak/work/php/rest/store/wp-load.php(50): require_once('/Users/eugenebu...')
#6 /Users/eugeneburlak/work/php/rest/store/wp-cron.php(44): require_once('/Users/eugenebu...')
#7 {main}
  thrown in /Users/eugeneburlak/work/php/rest/store/wp-content/themes/burlak/functions.php on line 277

2021-08-15T13:21:34+00:00 CRITICAL Uncaught Error: Call to a member function get() on null in /Users/eugeneburlak/work/php/rest/store/wp-content/themes/burlak/functions.php:277
Stack trace:
#0 /Users/eugeneburlak/work/php/rest/store/wp-includes/class-wp-hook.php(303): settings('')
#1 /Users/eugeneburlak/work/php/rest/store/wp-includes/class-wp-hook.php(327): WP_Hook->apply_filters(NULL, Array)
#2 /Users/eugeneburlak/work/php/rest/store/wp-includes/plugin.php(470): WP_Hook->do_action(Array)
#3 /Users/eugeneburlak/work/php/rest/store/wp-settings.php(578): do_action('init')
#4 /Users/eugeneburlak/work/php/rest/store/wp-config.php(96): require_once('/Users/eugenebu...')
#5 /Users/eugeneburlak/work/php/rest/store/wp-load.php(50): require_once('/Users/eugenebu...')
#6 /Users/eugeneburlak/work/php/rest/store/wp-cron.php(44): require_once('/Users/eugenebu...')
#7 {main}
  thrown in /Users/eugeneburlak/work/php/rest/store/wp-content/themes/burlak/functions.php on line 277

2021-08-15T13:21:50+00:00 CRITICAL Uncaught Error: Call to a member function get() on null in /Users/eugeneburlak/work/php/rest/store/wp-content/themes/burlak/functions.php:277
Stack trace:
#0 /Users/eugeneburlak/work/php/rest/store/wp-includes/class-wp-hook.php(303): settings('')
#1 /Users/eugeneburlak/work/php/rest/store/wp-includes/class-wp-hook.php(327): WP_Hook->apply_filters(NULL, Array)
#2 /Users/eugeneburlak/work/php/rest/store/wp-includes/plugin.php(470): WP_Hook->do_action(Array)
#3 /Users/eugeneburlak/work/php/rest/store/wp-settings.php(578): do_action('init')
#4 /Users/eugeneburlak/work/php/rest/store/wp-config.php(96): require_once('/Users/eugenebu...')
#5 /Users/eugeneburlak/work/php/rest/store/wp-load.php(50): require_once('/Users/eugenebu...')
#6 /Users/eugeneburlak/work/php/rest/store/wp-blog-header.php(13): require_once('/Users/eugenebu...')
#7 /Users/eugeneburlak/work/php/rest/store/index.php(17): require('/Users/eugenebu...')
#8 {main}
  thrown in /Users/eugeneburlak/work/php/rest/store/wp-content/themes/burlak/functions.php on line 277

2021-08-15T13:21:50+00:00 CRITICAL Uncaught Error: Call to a member function get() on null in /Users/eugeneburlak/work/php/rest/store/wp-content/themes/burlak/functions.php:277
Stack trace:
#0 /Users/eugeneburlak/work/php/rest/store/wp-includes/class-wp-hook.php(303): settings('')
#1 /Users/eugeneburlak/work/php/rest/store/wp-includes/class-wp-hook.php(327): WP_Hook->apply_filters(NULL, Array)
#2 /Users/eugeneburlak/work/php/rest/store/wp-includes/plugin.php(470): WP_Hook->do_action(Array)
#3 /Users/eugeneburlak/work/php/rest/store/wp-settings.php(578): do_action('init')
#4 /Users/eugeneburlak/work/php/rest/store/wp-config.php(96): require_once('/Users/eugenebu...')
#5 /Users/eugeneburlak/work/php/rest/store/wp-load.php(50): require_once('/Users/eugenebu...')
#6 /Users/eugeneburlak/work/php/rest/store/wp-blog-header.php(13): require_once('/Users/eugenebu...')
#7 /Users/eugeneburlak/work/php/rest/store/index.php(17): require('/Users/eugenebu...')
#8 {main}
  thrown in /Users/eugeneburlak/work/php/rest/store/wp-content/themes/burlak/functions.php on line 277

2021-08-15T13:21:52+00:00 CRITICAL Uncaught Error: Call to a member function get() on null in /Users/eugeneburlak/work/php/rest/store/wp-content/themes/burlak/functions.php:277
Stack trace:
#0 /Users/eugeneburlak/work/php/rest/store/wp-includes/class-wp-hook.php(303): settings('')
#1 /Users/eugeneburlak/work/php/rest/store/wp-includes/class-wp-hook.php(327): WP_Hook->apply_filters(NULL, Array)
#2 /Users/eugeneburlak/work/php/rest/store/wp-includes/plugin.php(470): WP_Hook->do_action(Array)
#3 /Users/eugeneburlak/work/php/rest/store/wp-settings.php(578): do_action('init')
#4 /Users/eugeneburlak/work/php/rest/store/wp-config.php(96): require_once('/Users/eugenebu...')
#5 /Users/eugeneburlak/work/php/rest/store/wp-load.php(50): require_once('/Users/eugenebu...')
#6 /Users/eugeneburlak/work/php/rest/store/wp-blog-header.php(13): require_once('/Users/eugenebu...')
#7 /Users/eugeneburlak/work/php/rest/store/index.php(17): require('/Users/eugenebu...')
#8 {main}
  thrown in /Users/eugeneburlak/work/php/rest/store/wp-content/themes/burlak/functions.php on line 277

2021-08-15T13:21:53+00:00 CRITICAL Uncaught Error: Call to a member function get() on null in /Users/eugeneburlak/work/php/rest/store/wp-content/themes/burlak/functions.php:277
Stack trace:
#0 /Users/eugeneburlak/work/php/rest/store/wp-includes/class-wp-hook.php(303): settings('')
#1 /Users/eugeneburlak/work/php/rest/store/wp-includes/class-wp-hook.php(327): WP_Hook->apply_filters(NULL, Array)
#2 /Users/eugeneburlak/work/php/rest/store/wp-includes/plugin.php(470): WP_Hook->do_action(Array)
#3 /Users/eugeneburlak/work/php/rest/store/wp-settings.php(578): do_action('init')
#4 /Users/eugeneburlak/work/php/rest/store/wp-config.php(96): require_once('/Users/eugenebu...')
#5 /Users/eugeneburlak/work/php/rest/store/wp-load.php(50): require_once('/Users/eugenebu...')
#6 /Users/eugeneburlak/work/php/rest/store/wp-blog-header.php(13): require_once('/Users/eugenebu...')
#7 /Users/eugeneburlak/work/php/rest/store/index.php(17): require('/Users/eugenebu...')
#8 {main}
  thrown in /Users/eugeneburlak/work/php/rest/store/wp-content/themes/burlak/functions.php on line 277

2021-08-15T13:21:53+00:00 CRITICAL Uncaught Error: Call to a member function get() on null in /Users/eugeneburlak/work/php/rest/store/wp-content/themes/burlak/functions.php:277
Stack trace:
#0 /Users/eugeneburlak/work/php/rest/store/wp-includes/class-wp-hook.php(303): settings('')
#1 /Users/eugeneburlak/work/php/rest/store/wp-includes/class-wp-hook.php(327): WP_Hook->apply_filters(NULL, Array)
#2 /Users/eugeneburlak/work/php/rest/store/wp-includes/plugin.php(470): WP_Hook->do_action(Array)
#3 /Users/eugeneburlak/work/php/rest/store/wp-settings.php(578): do_action('init')
#4 /Users/eugeneburlak/work/php/rest/store/wp-config.php(96): require_once('/Users/eugenebu...')
#5 /Users/eugeneburlak/work/php/rest/store/wp-load.php(50): require_once('/Users/eugenebu...')
#6 /Users/eugeneburlak/work/php/rest/store/wp-blog-header.php(13): require_once('/Users/eugenebu...')
#7 /Users/eugeneburlak/work/php/rest/store/index.php(17): require('/Users/eugenebu...')
#8 {main}
  thrown in /Users/eugeneburlak/work/php/rest/store/wp-content/themes/burlak/functions.php on line 277

2021-08-15T13:23:29+00:00 CRITICAL Uncaught Error: Call to a member function get() on null in /Users/eugeneburlak/work/php/rest/store/wp-content/themes/burlak/functions.php:277
Stack trace:
#0 /Users/eugeneburlak/work/php/rest/store/wp-includes/class-wp-hook.php(303): settings('')
#1 /Users/eugeneburlak/work/php/rest/store/wp-includes/class-wp-hook.php(327): WP_Hook->apply_filters(NULL, Array)
#2 /Users/eugeneburlak/work/php/rest/store/wp-includes/plugin.php(470): WP_Hook->do_action(Array)
#3 /Users/eugeneburlak/work/php/rest/store/wp-settings.php(578): do_action('init')
#4 /Users/eugeneburlak/work/php/rest/store/wp-config.php(96): require_once('/Users/eugenebu...')
#5 /Users/eugeneburlak/work/php/rest/store/wp-load.php(50): require_once('/Users/eugenebu...')
#6 /Users/eugeneburlak/work/php/rest/store/wp-cron.php(44): require_once('/Users/eugenebu...')
#7 {main}
  thrown in /Users/eugeneburlak/work/php/rest/store/wp-content/themes/burlak/functions.php on line 277

2021-08-15T13:23:34+00:00 CRITICAL Uncaught Error: Call to a member function get() on null in /Users/eugeneburlak/work/php/rest/store/wp-content/themes/burlak/functions.php:277
Stack trace:
#0 /Users/eugeneburlak/work/php/rest/store/wp-includes/class-wp-hook.php(303): settings('')
#1 /Users/eugeneburlak/work/php/rest/store/wp-includes/class-wp-hook.php(327): WP_Hook->apply_filters(NULL, Array)
#2 /Users/eugeneburlak/work/php/rest/store/wp-includes/plugin.php(470): WP_Hook->do_action(Array)
#3 /Users/eugeneburlak/work/php/rest/store/wp-settings.php(578): do_action('init')
#4 /Users/eugeneburlak/work/php/rest/store/wp-config.php(96): require_once('/Users/eugenebu...')
#5 /Users/eugeneburlak/work/php/rest/store/wp-load.php(50): require_once('/Users/eugenebu...')
#6 /Users/eugeneburlak/work/php/rest/store/wp-blog-header.php(13): require_once('/Users/eugenebu...')
#7 /Users/eugeneburlak/work/php/rest/store/index.php(17): require('/Users/eugenebu...')
#8 {main}
  thrown in /Users/eugeneburlak/work/php/rest/store/wp-content/themes/burlak/functions.php on line 277

2021-08-15T13:23:34+00:00 CRITICAL Uncaught Error: Call to a member function get() on null in /Users/eugeneburlak/work/php/rest/store/wp-content/themes/burlak/functions.php:277
Stack trace:
#0 /Users/eugeneburlak/work/php/rest/store/wp-includes/class-wp-hook.php(303): settings('')
#1 /Users/eugeneburlak/work/php/rest/store/wp-includes/class-wp-hook.php(327): WP_Hook->apply_filters(NULL, Array)
#2 /Users/eugeneburlak/work/php/rest/store/wp-includes/plugin.php(470): WP_Hook->do_action(Array)
#3 /Users/eugeneburlak/work/php/rest/store/wp-settings.php(578): do_action('init')
#4 /Users/eugeneburlak/work/php/rest/store/wp-config.php(96): require_once('/Users/eugenebu...')
#5 /Users/eugeneburlak/work/php/rest/store/wp-load.php(50): require_once('/Users/eugenebu...')
#6 /Users/eugeneburlak/work/php/rest/store/wp-blog-header.php(13): require_once('/Users/eugenebu...')
#7 /Users/eugeneburlak/work/php/rest/store/index.php(17): require('/Users/eugenebu...')
#8 {main}
  thrown in /Users/eugeneburlak/work/php/rest/store/wp-content/themes/burlak/functions.php on line 277

2021-08-15T13:23:35+00:00 CRITICAL Uncaught Error: Call to a member function get() on null in /Users/eugeneburlak/work/php/rest/store/wp-content/themes/burlak/functions.php:277
Stack trace:
#0 /Users/eugeneburlak/work/php/rest/store/wp-includes/class-wp-hook.php(303): settings('')
#1 /Users/eugeneburlak/work/php/rest/store/wp-includes/class-wp-hook.php(327): WP_Hook->apply_filters(NULL, Array)
#2 /Users/eugeneburlak/work/php/rest/store/wp-includes/plugin.php(470): WP_Hook->do_action(Array)
#3 /Users/eugeneburlak/work/php/rest/store/wp-settings.php(578): do_action('init')
#4 /Users/eugeneburlak/work/php/rest/store/wp-config.php(96): require_once('/Users/eugenebu...')
#5 /Users/eugeneburlak/work/php/rest/store/wp-load.php(50): require_once('/Users/eugenebu...')
#6 /Users/eugeneburlak/work/php/rest/store/wp-blog-header.php(13): require_once('/Users/eugenebu...')
#7 /Users/eugeneburlak/work/php/rest/store/index.php(17): require('/Users/eugenebu...')
#8 {main}
  thrown in /Users/eugeneburlak/work/php/rest/store/wp-content/themes/burlak/functions.php on line 277

2021-08-15T13:23:36+00:00 CRITICAL Uncaught Error: Call to a member function get() on null in /Users/eugeneburlak/work/php/rest/store/wp-content/themes/burlak/functions.php:277
Stack trace:
#0 /Users/eugeneburlak/work/php/rest/store/wp-includes/class-wp-hook.php(303): settings('')
#1 /Users/eugeneburlak/work/php/rest/store/wp-includes/class-wp-hook.php(327): WP_Hook->apply_filters(NULL, Array)
#2 /Users/eugeneburlak/work/php/rest/store/wp-includes/plugin.php(470): WP_Hook->do_action(Array)
#3 /Users/eugeneburlak/work/php/rest/store/wp-settings.php(578): do_action('init')
#4 /Users/eugeneburlak/work/php/rest/store/wp-config.php(96): require_once('/Users/eugenebu...')
#5 /Users/eugeneburlak/work/php/rest/store/wp-load.php(50): require_once('/Users/eugenebu...')
#6 /Users/eugeneburlak/work/php/rest/store/wp-blog-header.php(13): require_once('/Users/eugenebu...')
#7 /Users/eugeneburlak/work/php/rest/store/index.php(17): require('/Users/eugenebu...')
#8 {main}
  thrown in /Users/eugeneburlak/work/php/rest/store/wp-content/themes/burlak/functions.php on line 277

2021-08-15T13:23:36+00:00 CRITICAL Uncaught Error: Call to a member function get() on null in /Users/eugeneburlak/work/php/rest/store/wp-content/themes/burlak/functions.php:277
Stack trace:
#0 /Users/eugeneburlak/work/php/rest/store/wp-includes/class-wp-hook.php(303): settings('')
#1 /Users/eugeneburlak/work/php/rest/store/wp-includes/class-wp-hook.php(327): WP_Hook->apply_filters(NULL, Array)
#2 /Users/eugeneburlak/work/php/rest/store/wp-includes/plugin.php(470): WP_Hook->do_action(Array)
#3 /Users/eugeneburlak/work/php/rest/store/wp-settings.php(578): do_action('init')
#4 /Users/eugeneburlak/work/php/rest/store/wp-config.php(96): require_once('/Users/eugenebu...')
#5 /Users/eugeneburlak/work/php/rest/store/wp-load.php(50): require_once('/Users/eugenebu...')
#6 /Users/eugeneburlak/work/php/rest/store/wp-blog-header.php(13): require_once('/Users/eugenebu...')
#7 /Users/eugeneburlak/work/php/rest/store/index.php(17): require('/Users/eugenebu...')
#8 {main}
  thrown in /Users/eugeneburlak/work/php/rest/store/wp-content/themes/burlak/functions.php on line 277

2021-08-15T13:24:38+00:00 CRITICAL Uncaught Error: Call to a member function get() on null in /Users/eugeneburlak/work/php/rest/store/wp-content/themes/burlak/functions.php:277
Stack trace:
#0 /Users/eugeneburlak/work/php/rest/store/wp-includes/class-wp-hook.php(303): theme_settings('')
#1 /Users/eugeneburlak/work/php/rest/store/wp-includes/class-wp-hook.php(327): WP_Hook->apply_filters(NULL, Array)
#2 /Users/eugeneburlak/work/php/rest/store/wp-includes/plugin.php(470): WP_Hook->do_action(Array)
#3 /Users/eugeneburlak/work/php/rest/store/wp-settings.php(578): do_action('init')
#4 /Users/eugeneburlak/work/php/rest/store/wp-config.php(96): require_once('/Users/eugenebu...')
#5 /Users/eugeneburlak/work/php/rest/store/wp-load.php(50): require_once('/Users/eugenebu...')
#6 /Users/eugeneburlak/work/php/rest/store/wp-cron.php(44): require_once('/Users/eugenebu...')
#7 {main}
  thrown in /Users/eugeneburlak/work/php/rest/store/wp-content/themes/burlak/functions.php on line 277

2021-08-15T13:24:39+00:00 CRITICAL Uncaught Error: Call to a member function get() on null in /Users/eugeneburlak/work/php/rest/store/wp-content/themes/burlak/functions.php:277
Stack trace:
#0 /Users/eugeneburlak/work/php/rest/store/wp-includes/class-wp-hook.php(303): theme_settings('')
#1 /Users/eugeneburlak/work/php/rest/store/wp-includes/class-wp-hook.php(327): WP_Hook->apply_filters(NULL, Array)
#2 /Users/eugeneburlak/work/php/rest/store/wp-includes/plugin.php(470): WP_Hook->do_action(Array)
#3 /Users/eugeneburlak/work/php/rest/store/wp-settings.php(578): do_action('init')
#4 /Users/eugeneburlak/work/php/rest/store/wp-config.php(96): require_once('/Users/eugenebu...')
#5 /Users/eugeneburlak/work/php/rest/store/wp-load.php(50): require_once('/Users/eugenebu...')
#6 /Users/eugeneburlak/work/php/rest/store/wp-blog-header.php(13): require_once('/Users/eugenebu...')
#7 /Users/eugeneburlak/work/php/rest/store/index.php(17): require('/Users/eugenebu...')
#8 {main}
  thrown in /Users/eugeneburlak/work/php/rest/store/wp-content/themes/burlak/functions.php on line 277

2021-08-15T13:24:39+00:00 CRITICAL Uncaught Error: Call to a member function get() on null in /Users/eugeneburlak/work/php/rest/store/wp-content/themes/burlak/functions.php:277
Stack trace:
#0 /Users/eugeneburlak/work/php/rest/store/wp-includes/class-wp-hook.php(303): theme_settings('')
#1 /Users/eugeneburlak/work/php/rest/store/wp-includes/class-wp-hook.php(327): WP_Hook->apply_filters(NULL, Array)
#2 /Users/eugeneburlak/work/php/rest/store/wp-includes/plugin.php(470): WP_Hook->do_action(Array)
#3 /Users/eugeneburlak/work/php/rest/store/wp-settings.php(578): do_action('init')
#4 /Users/eugeneburlak/work/php/rest/store/wp-config.php(96): require_once('/Users/eugenebu...')
#5 /Users/eugeneburlak/work/php/rest/store/wp-load.php(50): require_once('/Users/eugenebu...')
#6 /Users/eugeneburlak/work/php/rest/store/wp-blog-header.php(13): require_once('/Users/eugenebu...')
#7 /Users/eugeneburlak/work/php/rest/store/index.php(17): require('/Users/eugenebu...')
#8 {main}
  thrown in /Users/eugeneburlak/work/php/rest/store/wp-content/themes/burlak/functions.php on line 277

2021-08-15T13:24:40+00:00 CRITICAL Uncaught Error: Call to a member function get() on null in /Users/eugeneburlak/work/php/rest/store/wp-content/themes/burlak/functions.php:277
Stack trace:
#0 /Users/eugeneburlak/work/php/rest/store/wp-includes/class-wp-hook.php(303): theme_settings('')
#1 /Users/eugeneburlak/work/php/rest/store/wp-includes/class-wp-hook.php(327): WP_Hook->apply_filters(NULL, Array)
#2 /Users/eugeneburlak/work/php/rest/store/wp-includes/plugin.php(470): WP_Hook->do_action(Array)
#3 /Users/eugeneburlak/work/php/rest/store/wp-settings.php(578): do_action('init')
#4 /Users/eugeneburlak/work/php/rest/store/wp-config.php(96): require_once('/Users/eugenebu...')
#5 /Users/eugeneburlak/work/php/rest/store/wp-load.php(50): require_once('/Users/eugenebu...')
#6 /Users/eugeneburlak/work/php/rest/store/wp-blog-header.php(13): require_once('/Users/eugenebu...')
#7 /Users/eugeneburlak/work/php/rest/store/index.php(17): require('/Users/eugenebu...')
#8 {main}
  thrown in /Users/eugeneburlak/work/php/rest/store/wp-content/themes/burlak/functions.php on line 277

2021-08-15T13:24:40+00:00 CRITICAL Uncaught Error: Call to a member function get() on null in /Users/eugeneburlak/work/php/rest/store/wp-content/themes/burlak/functions.php:277
Stack trace:
#0 /Users/eugeneburlak/work/php/rest/store/wp-includes/class-wp-hook.php(303): theme_settings('')
#1 /Users/eugeneburlak/work/php/rest/store/wp-includes/class-wp-hook.php(327): WP_Hook->apply_filters(NULL, Array)
#2 /Users/eugeneburlak/work/php/rest/store/wp-includes/plugin.php(470): WP_Hook->do_action(Array)
#3 /Users/eugeneburlak/work/php/rest/store/wp-settings.php(578): do_action('init')
#4 /Users/eugeneburlak/work/php/rest/store/wp-config.php(96): require_once('/Users/eugenebu...')
#5 /Users/eugeneburlak/work/php/rest/store/wp-load.php(50): require_once('/Users/eugenebu...')
#6 /Users/eugeneburlak/work/php/rest/store/wp-blog-header.php(13): require_once('/Users/eugenebu...')
#7 /Users/eugeneburlak/work/php/rest/store/index.php(17): require('/Users/eugenebu...')
#8 {main}
  thrown in /Users/eugeneburlak/work/php/rest/store/wp-content/themes/burlak/functions.php on line 277

2021-08-15T13:24:41+00:00 CRITICAL Uncaught Error: Call to a member function get() on null in /Users/eugeneburlak/work/php/rest/store/wp-content/themes/burlak/functions.php:277
Stack trace:
#0 /Users/eugeneburlak/work/php/rest/store/wp-includes/class-wp-hook.php(303): theme_settings('')
#1 /Users/eugeneburlak/work/php/rest/store/wp-includes/class-wp-hook.php(327): WP_Hook->apply_filters(NULL, Array)
#2 /Users/eugeneburlak/work/php/rest/store/wp-includes/plugin.php(470): WP_Hook->do_action(Array)
#3 /Users/eugeneburlak/work/php/rest/store/wp-settings.php(578): do_action('init')
#4 /Users/eugeneburlak/work/php/rest/store/wp-config.php(96): require_once('/Users/eugenebu...')
#5 /Users/eugeneburlak/work/php/rest/store/wp-load.php(50): require_once('/Users/eugenebu...')
#6 /Users/eugeneburlak/work/php/rest/store/wp-blog-header.php(13): require_once('/Users/eugenebu...')
#7 /Users/eugeneburlak/work/php/rest/store/index.php(17): require('/Users/eugenebu...')
#8 {main}
  thrown in /Users/eugeneburlak/work/php/rest/store/wp-content/themes/burlak/functions.php on line 277

2021-08-15T13:25:40+00:00 CRITICAL Uncaught Error: Call to a member function get() on null in /Users/eugeneburlak/work/php/rest/store/wp-content/themes/burlak/functions.php:277
Stack trace:
#0 /Users/eugeneburlak/work/php/rest/store/wp-includes/class-wp-hook.php(303): settings('')
#1 /Users/eugeneburlak/work/php/rest/store/wp-includes/class-wp-hook.php(327): WP_Hook->apply_filters(NULL, Array)
#2 /Users/eugeneburlak/work/php/rest/store/wp-includes/plugin.php(470): WP_Hook->do_action(Array)
#3 /Users/eugeneburlak/work/php/rest/store/wp-settings.php(578): do_action('init')
#4 /Users/eugeneburlak/work/php/rest/store/wp-config.php(96): require_once('/Users/eugenebu...')
#5 /Users/eugeneburlak/work/php/rest/store/wp-load.php(50): require_once('/Users/eugenebu...')
#6 /Users/eugeneburlak/work/php/rest/store/wp-cron.php(44): require_once('/Users/eugenebu...')
#7 {main}
  thrown in /Users/eugeneburlak/work/php/rest/store/wp-content/themes/burlak/functions.php on line 277

2021-08-15T13:25:41+00:00 CRITICAL Uncaught Error: Call to a member function get() on null in /Users/eugeneburlak/work/php/rest/store/wp-content/themes/burlak/functions.php:277
Stack trace:
#0 /Users/eugeneburlak/work/php/rest/store/wp-includes/class-wp-hook.php(303): settings('')
#1 /Users/eugeneburlak/work/php/rest/store/wp-includes/class-wp-hook.php(327): WP_Hook->apply_filters(NULL, Array)
#2 /Users/eugeneburlak/work/php/rest/store/wp-includes/plugin.php(470): WP_Hook->do_action(Array)
#3 /Users/eugeneburlak/work/php/rest/store/wp-settings.php(578): do_action('init')
#4 /Users/eugeneburlak/work/php/rest/store/wp-config.php(96): require_once('/Users/eugenebu...')
#5 /Users/eugeneburlak/work/php/rest/store/wp-load.php(50): require_once('/Users/eugenebu...')
#6 /Users/eugeneburlak/work/php/rest/store/wp-blog-header.php(13): require_once('/Users/eugenebu...')
#7 /Users/eugeneburlak/work/php/rest/store/index.php(17): require('/Users/eugenebu...')
#8 {main}
  thrown in /Users/eugeneburlak/work/php/rest/store/wp-content/themes/burlak/functions.php on line 277

2021-08-15T13:25:41+00:00 CRITICAL Uncaught Error: Call to a member function get() on null in /Users/eugeneburlak/work/php/rest/store/wp-content/themes/burlak/functions.php:277
Stack trace:
#0 /Users/eugeneburlak/work/php/rest/store/wp-includes/class-wp-hook.php(303): settings('')
#1 /Users/eugeneburlak/work/php/rest/store/wp-includes/class-wp-hook.php(327): WP_Hook->apply_filters(NULL, Array)
#2 /Users/eugeneburlak/work/php/rest/store/wp-includes/plugin.php(470): WP_Hook->do_action(Array)
#3 /Users/eugeneburlak/work/php/rest/store/wp-settings.php(578): do_action('init')
#4 /Users/eugeneburlak/work/php/rest/store/wp-config.php(96): require_once('/Users/eugenebu...')
#5 /Users/eugeneburlak/work/php/rest/store/wp-load.php(50): require_once('/Users/eugenebu...')
#6 /Users/eugeneburlak/work/php/rest/store/wp-blog-header.php(13): require_once('/Users/eugenebu...')
#7 /Users/eugeneburlak/work/php/rest/store/index.php(17): require('/Users/eugenebu...')
#8 {main}
  thrown in /Users/eugeneburlak/work/php/rest/store/wp-content/themes/burlak/functions.php on line 277

2021-08-15T13:25:45+00:00 CRITICAL Uncaught Error: Call to a member function get() on null in /Users/eugeneburlak/work/php/rest/store/wp-content/themes/burlak/functions.php:277
Stack trace:
#0 /Users/eugeneburlak/work/php/rest/store/wp-includes/class-wp-hook.php(303): settings('')
#1 /Users/eugeneburlak/work/php/rest/store/wp-includes/class-wp-hook.php(327): WP_Hook->apply_filters(NULL, Array)
#2 /Users/eugeneburlak/work/php/rest/store/wp-includes/plugin.php(470): WP_Hook->do_action(Array)
#3 /Users/eugeneburlak/work/php/rest/store/wp-settings.php(578): do_action('init')
#4 /Users/eugeneburlak/work/php/rest/store/wp-config.php(96): require_once('/Users/eugenebu...')
#5 /Users/eugeneburlak/work/php/rest/store/wp-load.php(50): require_once('/Users/eugenebu...')
#6 /Users/eugeneburlak/work/php/rest/store/wp-blog-header.php(13): require_once('/Users/eugenebu...')
#7 /Users/eugeneburlak/work/php/rest/store/index.php(17): require('/Users/eugenebu...')
#8 {main}
  thrown in /Users/eugeneburlak/work/php/rest/store/wp-content/themes/burlak/functions.php on line 277

2021-08-15T13:25:45+00:00 CRITICAL Uncaught Error: Call to a member function get() on null in /Users/eugeneburlak/work/php/rest/store/wp-content/themes/burlak/functions.php:277
Stack trace:
#0 /Users/eugeneburlak/work/php/rest/store/wp-includes/class-wp-hook.php(303): settings('')
#1 /Users/eugeneburlak/work/php/rest/store/wp-includes/class-wp-hook.php(327): WP_Hook->apply_filters(NULL, Array)
#2 /Users/eugeneburlak/work/php/rest/store/wp-includes/plugin.php(470): WP_Hook->do_action(Array)
#3 /Users/eugeneburlak/work/php/rest/store/wp-settings.php(578): do_action('init')
#4 /Users/eugeneburlak/work/php/rest/store/wp-config.php(96): require_once('/Users/eugenebu...')
#5 /Users/eugeneburlak/work/php/rest/store/wp-load.php(50): require_once('/Users/eugenebu...')
#6 /Users/eugeneburlak/work/php/rest/store/wp-blog-header.php(13): require_once('/Users/eugenebu...')
#7 /Users/eugeneburlak/work/php/rest/store/index.php(17): require('/Users/eugenebu...')
#8 {main}
  thrown in /Users/eugeneburlak/work/php/rest/store/wp-content/themes/burlak/functions.php on line 277

2021-08-15T13:25:46+00:00 CRITICAL Uncaught Error: Call to a member function get() on null in /Users/eugeneburlak/work/php/rest/store/wp-content/themes/burlak/functions.php:277
Stack trace:
#0 /Users/eugeneburlak/work/php/rest/store/wp-includes/class-wp-hook.php(303): settings('')
#1 /Users/eugeneburlak/work/php/rest/store/wp-includes/class-wp-hook.php(327): WP_Hook->apply_filters(NULL, Array)
#2 /Users/eugeneburlak/work/php/rest/store/wp-includes/plugin.php(470): WP_Hook->do_action(Array)
#3 /Users/eugeneburlak/work/php/rest/store/wp-settings.php(578): do_action('init')
#4 /Users/eugeneburlak/work/php/rest/store/wp-config.php(96): require_once('/Users/eugenebu...')
#5 /Users/eugeneburlak/work/php/rest/store/wp-load.php(50): require_once('/Users/eugenebu...')
#6 /Users/eugeneburlak/work/php/rest/store/wp-blog-header.php(13): require_once('/Users/eugenebu...')
#7 /Users/eugeneburlak/work/php/rest/store/index.php(17): require('/Users/eugenebu...')
#8 {main}
  thrown in /Users/eugeneburlak/work/php/rest/store/wp-content/themes/burlak/functions.php on line 277

2021-08-15T14:59:24+00:00 CRITICAL Uncaught Error: Cannot use object of type WC_Product_Simple as array in /Users/eugeneburlak/work/php/rest/store/wp-content/themes/burlak/product/item.php:36
Stack trace:
#0 /Users/eugeneburlak/work/php/rest/store/wp-content/themes/burlak/functions.php(183): require()
#1 /Users/eugeneburlak/work/php/rest/store/wp-content/themes/burlak/product/list.php(6): my_get_template_part('product/item', Array)
#2 /Users/eugeneburlak/work/php/rest/store/wp-content/themes/burlak/functions.php(183): require('/Users/eugenebu...')
#3 /Users/eugeneburlak/work/php/rest/store/wp-content/themes/burlak/product/popular.php(67): my_get_template_part('product/list', Array)
#4 /Users/eugeneburlak/work/php/rest/store/wp-includes/template.php(772): require('/Users/eugenebu...')
#5 /Users/eugeneburlak/work/php/rest/store/wp-includes/template.php(716): load_template('/Users/eugenebu...', false, Array)
#6 /Users/eugeneburlak/work/php/rest/store/wp-includes/general-template.php(204): locate_template(Array, true, false, Array)
#7 /Users/eugen in /Users/eugeneburlak/work/php/rest/store/wp-content/themes/burlak/product/item.php on line 36

2021-08-15T15:05:39+00:00 CRITICAL Uncaught Error: Call to a member function get_price() on string in /Users/eugeneburlak/work/php/rest/store/wp-content/plugins/woocommerce/includes/wc-product-functions.php:1047
Stack trace:
#0 /Users/eugeneburlak/work/php/rest/store/wp-content/plugins/woocommerce/includes/class-wc-cart.php(1995): wc_get_price_excluding_tax('9')
#1 /Users/eugeneburlak/work/php/rest/store/wp-content/themes/burlak/product/item.php(37): WC_Cart->get_product_price('9')
#2 /Users/eugeneburlak/work/php/rest/store/wp-content/themes/burlak/functions.php(183): require('/Users/eugenebu...')
#3 /Users/eugeneburlak/work/php/rest/store/wp-content/themes/burlak/product/list.php(6): my_get_template_part('product/item', Array)
#4 /Users/eugeneburlak/work/php/rest/store/wp-content/themes/burlak/functions.php(183): require('/Users/eugenebu...')
#5 /Users/eugeneburlak/work/php/rest/store/wp-content/themes/burlak/product/popular.php(67): my_get_template_part('product/list', Array)
#6 /Users/eugeneburlak/work/php/rest/store/wp-includes/template.ph in /Users/eugeneburlak/work/php/rest/store/wp-content/plugins/woocommerce/includes/wc-product-functions.php on line 1047

2021-08-15T15:09:21+00:00 CRITICAL Uncaught Error: Call to undefined method WC_Cart::get_product_regular_price() in /Users/eugeneburlak/work/php/rest/store/wp-content/themes/burlak/product/item.php:41
Stack trace:
#0 /Users/eugeneburlak/work/php/rest/store/wp-content/themes/burlak/functions.php(183): require()
#1 /Users/eugeneburlak/work/php/rest/store/wp-content/themes/burlak/product/list.php(6): my_get_template_part('product/item', Array)
#2 /Users/eugeneburlak/work/php/rest/store/wp-content/themes/burlak/functions.php(183): require('/Users/eugenebu...')
#3 /Users/eugeneburlak/work/php/rest/store/wp-content/themes/burlak/product/popular.php(67): my_get_template_part('product/list', Array)
#4 /Users/eugeneburlak/work/php/rest/store/wp-includes/template.php(772): require('/Users/eugenebu...')
#5 /Users/eugeneburlak/work/php/rest/store/wp-includes/template.php(716): load_template('/Users/eugenebu...', false, Array)
#6 /Users/eugeneburlak/work/php/rest/store/wp-includes/general-template.php(204): locate_template(Array, true, false, Array)
#7 /Us in /Users/eugeneburlak/work/php/rest/store/wp-content/themes/burlak/product/item.php on line 41

2021-08-15T15:10:27+00:00 CRITICAL Uncaught Error: Call to undefined method WC_Cart::get_product_regular_price() in /Users/eugeneburlak/work/php/rest/store/wp-content/themes/burlak/product/item.php:41
Stack trace:
#0 /Users/eugeneburlak/work/php/rest/store/wp-content/themes/burlak/functions.php(183): require()
#1 /Users/eugeneburlak/work/php/rest/store/wp-content/themes/burlak/product/list.php(6): my_get_template_part('product/item', Array)
#2 /Users/eugeneburlak/work/php/rest/store/wp-content/themes/burlak/functions.php(183): require('/Users/eugenebu...')
#3 /Users/eugeneburlak/work/php/rest/store/wp-content/themes/burlak/product/popular.php(67): my_get_template_part('product/list', Array)
#4 /Users/eugeneburlak/work/php/rest/store/wp-includes/template.php(772): require('/Users/eugenebu...')
#5 /Users/eugeneburlak/work/php/rest/store/wp-includes/template.php(716): load_template('/Users/eugenebu...', false, Array)
#6 /Users/eugeneburlak/work/php/rest/store/wp-includes/general-template.php(204): locate_template(Array, true, false, Array)
#7 /Us in /Users/eugeneburlak/work/php/rest/store/wp-content/themes/burlak/product/item.php on line 41

2021-08-15T19:15:56+00:00 CRITICAL Uncaught Exception: Invalid product. in /Users/eugeneburlak/work/php/rest/store/wp-content/plugins/woocommerce/includes/data-stores/class-wc-product-data-store-cpt.php:167
Stack trace:
#0 /Users/eugeneburlak/work/php/rest/store/wp-content/plugins/woocommerce/includes/class-wc-data-store.php(159): WC_Product_Data_Store_CPT->read(Object(WC_Product))
#1 /Users/eugeneburlak/work/php/rest/store/wp-content/plugins/woocommerce/includes/abstracts/abstract-wc-product.php(135): WC_Data_Store->read(Object(WC_Product))
#2 /Users/eugeneburlak/work/php/rest/store/wp-content/themes/burlak/product/item.php(2): WC_Product->__construct(1)
#3 /Users/eugeneburlak/work/php/rest/store/wp-includes/template.php(772): require('/Users/eugenebu...')
#4 /Users/eugeneburlak/work/php/rest/store/wp-includes/template.php(716): load_template('/Users/eugenebu...', false, Array)
#5 /Users/eugeneburlak/work/php/rest/store/wp-includes/general-template.php(204): locate_template(Array, true, false, Array)
#6 /Users/eugeneburlak/work/php/rest/store in /Users/eugeneburlak/work/php/rest/store/wp-content/plugins/woocommerce/includes/data-stores/class-wc-product-data-store-cpt.php on line 167

2021-08-15T19:16:52+00:00 CRITICAL Uncaught Exception: Invalid product. in /Users/eugeneburlak/work/php/rest/store/wp-content/plugins/woocommerce/includes/data-stores/class-wc-product-data-store-cpt.php:167
Stack trace:
#0 /Users/eugeneburlak/work/php/rest/store/wp-content/plugins/woocommerce/includes/class-wc-data-store.php(159): WC_Product_Data_Store_CPT->read(Object(WC_Product))
#1 /Users/eugeneburlak/work/php/rest/store/wp-content/plugins/woocommerce/includes/abstracts/abstract-wc-product.php(135): WC_Data_Store->read(Object(WC_Product))
#2 /Users/eugeneburlak/work/php/rest/store/wp-content/themes/burlak/product/item.php(2): WC_Product->__construct(1)
#3 /Users/eugeneburlak/work/php/rest/store/wp-includes/template.php(772): require('/Users/eugenebu...')
#4 /Users/eugeneburlak/work/php/rest/store/wp-includes/template.php(716): load_template('/Users/eugenebu...', false, Array)
#5 /Users/eugeneburlak/work/php/rest/store/wp-includes/general-template.php(204): locate_template(Array, true, false, Array)
#6 /Users/eugeneburlak/work/php/rest/store in /Users/eugeneburlak/work/php/rest/store/wp-content/plugins/woocommerce/includes/data-stores/class-wc-product-data-store-cpt.php on line 167

2021-08-15T19:17:54+00:00 CRITICAL Uncaught Exception: Invalid product. in /Users/eugeneburlak/work/php/rest/store/wp-content/plugins/woocommerce/includes/data-stores/class-wc-product-data-store-cpt.php:167
Stack trace:
#0 /Users/eugeneburlak/work/php/rest/store/wp-content/plugins/woocommerce/includes/class-wc-data-store.php(159): WC_Product_Data_Store_CPT->read(Object(WC_Product))
#1 /Users/eugeneburlak/work/php/rest/store/wp-content/plugins/woocommerce/includes/abstracts/abstract-wc-product.php(135): WC_Data_Store->read(Object(WC_Product))
#2 /Users/eugeneburlak/work/php/rest/store/wp-content/themes/burlak/product/item.php(2): WC_Product->__construct(1)
#3 /Users/eugeneburlak/work/php/rest/store/wp-includes/template.php(772): require('/Users/eugenebu...')
#4 /Users/eugeneburlak/work/php/rest/store/wp-includes/template.php(716): load_template('/Users/eugenebu...', false, Array)
#5 /Users/eugeneburlak/work/php/rest/store/wp-includes/general-template.php(204): locate_template(Array, true, false, Array)
#6 /Users/eugeneburlak/work/php/rest/store in /Users/eugeneburlak/work/php/rest/store/wp-content/plugins/woocommerce/includes/data-stores/class-wc-product-data-store-cpt.php on line 167

2021-08-15T19:18:06+00:00 CRITICAL Uncaught Exception: Invalid product. in /Users/eugeneburlak/work/php/rest/store/wp-content/plugins/woocommerce/includes/data-stores/class-wc-product-data-store-cpt.php:167
Stack trace:
#0 /Users/eugeneburlak/work/php/rest/store/wp-content/plugins/woocommerce/includes/class-wc-data-store.php(159): WC_Product_Data_Store_CPT->read(Object(WC_Product))
#1 /Users/eugeneburlak/work/php/rest/store/wp-content/plugins/woocommerce/includes/abstracts/abstract-wc-product.php(135): WC_Data_Store->read(Object(WC_Product))
#2 /Users/eugeneburlak/work/php/rest/store/wp-content/themes/burlak/product/item.php(2): WC_Product->__construct(1)
#3 /Users/eugeneburlak/work/php/rest/store/wp-includes/template.php(772): require('/Users/eugenebu...')
#4 /Users/eugeneburlak/work/php/rest/store/wp-includes/template.php(716): load_template('/Users/eugenebu...', false, Array)
#5 /Users/eugeneburlak/work/php/rest/store/wp-includes/general-template.php(204): locate_template(Array, true, false, Array)
#6 /Users/eugeneburlak/work/php/rest/store in /Users/eugeneburlak/work/php/rest/store/wp-content/plugins/woocommerce/includes/data-stores/class-wc-product-data-store-cpt.php on line 167

2021-08-15T19:18:20+00:00 CRITICAL Uncaught Exception: Invalid product. in /Users/eugeneburlak/work/php/rest/store/wp-content/plugins/woocommerce/includes/data-stores/class-wc-product-data-store-cpt.php:167
Stack trace:
#0 /Users/eugeneburlak/work/php/rest/store/wp-content/plugins/woocommerce/includes/class-wc-data-store.php(159): WC_Product_Data_Store_CPT->read(Object(WC_Product))
#1 /Users/eugeneburlak/work/php/rest/store/wp-content/plugins/woocommerce/includes/abstracts/abstract-wc-product.php(135): WC_Data_Store->read(Object(WC_Product))
#2 /Users/eugeneburlak/work/php/rest/store/wp-content/themes/burlak/product/item.php(2): WC_Product->__construct(1)
#3 /Users/eugeneburlak/work/php/rest/store/wp-includes/template.php(772): require('/Users/eugenebu...')
#4 /Users/eugeneburlak/work/php/rest/store/wp-includes/template.php(716): load_template('/Users/eugenebu...', false, Array)
#5 /Users/eugeneburlak/work/php/rest/store/wp-includes/general-template.php(204): locate_template(Array, true, false, Array)
#6 /Users/eugeneburlak/work/php/rest/store in /Users/eugeneburlak/work/php/rest/store/wp-content/plugins/woocommerce/includes/data-stores/class-wc-product-data-store-cpt.php on line 167

2021-08-15T19:18:25+00:00 CRITICAL Uncaught Exception: Invalid product. in /Users/eugeneburlak/work/php/rest/store/wp-content/plugins/woocommerce/includes/data-stores/class-wc-product-data-store-cpt.php:167
Stack trace:
#0 /Users/eugeneburlak/work/php/rest/store/wp-content/plugins/woocommerce/includes/class-wc-data-store.php(159): WC_Product_Data_Store_CPT->read(Object(WC_Product))
#1 /Users/eugeneburlak/work/php/rest/store/wp-content/plugins/woocommerce/includes/abstracts/abstract-wc-product.php(135): WC_Data_Store->read(Object(WC_Product))
#2 /Users/eugeneburlak/work/php/rest/store/wp-content/themes/burlak/product/item.php(2): WC_Product->__construct(1)
#3 /Users/eugeneburlak/work/php/rest/store/wp-includes/template.php(772): require('/Users/eugenebu...')
#4 /Users/eugeneburlak/work/php/rest/store/wp-includes/template.php(716): load_template('/Users/eugenebu...', false, Array)
#5 /Users/eugeneburlak/work/php/rest/store/wp-includes/general-template.php(204): locate_template(Array, true, false, Array)
#6 /Users/eugeneburlak/work/php/rest/store in /Users/eugeneburlak/work/php/rest/store/wp-content/plugins/woocommerce/includes/data-stores/class-wc-product-data-store-cpt.php on line 167

2021-08-15T19:22:14+00:00 CRITICAL syntax error, unexpected ')', expecting '[' in /Users/eugeneburlak/work/php/rest/store/wp-content/themes/burlak/product/popular.php on line 27

2021-08-15T19:22:15+00:00 CRITICAL syntax error, unexpected ')', expecting '[' in /Users/eugeneburlak/work/php/rest/store/wp-content/themes/burlak/product/popular.php on line 27

2021-08-15T19:22:18+00:00 CRITICAL syntax error, unexpected ')', expecting '[' in /Users/eugeneburlak/work/php/rest/store/wp-content/themes/burlak/product/popular.php on line 27

2021-08-15T19:22:55+00:00 CRITICAL syntax error, unexpected ')', expecting '[' in /Users/eugeneburlak/work/php/rest/store/wp-content/themes/burlak/product/popular.php on line 27

2021-08-15T19:22:56+00:00 CRITICAL syntax error, unexpected ')', expecting '[' in /Users/eugeneburlak/work/php/rest/store/wp-content/themes/burlak/product/popular.php on line 27

2021-08-15T19:23:00+00:00 CRITICAL Uncaught Exception: Invalid product. in /Users/eugeneburlak/work/php/rest/store/wp-content/plugins/woocommerce/includes/data-stores/class-wc-product-data-store-cpt.php:167
Stack trace:
#0 /Users/eugeneburlak/work/php/rest/store/wp-content/plugins/woocommerce/includes/class-wc-data-store.php(159): WC_Product_Data_Store_CPT->read(Object(WC_Product))
#1 /Users/eugeneburlak/work/php/rest/store/wp-content/plugins/woocommerce/includes/abstracts/abstract-wc-product.php(135): WC_Data_Store->read(Object(WC_Product))
#2 /Users/eugeneburlak/work/php/rest/store/wp-content/themes/burlak/product/item.php(2): WC_Product->__construct(1)
#3 /Users/eugeneburlak/work/php/rest/store/wp-includes/template.php(772): require('/Users/eugenebu...')
#4 /Users/eugeneburlak/work/php/rest/store/wp-includes/template.php(716): load_template('/Users/eugenebu...', false, Array)
#5 /Users/eugeneburlak/work/php/rest/store/wp-includes/general-template.php(204): locate_template(Array, true, false, Array)
#6 /Users/eugeneburlak/work/php/rest/store in /Users/eugeneburlak/work/php/rest/store/wp-content/plugins/woocommerce/includes/data-stores/class-wc-product-data-store-cpt.php on line 167

2021-08-15T19:23:02+00:00 CRITICAL Uncaught Exception: Invalid product. in /Users/eugeneburlak/work/php/rest/store/wp-content/plugins/woocommerce/includes/data-stores/class-wc-product-data-store-cpt.php:167
Stack trace:
#0 /Users/eugeneburlak/work/php/rest/store/wp-content/plugins/woocommerce/includes/class-wc-data-store.php(159): WC_Product_Data_Store_CPT->read(Object(WC_Product))
#1 /Users/eugeneburlak/work/php/rest/store/wp-content/plugins/woocommerce/includes/abstracts/abstract-wc-product.php(135): WC_Data_Store->read(Object(WC_Product))
#2 /Users/eugeneburlak/work/php/rest/store/wp-content/themes/burlak/product/item.php(2): WC_Product->__construct(1)
#3 /Users/eugeneburlak/work/php/rest/store/wp-includes/template.php(772): require('/Users/eugenebu...')
#4 /Users/eugeneburlak/work/php/rest/store/wp-includes/template.php(716): load_template('/Users/eugenebu...', false, Array)
#5 /Users/eugeneburlak/work/php/rest/store/wp-includes/general-template.php(204): locate_template(Array, true, false, Array)
#6 /Users/eugeneburlak/work/php/rest/store in /Users/eugeneburlak/work/php/rest/store/wp-content/plugins/woocommerce/includes/data-stores/class-wc-product-data-store-cpt.php on line 167

2021-08-15T19:23:08+00:00 CRITICAL Uncaught Exception: Invalid product. in /Users/eugeneburlak/work/php/rest/store/wp-content/plugins/woocommerce/includes/data-stores/class-wc-product-data-store-cpt.php:167
Stack trace:
#0 /Users/eugeneburlak/work/php/rest/store/wp-content/plugins/woocommerce/includes/class-wc-data-store.php(159): WC_Product_Data_Store_CPT->read(Object(WC_Product))
#1 /Users/eugeneburlak/work/php/rest/store/wp-content/plugins/woocommerce/includes/abstracts/abstract-wc-product.php(135): WC_Data_Store->read(Object(WC_Product))
#2 /Users/eugeneburlak/work/php/rest/store/wp-content/themes/burlak/product/item.php(2): WC_Product->__construct(1)
#3 /Users/eugeneburlak/work/php/rest/store/wp-includes/template.php(772): require('/Users/eugenebu...')
#4 /Users/eugeneburlak/work/php/rest/store/wp-includes/template.php(716): load_template('/Users/eugenebu...', false, Array)
#5 /Users/eugeneburlak/work/php/rest/store/wp-includes/general-template.php(204): locate_template(Array, true, false, Array)
#6 /Users/eugeneburlak/work/php/rest/store in /Users/eugeneburlak/work/php/rest/store/wp-content/plugins/woocommerce/includes/data-stores/class-wc-product-data-store-cpt.php on line 167

2021-08-15T19:23:30+00:00 CRITICAL Uncaught Exception: Invalid product. in /Users/eugeneburlak/work/php/rest/store/wp-content/plugins/woocommerce/includes/data-stores/class-wc-product-data-store-cpt.php:167
Stack trace:
#0 /Users/eugeneburlak/work/php/rest/store/wp-content/plugins/woocommerce/includes/class-wc-data-store.php(159): WC_Product_Data_Store_CPT->read(Object(WC_Product))
#1 /Users/eugeneburlak/work/php/rest/store/wp-content/plugins/woocommerce/includes/abstracts/abstract-wc-product.php(135): WC_Data_Store->read(Object(WC_Product))
#2 /Users/eugeneburlak/work/php/rest/store/wp-content/themes/burlak/product/item.php(2): WC_Product->__construct(1)
#3 /Users/eugeneburlak/work/php/rest/store/wp-includes/template.php(772): require('/Users/eugenebu...')
#4 /Users/eugeneburlak/work/php/rest/store/wp-includes/template.php(716): load_template('/Users/eugenebu...', false, Array)
#5 /Users/eugeneburlak/work/php/rest/store/wp-includes/general-template.php(204): locate_template(Array, true, false, Array)
#6 /Users/eugeneburlak/work/php/rest/store in /Users/eugeneburlak/work/php/rest/store/wp-content/plugins/woocommerce/includes/data-stores/class-wc-product-data-store-cpt.php on line 167

2021-08-15T19:23:45+00:00 CRITICAL Uncaught Exception: Invalid product. in /Users/eugeneburlak/work/php/rest/store/wp-content/plugins/woocommerce/includes/data-stores/class-wc-product-data-store-cpt.php:167
Stack trace:
#0 /Users/eugeneburlak/work/php/rest/store/wp-content/plugins/woocommerce/includes/class-wc-data-store.php(159): WC_Product_Data_Store_CPT->read(Object(WC_Product))
#1 /Users/eugeneburlak/work/php/rest/store/wp-content/plugins/woocommerce/includes/abstracts/abstract-wc-product.php(135): WC_Data_Store->read(Object(WC_Product))
#2 /Users/eugeneburlak/work/php/rest/store/wp-content/themes/burlak/product/item.php(2): WC_Product->__construct(1)
#3 /Users/eugeneburlak/work/php/rest/store/wp-includes/template.php(772): require('/Users/eugenebu...')
#4 /Users/eugeneburlak/work/php/rest/store/wp-includes/template.php(716): load_template('/Users/eugenebu...', false, Array)
#5 /Users/eugeneburlak/work/php/rest/store/wp-includes/general-template.php(204): locate_template(Array, true, false, Array)
#6 /Users/eugeneburlak/work/php/rest/store in /Users/eugeneburlak/work/php/rest/store/wp-content/plugins/woocommerce/includes/data-stores/class-wc-product-data-store-cpt.php on line 167

2021-08-15T19:24:31+00:00 CRITICAL Uncaught Exception: Invalid product. in /Users/eugeneburlak/work/php/rest/store/wp-content/plugins/woocommerce/includes/data-stores/class-wc-product-data-store-cpt.php:167
Stack trace:
#0 /Users/eugeneburlak/work/php/rest/store/wp-content/plugins/woocommerce/includes/class-wc-data-store.php(159): WC_Product_Data_Store_CPT->read(Object(WC_Product))
#1 /Users/eugeneburlak/work/php/rest/store/wp-content/plugins/woocommerce/includes/abstracts/abstract-wc-product.php(135): WC_Data_Store->read(Object(WC_Product))
#2 /Users/eugeneburlak/work/php/rest/store/wp-content/themes/burlak/product/item.php(2): WC_Product->__construct(1)
#3 /Users/eugeneburlak/work/php/rest/store/wp-includes/template.php(772): require('/Users/eugenebu...')
#4 /Users/eugeneburlak/work/php/rest/store/wp-includes/template.php(716): load_template('/Users/eugenebu...', false, Array)
#5 /Users/eugeneburlak/work/php/rest/store/wp-includes/general-template.php(204): locate_template(Array, true, false, Array)
#6 /Users/eugeneburlak/work/php/rest/store in /Users/eugeneburlak/work/php/rest/store/wp-content/plugins/woocommerce/includes/data-stores/class-wc-product-data-store-cpt.php on line 167

