2021-08-31T19:22:14+00:00 CRITICAL Uncaught Error: Call to undefined function get_tempalate_part() in /Users/eugeneburlak/work/php/rest/store/wp-content/themes/burlak/page-checkout.php:3
Stack trace:
#0 /Users/eugeneburlak/work/php/rest/store/wp-includes/template-loader.php(106): include()
#1 /Users/eugeneburlak/work/php/rest/store/wp-blog-header.php(19): require_once('/Users/eugenebu...')
#2 /Users/eugeneburlak/work/php/rest/store/index.php(17): require('/Users/eugenebu...')
#3 {main}
  thrown in /Users/eugeneburlak/work/php/rest/store/wp-content/themes/burlak/page-checkout.php on line 3

2021-08-31T19:22:34+00:00 CRITICAL Uncaught Error: Call to undefined function get_tempalate_part() in /Users/eugeneburlak/work/php/rest/store/wp-content/themes/burlak/page-checkout.php:3
Stack trace:
#0 /Users/eugeneburlak/work/php/rest/store/wp-includes/template-loader.php(106): include()
#1 /Users/eugeneburlak/work/php/rest/store/wp-blog-header.php(19): require_once('/Users/eugenebu...')
#2 /Users/eugeneburlak/work/php/rest/store/index.php(17): require('/Users/eugenebu...')
#3 {main}
  thrown in /Users/eugeneburlak/work/php/rest/store/wp-content/themes/burlak/page-checkout.php on line 3

2021-08-31T19:59:29+00:00 CRITICAL Uncaught Error: Call to a member function get_totals() on array in /Users/eugeneburlak/work/php/rest/store/wp-content/themes/burlak/cart/list.php:30
Stack trace:
#0 /Users/eugeneburlak/work/php/rest/store/wp-content/themes/burlak/functions.php(204): require()
#1 /Users/eugeneburlak/work/php/rest/store/wp-content/themes/burlak/checkout/page.php(19): my_get_template_part('cart/list', Array)
#2 /Users/eugeneburlak/work/php/rest/store/wp-includes/template.php(772): require('/Users/eugenebu...')
#3 /Users/eugeneburlak/work/php/rest/store/wp-includes/template.php(716): load_template('/Users/eugenebu...', false, Array)
#4 /Users/eugeneburlak/work/php/rest/store/wp-includes/general-template.php(204): locate_template(Array, true, false, Array)
#5 /Users/eugeneburlak/work/php/rest/store/wp-content/themes/burlak/page-checkout.php(3): get_template_part('checkout/page')
#6 /Users/eugeneburlak/work/php/rest/store/wp-includes/template-loader.php(106): include('/Users/eugenebu...')
#7 /Users/eugeneburlak/work/php/rest/store/ in /Users/eugeneburlak/work/php/rest/store/wp-content/themes/burlak/cart/list.php on line 30

2021-08-31T19:59:32+00:00 CRITICAL Uncaught Error: Call to a member function get_totals() on array in /Users/eugeneburlak/work/php/rest/store/wp-content/themes/burlak/cart/list.php:30
Stack trace:
#0 /Users/eugeneburlak/work/php/rest/store/wp-content/themes/burlak/functions.php(204): require()
#1 /Users/eugeneburlak/work/php/rest/store/wp-content/themes/burlak/checkout/page.php(19): my_get_template_part('cart/list', Array)
#2 /Users/eugeneburlak/work/php/rest/store/wp-includes/template.php(772): require('/Users/eugenebu...')
#3 /Users/eugeneburlak/work/php/rest/store/wp-includes/template.php(716): load_template('/Users/eugenebu...', false, Array)
#4 /Users/eugeneburlak/work/php/rest/store/wp-includes/general-template.php(204): locate_template(Array, true, false, Array)
#5 /Users/eugeneburlak/work/php/rest/store/wp-content/themes/burlak/page-checkout.php(3): get_template_part('checkout/page')
#6 /Users/eugeneburlak/work/php/rest/store/wp-includes/template-loader.php(106): include('/Users/eugenebu...')
#7 /Users/eugeneburlak/work/php/rest/store/ in /Users/eugeneburlak/work/php/rest/store/wp-content/themes/burlak/cart/list.php on line 30

2021-08-31T19:59:47+00:00 CRITICAL Uncaught Error: Call to a member function get_totals() on array in /Users/eugeneburlak/work/php/rest/store/wp-content/themes/burlak/cart/list.php:30
Stack trace:
#0 /Users/eugeneburlak/work/php/rest/store/wp-content/themes/burlak/functions.php(204): require()
#1 /Users/eugeneburlak/work/php/rest/store/wp-content/themes/burlak/checkout/page.php(19): my_get_template_part('cart/list', Array)
#2 /Users/eugeneburlak/work/php/rest/store/wp-includes/template.php(772): require('/Users/eugenebu...')
#3 /Users/eugeneburlak/work/php/rest/store/wp-includes/template.php(716): load_template('/Users/eugenebu...', false, Array)
#4 /Users/eugeneburlak/work/php/rest/store/wp-includes/general-template.php(204): locate_template(Array, true, false, Array)
#5 /Users/eugeneburlak/work/php/rest/store/wp-content/themes/burlak/page-checkout.php(3): get_template_part('checkout/page')
#6 /Users/eugeneburlak/work/php/rest/store/wp-includes/template-loader.php(106): include('/Users/eugenebu...')
#7 /Users/eugeneburlak/work/php/rest/store/ in /Users/eugeneburlak/work/php/rest/store/wp-content/themes/burlak/cart/list.php on line 30

2021-08-31T20:00:08+00:00 CRITICAL Uncaught Error: Call to a member function get_totals() on array in /Users/eugeneburlak/work/php/rest/store/wp-content/themes/burlak/cart/list.php:30
Stack trace:
#0 /Users/eugeneburlak/work/php/rest/store/wp-content/themes/burlak/functions.php(204): require()
#1 /Users/eugeneburlak/work/php/rest/store/wp-content/themes/burlak/checkout/page.php(19): my_get_template_part('cart/list', Array)
#2 /Users/eugeneburlak/work/php/rest/store/wp-includes/template.php(772): require('/Users/eugenebu...')
#3 /Users/eugeneburlak/work/php/rest/store/wp-includes/template.php(716): load_template('/Users/eugenebu...', false, Array)
#4 /Users/eugeneburlak/work/php/rest/store/wp-includes/general-template.php(204): locate_template(Array, true, false, Array)
#5 /Users/eugeneburlak/work/php/rest/store/wp-content/themes/burlak/page-checkout.php(3): get_template_part('checkout/page')
#6 /Users/eugeneburlak/work/php/rest/store/wp-includes/template-loader.php(106): include('/Users/eugenebu...')
#7 /Users/eugeneburlak/work/php/rest/store/ in /Users/eugeneburlak/work/php/rest/store/wp-content/themes/burlak/cart/list.php on line 30

2021-08-31T20:00:28+00:00 CRITICAL Uncaught Error: Call to a member function get_totals() on array in /Users/eugeneburlak/work/php/rest/store/wp-content/themes/burlak/cart/list.php:30
Stack trace:
#0 /Users/eugeneburlak/work/php/rest/store/wp-content/themes/burlak/functions.php(204): require()
#1 /Users/eugeneburlak/work/php/rest/store/wp-content/themes/burlak/checkout/page.php(19): my_get_template_part('cart/list', Array)
#2 /Users/eugeneburlak/work/php/rest/store/wp-includes/template.php(772): require('/Users/eugenebu...')
#3 /Users/eugeneburlak/work/php/rest/store/wp-includes/template.php(716): load_template('/Users/eugenebu...', false, Array)
#4 /Users/eugeneburlak/work/php/rest/store/wp-includes/general-template.php(204): locate_template(Array, true, false, Array)
#5 /Users/eugeneburlak/work/php/rest/store/wp-content/themes/burlak/page-checkout.php(3): get_template_part('checkout/page')
#6 /Users/eugeneburlak/work/php/rest/store/wp-includes/template-loader.php(106): include('/Users/eugenebu...')
#7 /Users/eugeneburlak/work/php/rest/store/ in /Users/eugeneburlak/work/php/rest/store/wp-content/themes/burlak/cart/list.php on line 30

2021-08-31T20:01:31+00:00 CRITICAL Uncaught Error: Call to a member function get_cart_total() on array in /Users/eugeneburlak/work/php/rest/store/wp-content/themes/burlak/cart/list.php:30
Stack trace:
#0 /Users/eugeneburlak/work/php/rest/store/wp-content/themes/burlak/functions.php(204): require()
#1 /Users/eugeneburlak/work/php/rest/store/wp-content/themes/burlak/checkout/page.php(19): my_get_template_part('cart/list', Array)
#2 /Users/eugeneburlak/work/php/rest/store/wp-includes/template.php(772): require('/Users/eugenebu...')
#3 /Users/eugeneburlak/work/php/rest/store/wp-includes/template.php(716): load_template('/Users/eugenebu...', false, Array)
#4 /Users/eugeneburlak/work/php/rest/store/wp-includes/general-template.php(204): locate_template(Array, true, false, Array)
#5 /Users/eugeneburlak/work/php/rest/store/wp-content/themes/burlak/page-checkout.php(3): get_template_part('checkout/page')
#6 /Users/eugeneburlak/work/php/rest/store/wp-includes/template-loader.php(106): include('/Users/eugenebu...')
#7 /Users/eugeneburlak/work/php/rest/st in /Users/eugeneburlak/work/php/rest/store/wp-content/themes/burlak/cart/list.php on line 30

2021-08-31T20:01:39+00:00 CRITICAL Uncaught Error: Call to a member function get_cart_total() on array in /Users/eugeneburlak/work/php/rest/store/wp-content/themes/burlak/cart/list.php:30
Stack trace:
#0 /Users/eugeneburlak/work/php/rest/store/wp-content/themes/burlak/functions.php(204): require()
#1 /Users/eugeneburlak/work/php/rest/store/wp-content/themes/burlak/checkout/page.php(19): my_get_template_part('cart/list', Array)
#2 /Users/eugeneburlak/work/php/rest/store/wp-includes/template.php(772): require('/Users/eugenebu...')
#3 /Users/eugeneburlak/work/php/rest/store/wp-includes/template.php(716): load_template('/Users/eugenebu...', false, Array)
#4 /Users/eugeneburlak/work/php/rest/store/wp-includes/general-template.php(204): locate_template(Array, true, false, Array)
#5 /Users/eugeneburlak/work/php/rest/store/wp-content/themes/burlak/page-checkout.php(3): get_template_part('checkout/page')
#6 /Users/eugeneburlak/work/php/rest/store/wp-includes/template-loader.php(106): include('/Users/eugenebu...')
#7 /Users/eugeneburlak/work/php/rest/st in /Users/eugeneburlak/work/php/rest/store/wp-content/themes/burlak/cart/list.php on line 30

2021-08-31T20:02:18+00:00 CRITICAL Uncaught Error: Call to a member function get_cart_total() on null in /Users/eugeneburlak/work/php/rest/store/wp-content/themes/burlak/cart/list.php:30
Stack trace:
#0 /Users/eugeneburlak/work/php/rest/store/wp-content/themes/burlak/functions.php(204): require()
#1 /Users/eugeneburlak/work/php/rest/store/wp-content/themes/burlak/checkout/page.php(19): my_get_template_part('cart/list', Array)
#2 /Users/eugeneburlak/work/php/rest/store/wp-includes/template.php(772): require('/Users/eugenebu...')
#3 /Users/eugeneburlak/work/php/rest/store/wp-includes/template.php(716): load_template('/Users/eugenebu...', false, Array)
#4 /Users/eugeneburlak/work/php/rest/store/wp-includes/general-template.php(204): locate_template(Array, true, false, Array)
#5 /Users/eugeneburlak/work/php/rest/store/wp-content/themes/burlak/page-checkout.php(3): get_template_part('checkout/page')
#6 /Users/eugeneburlak/work/php/rest/store/wp-includes/template-loader.php(106): include('/Users/eugenebu...')
#7 /Users/eugeneburlak/work/php/rest/sto in /Users/eugeneburlak/work/php/rest/store/wp-content/themes/burlak/cart/list.php on line 30

