2021-09-10T15:17:33+00:00 CRITICAL Uncaught Error: Call to a member function has_session() on null in /Users/eugeneburlak/work/php/rest/store/wp-content/themes/burlak/functions.php:302
Stack trace:
#0 /Users/eugeneburlak/work/php/rest/store/wp-includes/class-wp-hook.php(303): {closure}('')
#1 /Users/eugeneburlak/work/php/rest/store/wp-includes/class-wp-hook.php(327): WP_Hook->apply_filters(NULL, Array)
#2 /Users/eugeneburlak/work/php/rest/store/wp-includes/plugin.php(470): WP_Hook->do_action(Array)
#3 /Users/eugeneburlak/work/php/rest/store/wp-content/plugins/woocommerce/includes/class-woocommerce.php(628): do_action('woocommerce_ini...')
#4 /Users/eugeneburlak/work/php/rest/store/wp-includes/class-wp-hook.php(303): WooCommerce->init('')
#5 /Users/eugeneburlak/work/php/rest/store/wp-includes/class-wp-hook.php(327): WP_Hook->apply_filters(NULL, Array)
#6 /Users/eugeneburlak/work/php/rest/store/wp-includes/plugin.php(470): WP_Hook->do_action(Array)
#7 /Users/eugeneburlak/work/php/rest/store/wp-settings.php(578): do_action('init')
#8 /Users/eugen in /Users/eugeneburlak/work/php/rest/store/wp-content/themes/burlak/functions.php on line 302

2021-09-10T15:17:34+00:00 CRITICAL Uncaught Error: Call to a member function has_session() on null in /Users/eugeneburlak/work/php/rest/store/wp-content/themes/burlak/functions.php:302
Stack trace:
#0 /Users/eugeneburlak/work/php/rest/store/wp-includes/class-wp-hook.php(303): {closure}('')
#1 /Users/eugeneburlak/work/php/rest/store/wp-includes/class-wp-hook.php(327): WP_Hook->apply_filters(NULL, Array)
#2 /Users/eugeneburlak/work/php/rest/store/wp-includes/plugin.php(470): WP_Hook->do_action(Array)
#3 /Users/eugeneburlak/work/php/rest/store/wp-content/plugins/woocommerce/includes/class-woocommerce.php(628): do_action('woocommerce_ini...')
#4 /Users/eugeneburlak/work/php/rest/store/wp-includes/class-wp-hook.php(303): WooCommerce->init('')
#5 /Users/eugeneburlak/work/php/rest/store/wp-includes/class-wp-hook.php(327): WP_Hook->apply_filters(NULL, Array)
#6 /Users/eugeneburlak/work/php/rest/store/wp-includes/plugin.php(470): WP_Hook->do_action(Array)
#7 /Users/eugeneburlak/work/php/rest/store/wp-settings.php(578): do_action('init')
#8 /Users/eugen in /Users/eugeneburlak/work/php/rest/store/wp-content/themes/burlak/functions.php on line 302

2021-09-10T15:18:22+00:00 CRITICAL Uncaught Error: Call to a member function has_session() on null in /Users/eugeneburlak/work/php/rest/store/wp-content/themes/burlak/functions.php:307
Stack trace:
#0 /Users/eugeneburlak/work/php/rest/store/wp-includes/class-wp-hook.php(303): settings('')
#1 /Users/eugeneburlak/work/php/rest/store/wp-includes/class-wp-hook.php(327): WP_Hook->apply_filters(NULL, Array)
#2 /Users/eugeneburlak/work/php/rest/store/wp-includes/plugin.php(470): WP_Hook->do_action(Array)
#3 /Users/eugeneburlak/work/php/rest/store/wp-settings.php(578): do_action('init')
#4 /Users/eugeneburlak/work/php/rest/store/wp-config.php(96): require_once('/Users/eugenebu...')
#5 /Users/eugeneburlak/work/php/rest/store/wp-load.php(50): require_once('/Users/eugenebu...')
#6 /Users/eugeneburlak/work/php/rest/store/wp-admin/admin.php(34): require_once('/Users/eugenebu...')
#7 /Users/eugeneburlak/work/php/rest/store/wp-admin/index.php(10): require_once('/Users/eugenebu...')
#8 {main}
  thrown in /Users/eugeneburlak/work/php/rest/store/wp-content/themes/burlak/functions.php on line 307

2021-09-10T15:18:30+00:00 CRITICAL Uncaught Error: Call to a member function has_session() on null in /Users/eugeneburlak/work/php/rest/store/wp-content/themes/burlak/functions.php:303
Stack trace:
#0 /Users/eugeneburlak/work/php/rest/store/wp-includes/class-wp-hook.php(303): settings('')
#1 /Users/eugeneburlak/work/php/rest/store/wp-includes/class-wp-hook.php(327): WP_Hook->apply_filters(NULL, Array)
#2 /Users/eugeneburlak/work/php/rest/store/wp-includes/plugin.php(470): WP_Hook->do_action(Array)
#3 /Users/eugeneburlak/work/php/rest/store/wp-settings.php(578): do_action('init')
#4 /Users/eugeneburlak/work/php/rest/store/wp-config.php(96): require_once('/Users/eugenebu...')
#5 /Users/eugeneburlak/work/php/rest/store/wp-load.php(50): require_once('/Users/eugenebu...')
#6 /Users/eugeneburlak/work/php/rest/store/wp-admin/admin.php(34): require_once('/Users/eugenebu...')
#7 /Users/eugeneburlak/work/php/rest/store/wp-admin/index.php(10): require_once('/Users/eugenebu...')
#8 {main}
  thrown in /Users/eugeneburlak/work/php/rest/store/wp-content/themes/burlak/functions.php on line 303

2021-09-10T15:18:36+00:00 CRITICAL Uncaught Error: Call to a member function has_session() on null in /Users/eugeneburlak/work/php/rest/store/wp-content/themes/burlak/functions.php:303
Stack trace:
#0 /Users/eugeneburlak/work/php/rest/store/wp-includes/class-wp-hook.php(303): settings('')
#1 /Users/eugeneburlak/work/php/rest/store/wp-includes/class-wp-hook.php(327): WP_Hook->apply_filters(NULL, Array)
#2 /Users/eugeneburlak/work/php/rest/store/wp-includes/plugin.php(470): WP_Hook->do_action(Array)
#3 /Users/eugeneburlak/work/php/rest/store/wp-settings.php(578): do_action('init')
#4 /Users/eugeneburlak/work/php/rest/store/wp-config.php(96): require_once('/Users/eugenebu...')
#5 /Users/eugeneburlak/work/php/rest/store/wp-load.php(50): require_once('/Users/eugenebu...')
#6 /Users/eugeneburlak/work/php/rest/store/wp-admin/admin.php(34): require_once('/Users/eugenebu...')
#7 /Users/eugeneburlak/work/php/rest/store/wp-admin/index.php(10): require_once('/Users/eugenebu...')
#8 {main}
  thrown in /Users/eugeneburlak/work/php/rest/store/wp-content/themes/burlak/functions.php on line 303

2021-09-10T15:18:47+00:00 CRITICAL Uncaught Error: Call to a member function has_session() on null in /Users/eugeneburlak/work/php/rest/store/wp-content/themes/burlak/functions.php:303
Stack trace:
#0 /Users/eugeneburlak/work/php/rest/store/wp-includes/class-wp-hook.php(303): settings('')
#1 /Users/eugeneburlak/work/php/rest/store/wp-includes/class-wp-hook.php(327): WP_Hook->apply_filters(NULL, Array)
#2 /Users/eugeneburlak/work/php/rest/store/wp-includes/plugin.php(470): WP_Hook->do_action(Array)
#3 /Users/eugeneburlak/work/php/rest/store/wp-settings.php(578): do_action('init')
#4 /Users/eugeneburlak/work/php/rest/store/wp-config.php(96): require_once('/Users/eugenebu...')
#5 /Users/eugeneburlak/work/php/rest/store/wp-load.php(50): require_once('/Users/eugenebu...')
#6 /Users/eugeneburlak/work/php/rest/store/wp-cron.php(44): require_once('/Users/eugenebu...')
#7 {main}
  thrown in /Users/eugeneburlak/work/php/rest/store/wp-content/themes/burlak/functions.php on line 303

2021-09-10T15:19:48+00:00 CRITICAL Uncaught Error: Call to a member function has_session() on null in /Users/eugeneburlak/work/php/rest/store/wp-content/themes/burlak/functions.php:303
Stack trace:
#0 /Users/eugeneburlak/work/php/rest/store/wp-includes/class-wp-hook.php(303): settings('')
#1 /Users/eugeneburlak/work/php/rest/store/wp-includes/class-wp-hook.php(327): WP_Hook->apply_filters(NULL, Array)
#2 /Users/eugeneburlak/work/php/rest/store/wp-includes/plugin.php(470): WP_Hook->do_action(Array)
#3 /Users/eugeneburlak/work/php/rest/store/wp-settings.php(578): do_action('init')
#4 /Users/eugeneburlak/work/php/rest/store/wp-config.php(96): require_once('/Users/eugenebu...')
#5 /Users/eugeneburlak/work/php/rest/store/wp-load.php(50): require_once('/Users/eugenebu...')
#6 /Users/eugeneburlak/work/php/rest/store/wp-cron.php(44): require_once('/Users/eugenebu...')
#7 {main}
  thrown in /Users/eugeneburlak/work/php/rest/store/wp-content/themes/burlak/functions.php on line 303

