2021-09-13T19:49:50+00:00 CRITICAL Uncaught Error: Call to a member function has_session() on null in /Users/eugeneburlak/work/php/rest/store/wp-content/themes/burlak/functions.php:303
Stack trace:
#0 /Users/eugeneburlak/work/php/rest/store/wp-includes/class-wp-hook.php(303): settings('')
#1 /Users/eugeneburlak/work/php/rest/store/wp-includes/class-wp-hook.php(327): WP_Hook->apply_filters(NULL, Array)
#2 /Users/eugeneburlak/work/php/rest/store/wp-includes/plugin.php(470): WP_Hook->do_action(Array)
#3 /Users/eugeneburlak/work/php/rest/store/wp-settings.php(578): do_action('init')
#4 /Users/eugeneburlak/work/php/rest/store/wp-config.php(96): require_once('/Users/eugenebu...')
#5 /Users/eugeneburlak/work/php/rest/store/wp-load.php(50): require_once('/Users/eugenebu...')
#6 /Users/eugeneburlak/work/php/rest/store/wp-cron.php(44): require_once('/Users/eugenebu...')
#7 {main}
  thrown in /Users/eugeneburlak/work/php/rest/store/wp-content/themes/burlak/functions.php on line 303

2021-09-13T19:53:11+00:00 CRITICAL Uncaught Error: Call to a member function has_session() on null in /Users/eugeneburlak/work/php/rest/store/wp-content/themes/burlak/functions.php:303
Stack trace:
#0 /Users/eugeneburlak/work/php/rest/store/wp-includes/class-wp-hook.php(303): settings('')
#1 /Users/eugeneburlak/work/php/rest/store/wp-includes/class-wp-hook.php(327): WP_Hook->apply_filters(NULL, Array)
#2 /Users/eugeneburlak/work/php/rest/store/wp-includes/plugin.php(470): WP_Hook->do_action(Array)
#3 /Users/eugeneburlak/work/php/rest/store/wp-settings.php(578): do_action('init')
#4 /Users/eugeneburlak/work/php/rest/store/wp-config.php(96): require_once('/Users/eugenebu...')
#5 /Users/eugeneburlak/work/php/rest/store/wp-load.php(50): require_once('/Users/eugenebu...')
#6 /Users/eugeneburlak/work/php/rest/store/wp-cron.php(44): require_once('/Users/eugenebu...')
#7 {main}
  thrown in /Users/eugeneburlak/work/php/rest/store/wp-content/themes/burlak/functions.php on line 303

2021-09-13T19:53:38+00:00 CRITICAL Uncaught Error: Call to a member function has_session() on null in /Users/eugeneburlak/work/php/rest/store/wp-content/themes/burlak/functions.php:303
Stack trace:
#0 /Users/eugeneburlak/work/php/rest/store/wp-includes/class-wp-hook.php(303): settings('')
#1 /Users/eugeneburlak/work/php/rest/store/wp-includes/class-wp-hook.php(327): WP_Hook->apply_filters(NULL, Array)
#2 /Users/eugeneburlak/work/php/rest/store/wp-includes/plugin.php(470): WP_Hook->do_action(Array)
#3 /Users/eugeneburlak/work/php/rest/store/wp-settings.php(578): do_action('init')
#4 /Users/eugeneburlak/work/php/rest/store/wp-config.php(96): require_once('/Users/eugenebu...')
#5 /Users/eugeneburlak/work/php/rest/store/wp-load.php(50): require_once('/Users/eugenebu...')
#6 /Users/eugeneburlak/work/php/rest/store/wp-blog-header.php(13): require_once('/Users/eugenebu...')
#7 /Users/eugeneburlak/work/php/rest/store/index.php(17): require('/Users/eugenebu...')
#8 {main}
  thrown in /Users/eugeneburlak/work/php/rest/store/wp-content/themes/burlak/functions.php on line 303

2021-09-13T19:53:39+00:00 CRITICAL Uncaught Error: Call to a member function has_session() on null in /Users/eugeneburlak/work/php/rest/store/wp-content/themes/burlak/functions.php:303
Stack trace:
#0 /Users/eugeneburlak/work/php/rest/store/wp-includes/class-wp-hook.php(303): settings('')
#1 /Users/eugeneburlak/work/php/rest/store/wp-includes/class-wp-hook.php(327): WP_Hook->apply_filters(NULL, Array)
#2 /Users/eugeneburlak/work/php/rest/store/wp-includes/plugin.php(470): WP_Hook->do_action(Array)
#3 /Users/eugeneburlak/work/php/rest/store/wp-settings.php(578): do_action('init')
#4 /Users/eugeneburlak/work/php/rest/store/wp-config.php(96): require_once('/Users/eugenebu...')
#5 /Users/eugeneburlak/work/php/rest/store/wp-load.php(50): require_once('/Users/eugenebu...')
#6 /Users/eugeneburlak/work/php/rest/store/wp-blog-header.php(13): require_once('/Users/eugenebu...')
#7 /Users/eugeneburlak/work/php/rest/store/index.php(17): require('/Users/eugenebu...')
#8 {main}
  thrown in /Users/eugeneburlak/work/php/rest/store/wp-content/themes/burlak/functions.php on line 303

2021-09-13T19:53:40+00:00 CRITICAL Uncaught Error: Call to a member function has_session() on null in /Users/eugeneburlak/work/php/rest/store/wp-content/themes/burlak/functions.php:303
Stack trace:
#0 /Users/eugeneburlak/work/php/rest/store/wp-includes/class-wp-hook.php(303): settings('')
#1 /Users/eugeneburlak/work/php/rest/store/wp-includes/class-wp-hook.php(327): WP_Hook->apply_filters(NULL, Array)
#2 /Users/eugeneburlak/work/php/rest/store/wp-includes/plugin.php(470): WP_Hook->do_action(Array)
#3 /Users/eugeneburlak/work/php/rest/store/wp-settings.php(578): do_action('init')
#4 /Users/eugeneburlak/work/php/rest/store/wp-config.php(96): require_once('/Users/eugenebu...')
#5 /Users/eugeneburlak/work/php/rest/store/wp-load.php(50): require_once('/Users/eugenebu...')
#6 /Users/eugeneburlak/work/php/rest/store/wp-blog-header.php(13): require_once('/Users/eugenebu...')
#7 /Users/eugeneburlak/work/php/rest/store/index.php(17): require('/Users/eugenebu...')
#8 {main}
  thrown in /Users/eugeneburlak/work/php/rest/store/wp-content/themes/burlak/functions.php on line 303

2021-09-13T19:53:40+00:00 CRITICAL Uncaught Error: Call to a member function has_session() on null in /Users/eugeneburlak/work/php/rest/store/wp-content/themes/burlak/functions.php:303
Stack trace:
#0 /Users/eugeneburlak/work/php/rest/store/wp-includes/class-wp-hook.php(303): settings('')
#1 /Users/eugeneburlak/work/php/rest/store/wp-includes/class-wp-hook.php(327): WP_Hook->apply_filters(NULL, Array)
#2 /Users/eugeneburlak/work/php/rest/store/wp-includes/plugin.php(470): WP_Hook->do_action(Array)
#3 /Users/eugeneburlak/work/php/rest/store/wp-settings.php(578): do_action('init')
#4 /Users/eugeneburlak/work/php/rest/store/wp-config.php(96): require_once('/Users/eugenebu...')
#5 /Users/eugeneburlak/work/php/rest/store/wp-load.php(50): require_once('/Users/eugenebu...')
#6 /Users/eugeneburlak/work/php/rest/store/wp-blog-header.php(13): require_once('/Users/eugenebu...')
#7 /Users/eugeneburlak/work/php/rest/store/index.php(17): require('/Users/eugenebu...')
#8 {main}
  thrown in /Users/eugeneburlak/work/php/rest/store/wp-content/themes/burlak/functions.php on line 303

2021-09-13T19:54:14+00:00 CRITICAL Uncaught Error: Call to a member function has_session() on null in /Users/eugeneburlak/work/php/rest/store/wp-content/themes/burlak/functions.php:303
Stack trace:
#0 /Users/eugeneburlak/work/php/rest/store/wp-includes/class-wp-hook.php(303): settings('')
#1 /Users/eugeneburlak/work/php/rest/store/wp-includes/class-wp-hook.php(327): WP_Hook->apply_filters(NULL, Array)
#2 /Users/eugeneburlak/work/php/rest/store/wp-includes/plugin.php(470): WP_Hook->do_action(Array)
#3 /Users/eugeneburlak/work/php/rest/store/wp-settings.php(578): do_action('init')
#4 /Users/eugeneburlak/work/php/rest/store/wp-config.php(96): require_once('/Users/eugenebu...')
#5 /Users/eugeneburlak/work/php/rest/store/wp-load.php(50): require_once('/Users/eugenebu...')
#6 /Users/eugeneburlak/work/php/rest/store/wp-cron.php(44): require_once('/Users/eugenebu...')
#7 {main}
  thrown in /Users/eugeneburlak/work/php/rest/store/wp-content/themes/burlak/functions.php on line 303

2021-09-13T19:54:15+00:00 CRITICAL Uncaught Error: Call to a member function has_session() on null in /Users/eugeneburlak/work/php/rest/store/wp-content/themes/burlak/functions.php:303
Stack trace:
#0 /Users/eugeneburlak/work/php/rest/store/wp-includes/class-wp-hook.php(303): settings('')
#1 /Users/eugeneburlak/work/php/rest/store/wp-includes/class-wp-hook.php(327): WP_Hook->apply_filters(NULL, Array)
#2 /Users/eugeneburlak/work/php/rest/store/wp-includes/plugin.php(470): WP_Hook->do_action(Array)
#3 /Users/eugeneburlak/work/php/rest/store/wp-settings.php(578): do_action('init')
#4 /Users/eugeneburlak/work/php/rest/store/wp-config.php(96): require_once('/Users/eugenebu...')
#5 /Users/eugeneburlak/work/php/rest/store/wp-load.php(50): require_once('/Users/eugenebu...')
#6 /Users/eugeneburlak/work/php/rest/store/wp-cron.php(44): require_once('/Users/eugenebu...')
#7 {main}
  thrown in /Users/eugeneburlak/work/php/rest/store/wp-content/themes/burlak/functions.php on line 303

2021-09-13T19:56:51+00:00 CRITICAL Uncaught Error: Call to a member function has_session() on null in /Users/eugeneburlak/work/php/rest/store/wp-content/themes/burlak/functions.php:303
Stack trace:
#0 /Users/eugeneburlak/work/php/rest/store/wp-includes/class-wp-hook.php(303): settings('')
#1 /Users/eugeneburlak/work/php/rest/store/wp-includes/class-wp-hook.php(327): WP_Hook->apply_filters(NULL, Array)
#2 /Users/eugeneburlak/work/php/rest/store/wp-includes/plugin.php(470): WP_Hook->do_action(Array)
#3 /Users/eugeneburlak/work/php/rest/store/wp-settings.php(578): do_action('init')
#4 /Users/eugeneburlak/work/php/rest/store/wp-config.php(96): require_once('/Users/eugenebu...')
#5 /Users/eugeneburlak/work/php/rest/store/wp-load.php(50): require_once('/Users/eugenebu...')
#6 /Users/eugeneburlak/work/php/rest/store/wp-cron.php(44): require_once('/Users/eugenebu...')
#7 {main}
  thrown in /Users/eugeneburlak/work/php/rest/store/wp-content/themes/burlak/functions.php on line 303

2021-09-13T19:58:02+00:00 CRITICAL Uncaught Error: Call to a member function has_session() on null in /Users/eugeneburlak/work/php/rest/store/wp-content/themes/burlak/functions.php:303
Stack trace:
#0 /Users/eugeneburlak/work/php/rest/store/wp-includes/class-wp-hook.php(303): settings('')
#1 /Users/eugeneburlak/work/php/rest/store/wp-includes/class-wp-hook.php(327): WP_Hook->apply_filters(NULL, Array)
#2 /Users/eugeneburlak/work/php/rest/store/wp-includes/plugin.php(470): WP_Hook->do_action(Array)
#3 /Users/eugeneburlak/work/php/rest/store/wp-settings.php(578): do_action('init')
#4 /Users/eugeneburlak/work/php/rest/store/wp-config.php(96): require_once('/Users/eugenebu...')
#5 /Users/eugeneburlak/work/php/rest/store/wp-load.php(50): require_once('/Users/eugenebu...')
#6 /Users/eugeneburlak/work/php/rest/store/wp-cron.php(44): require_once('/Users/eugenebu...')
#7 {main}
  thrown in /Users/eugeneburlak/work/php/rest/store/wp-content/themes/burlak/functions.php on line 303

2021-09-13T20:00:17+00:00 CRITICAL Uncaught Error: Call to a member function has_session() on null in /Users/eugeneburlak/work/php/rest/store/wp-content/themes/burlak/functions.php:303
Stack trace:
#0 /Users/eugeneburlak/work/php/rest/store/wp-includes/class-wp-hook.php(303): settings('')
#1 /Users/eugeneburlak/work/php/rest/store/wp-includes/class-wp-hook.php(327): WP_Hook->apply_filters(NULL, Array)
#2 /Users/eugeneburlak/work/php/rest/store/wp-includes/plugin.php(470): WP_Hook->do_action(Array)
#3 /Users/eugeneburlak/work/php/rest/store/wp-settings.php(578): do_action('init')
#4 /Users/eugeneburlak/work/php/rest/store/wp-config.php(96): require_once('/Users/eugenebu...')
#5 /Users/eugeneburlak/work/php/rest/store/wp-load.php(50): require_once('/Users/eugenebu...')
#6 /Users/eugeneburlak/work/php/rest/store/wp-cron.php(44): require_once('/Users/eugenebu...')
#7 {main}
  thrown in /Users/eugeneburlak/work/php/rest/store/wp-content/themes/burlak/functions.php on line 303

2021-09-13T20:02:00+00:00 CRITICAL Uncaught Error: Call to a member function has_session() on null in /Users/eugeneburlak/work/php/rest/store/wp-content/themes/burlak/functions.php:303
Stack trace:
#0 /Users/eugeneburlak/work/php/rest/store/wp-includes/class-wp-hook.php(303): settings('')
#1 /Users/eugeneburlak/work/php/rest/store/wp-includes/class-wp-hook.php(327): WP_Hook->apply_filters(NULL, Array)
#2 /Users/eugeneburlak/work/php/rest/store/wp-includes/plugin.php(470): WP_Hook->do_action(Array)
#3 /Users/eugeneburlak/work/php/rest/store/wp-settings.php(578): do_action('init')
#4 /Users/eugeneburlak/work/php/rest/store/wp-config.php(96): require_once('/Users/eugenebu...')
#5 /Users/eugeneburlak/work/php/rest/store/wp-load.php(50): require_once('/Users/eugenebu...')
#6 /Users/eugeneburlak/work/php/rest/store/wp-cron.php(44): require_once('/Users/eugenebu...')
#7 {main}
  thrown in /Users/eugeneburlak/work/php/rest/store/wp-content/themes/burlak/functions.php on line 303

2021-09-13T20:04:58+00:00 CRITICAL Uncaught Error: Call to a member function has_session() on null in /Users/eugeneburlak/work/php/rest/store/wp-content/themes/burlak/functions.php:303
Stack trace:
#0 /Users/eugeneburlak/work/php/rest/store/wp-includes/class-wp-hook.php(303): settings('')
#1 /Users/eugeneburlak/work/php/rest/store/wp-includes/class-wp-hook.php(327): WP_Hook->apply_filters(NULL, Array)
#2 /Users/eugeneburlak/work/php/rest/store/wp-includes/plugin.php(470): WP_Hook->do_action(Array)
#3 /Users/eugeneburlak/work/php/rest/store/wp-settings.php(578): do_action('init')
#4 /Users/eugeneburlak/work/php/rest/store/wp-config.php(96): require_once('/Users/eugenebu...')
#5 /Users/eugeneburlak/work/php/rest/store/wp-load.php(50): require_once('/Users/eugenebu...')
#6 /Users/eugeneburlak/work/php/rest/store/wp-cron.php(44): require_once('/Users/eugenebu...')
#7 {main}
  thrown in /Users/eugeneburlak/work/php/rest/store/wp-content/themes/burlak/functions.php on line 303

2021-09-13T20:06:59+00:00 CRITICAL Uncaught Error: Call to a member function has_session() on null in /Users/eugeneburlak/work/php/rest/store/wp-content/themes/burlak/functions.php:303
Stack trace:
#0 /Users/eugeneburlak/work/php/rest/store/wp-includes/class-wp-hook.php(303): settings('')
#1 /Users/eugeneburlak/work/php/rest/store/wp-includes/class-wp-hook.php(327): WP_Hook->apply_filters(NULL, Array)
#2 /Users/eugeneburlak/work/php/rest/store/wp-includes/plugin.php(470): WP_Hook->do_action(Array)
#3 /Users/eugeneburlak/work/php/rest/store/wp-settings.php(578): do_action('init')
#4 /Users/eugeneburlak/work/php/rest/store/wp-config.php(96): require_once('/Users/eugenebu...')
#5 /Users/eugeneburlak/work/php/rest/store/wp-load.php(50): require_once('/Users/eugenebu...')
#6 /Users/eugeneburlak/work/php/rest/store/wp-cron.php(44): require_once('/Users/eugenebu...')
#7 {main}
  thrown in /Users/eugeneburlak/work/php/rest/store/wp-content/themes/burlak/functions.php on line 303

2021-09-13T20:08:59+00:00 CRITICAL Uncaught Error: Call to a member function has_session() on null in /Users/eugeneburlak/work/php/rest/store/wp-content/themes/burlak/functions.php:303
Stack trace:
#0 /Users/eugeneburlak/work/php/rest/store/wp-includes/class-wp-hook.php(303): settings('')
#1 /Users/eugeneburlak/work/php/rest/store/wp-includes/class-wp-hook.php(327): WP_Hook->apply_filters(NULL, Array)
#2 /Users/eugeneburlak/work/php/rest/store/wp-includes/plugin.php(470): WP_Hook->do_action(Array)
#3 /Users/eugeneburlak/work/php/rest/store/wp-settings.php(578): do_action('init')
#4 /Users/eugeneburlak/work/php/rest/store/wp-config.php(96): require_once('/Users/eugenebu...')
#5 /Users/eugeneburlak/work/php/rest/store/wp-load.php(50): require_once('/Users/eugenebu...')
#6 /Users/eugeneburlak/work/php/rest/store/wp-cron.php(44): require_once('/Users/eugenebu...')
#7 {main}
  thrown in /Users/eugeneburlak/work/php/rest/store/wp-content/themes/burlak/functions.php on line 303

2021-09-13T20:11:00+00:00 CRITICAL Uncaught Error: Call to a member function has_session() on null in /Users/eugeneburlak/work/php/rest/store/wp-content/themes/burlak/functions.php:303
Stack trace:
#0 /Users/eugeneburlak/work/php/rest/store/wp-includes/class-wp-hook.php(303): settings('')
#1 /Users/eugeneburlak/work/php/rest/store/wp-includes/class-wp-hook.php(327): WP_Hook->apply_filters(NULL, Array)
#2 /Users/eugeneburlak/work/php/rest/store/wp-includes/plugin.php(470): WP_Hook->do_action(Array)
#3 /Users/eugeneburlak/work/php/rest/store/wp-settings.php(578): do_action('init')
#4 /Users/eugeneburlak/work/php/rest/store/wp-config.php(96): require_once('/Users/eugenebu...')
#5 /Users/eugeneburlak/work/php/rest/store/wp-load.php(50): require_once('/Users/eugenebu...')
#6 /Users/eugeneburlak/work/php/rest/store/wp-cron.php(44): require_once('/Users/eugenebu...')
#7 {main}
  thrown in /Users/eugeneburlak/work/php/rest/store/wp-content/themes/burlak/functions.php on line 303

2021-09-13T20:13:01+00:00 CRITICAL Uncaught Error: Call to a member function has_session() on null in /Users/eugeneburlak/work/php/rest/store/wp-content/themes/burlak/functions.php:303
Stack trace:
#0 /Users/eugeneburlak/work/php/rest/store/wp-includes/class-wp-hook.php(303): settings('')
#1 /Users/eugeneburlak/work/php/rest/store/wp-includes/class-wp-hook.php(327): WP_Hook->apply_filters(NULL, Array)
#2 /Users/eugeneburlak/work/php/rest/store/wp-includes/plugin.php(470): WP_Hook->do_action(Array)
#3 /Users/eugeneburlak/work/php/rest/store/wp-settings.php(578): do_action('init')
#4 /Users/eugeneburlak/work/php/rest/store/wp-config.php(96): require_once('/Users/eugenebu...')
#5 /Users/eugeneburlak/work/php/rest/store/wp-load.php(50): require_once('/Users/eugenebu...')
#6 /Users/eugeneburlak/work/php/rest/store/wp-cron.php(44): require_once('/Users/eugenebu...')
#7 {main}
  thrown in /Users/eugeneburlak/work/php/rest/store/wp-content/themes/burlak/functions.php on line 303

2021-09-13T20:15:09+00:00 CRITICAL Uncaught Error: Call to a member function has_session() on null in /Users/eugeneburlak/work/php/rest/store/wp-content/themes/burlak/functions.php:303
Stack trace:
#0 /Users/eugeneburlak/work/php/rest/store/wp-includes/class-wp-hook.php(303): settings('')
#1 /Users/eugeneburlak/work/php/rest/store/wp-includes/class-wp-hook.php(327): WP_Hook->apply_filters(NULL, Array)
#2 /Users/eugeneburlak/work/php/rest/store/wp-includes/plugin.php(470): WP_Hook->do_action(Array)
#3 /Users/eugeneburlak/work/php/rest/store/wp-settings.php(578): do_action('init')
#4 /Users/eugeneburlak/work/php/rest/store/wp-config.php(96): require_once('/Users/eugenebu...')
#5 /Users/eugeneburlak/work/php/rest/store/wp-load.php(50): require_once('/Users/eugenebu...')
#6 /Users/eugeneburlak/work/php/rest/store/wp-cron.php(44): require_once('/Users/eugenebu...')
#7 {main}
  thrown in /Users/eugeneburlak/work/php/rest/store/wp-content/themes/burlak/functions.php on line 303

2021-09-13T20:17:14+00:00 CRITICAL Uncaught Error: Call to a member function has_session() on null in /Users/eugeneburlak/work/php/rest/store/wp-content/themes/burlak/functions.php:303
Stack trace:
#0 /Users/eugeneburlak/work/php/rest/store/wp-includes/class-wp-hook.php(303): settings('')
#1 /Users/eugeneburlak/work/php/rest/store/wp-includes/class-wp-hook.php(327): WP_Hook->apply_filters(NULL, Array)
#2 /Users/eugeneburlak/work/php/rest/store/wp-includes/plugin.php(470): WP_Hook->do_action(Array)
#3 /Users/eugeneburlak/work/php/rest/store/wp-settings.php(578): do_action('init')
#4 /Users/eugeneburlak/work/php/rest/store/wp-config.php(96): require_once('/Users/eugenebu...')
#5 /Users/eugeneburlak/work/php/rest/store/wp-load.php(50): require_once('/Users/eugenebu...')
#6 /Users/eugeneburlak/work/php/rest/store/wp-cron.php(44): require_once('/Users/eugenebu...')
#7 {main}
  thrown in /Users/eugeneburlak/work/php/rest/store/wp-content/themes/burlak/functions.php on line 303

2021-09-13T20:19:15+00:00 CRITICAL Uncaught Error: Call to a member function has_session() on null in /Users/eugeneburlak/work/php/rest/store/wp-content/themes/burlak/functions.php:303
Stack trace:
#0 /Users/eugeneburlak/work/php/rest/store/wp-includes/class-wp-hook.php(303): settings('')
#1 /Users/eugeneburlak/work/php/rest/store/wp-includes/class-wp-hook.php(327): WP_Hook->apply_filters(NULL, Array)
#2 /Users/eugeneburlak/work/php/rest/store/wp-includes/plugin.php(470): WP_Hook->do_action(Array)
#3 /Users/eugeneburlak/work/php/rest/store/wp-settings.php(578): do_action('init')
#4 /Users/eugeneburlak/work/php/rest/store/wp-config.php(96): require_once('/Users/eugenebu...')
#5 /Users/eugeneburlak/work/php/rest/store/wp-load.php(50): require_once('/Users/eugenebu...')
#6 /Users/eugeneburlak/work/php/rest/store/wp-cron.php(44): require_once('/Users/eugenebu...')
#7 {main}
  thrown in /Users/eugeneburlak/work/php/rest/store/wp-content/themes/burlak/functions.php on line 303

2021-09-13T20:20:49+00:00 CRITICAL Uncaught Error: Call to a member function has_session() on null in /Users/eugeneburlak/work/php/rest/store/wp-content/themes/burlak/functions.php:303
Stack trace:
#0 /Users/eugeneburlak/work/php/rest/store/wp-includes/class-wp-hook.php(303): settings('')
#1 /Users/eugeneburlak/work/php/rest/store/wp-includes/class-wp-hook.php(327): WP_Hook->apply_filters(NULL, Array)
#2 /Users/eugeneburlak/work/php/rest/store/wp-includes/plugin.php(470): WP_Hook->do_action(Array)
#3 /Users/eugeneburlak/work/php/rest/store/wp-settings.php(578): do_action('init')
#4 /Users/eugeneburlak/work/php/rest/store/wp-config.php(96): require_once('/Users/eugenebu...')
#5 /Users/eugeneburlak/work/php/rest/store/wp-load.php(50): require_once('/Users/eugenebu...')
#6 /Users/eugeneburlak/work/php/rest/store/wp-cron.php(44): require_once('/Users/eugenebu...')
#7 {main}
  thrown in /Users/eugeneburlak/work/php/rest/store/wp-content/themes/burlak/functions.php on line 303

2021-09-13T20:22:52+00:00 CRITICAL Uncaught Error: Call to a member function has_session() on null in /Users/eugeneburlak/work/php/rest/store/wp-content/themes/burlak/functions.php:303
Stack trace:
#0 /Users/eugeneburlak/work/php/rest/store/wp-includes/class-wp-hook.php(303): settings('')
#1 /Users/eugeneburlak/work/php/rest/store/wp-includes/class-wp-hook.php(327): WP_Hook->apply_filters(NULL, Array)
#2 /Users/eugeneburlak/work/php/rest/store/wp-includes/plugin.php(470): WP_Hook->do_action(Array)
#3 /Users/eugeneburlak/work/php/rest/store/wp-settings.php(578): do_action('init')
#4 /Users/eugeneburlak/work/php/rest/store/wp-config.php(96): require_once('/Users/eugenebu...')
#5 /Users/eugeneburlak/work/php/rest/store/wp-load.php(50): require_once('/Users/eugenebu...')
#6 /Users/eugeneburlak/work/php/rest/store/wp-cron.php(44): require_once('/Users/eugenebu...')
#7 {main}
  thrown in /Users/eugeneburlak/work/php/rest/store/wp-content/themes/burlak/functions.php on line 303

2021-09-13T20:24:54+00:00 CRITICAL Uncaught Error: Call to a member function has_session() on null in /Users/eugeneburlak/work/php/rest/store/wp-content/themes/burlak/functions.php:303
Stack trace:
#0 /Users/eugeneburlak/work/php/rest/store/wp-includes/class-wp-hook.php(303): settings('')
#1 /Users/eugeneburlak/work/php/rest/store/wp-includes/class-wp-hook.php(327): WP_Hook->apply_filters(NULL, Array)
#2 /Users/eugeneburlak/work/php/rest/store/wp-includes/plugin.php(470): WP_Hook->do_action(Array)
#3 /Users/eugeneburlak/work/php/rest/store/wp-settings.php(578): do_action('init')
#4 /Users/eugeneburlak/work/php/rest/store/wp-config.php(96): require_once('/Users/eugenebu...')
#5 /Users/eugeneburlak/work/php/rest/store/wp-load.php(50): require_once('/Users/eugenebu...')
#6 /Users/eugeneburlak/work/php/rest/store/wp-cron.php(44): require_once('/Users/eugenebu...')
#7 {main}
  thrown in /Users/eugeneburlak/work/php/rest/store/wp-content/themes/burlak/functions.php on line 303

2021-09-13T20:26:53+00:00 CRITICAL Uncaught Error: Call to a member function has_session() on null in /Users/eugeneburlak/work/php/rest/store/wp-content/themes/burlak/functions.php:303
Stack trace:
#0 /Users/eugeneburlak/work/php/rest/store/wp-includes/class-wp-hook.php(303): settings('')
#1 /Users/eugeneburlak/work/php/rest/store/wp-includes/class-wp-hook.php(327): WP_Hook->apply_filters(NULL, Array)
#2 /Users/eugeneburlak/work/php/rest/store/wp-includes/plugin.php(470): WP_Hook->do_action(Array)
#3 /Users/eugeneburlak/work/php/rest/store/wp-settings.php(578): do_action('init')
#4 /Users/eugeneburlak/work/php/rest/store/wp-config.php(96): require_once('/Users/eugenebu...')
#5 /Users/eugeneburlak/work/php/rest/store/wp-load.php(50): require_once('/Users/eugenebu...')
#6 /Users/eugeneburlak/work/php/rest/store/wp-cron.php(44): require_once('/Users/eugenebu...')
#7 {main}
  thrown in /Users/eugeneburlak/work/php/rest/store/wp-content/themes/burlak/functions.php on line 303

2021-09-13T20:28:55+00:00 CRITICAL Uncaught Error: Call to a member function has_session() on null in /Users/eugeneburlak/work/php/rest/store/wp-content/themes/burlak/functions.php:303
Stack trace:
#0 /Users/eugeneburlak/work/php/rest/store/wp-includes/class-wp-hook.php(303): settings('')
#1 /Users/eugeneburlak/work/php/rest/store/wp-includes/class-wp-hook.php(327): WP_Hook->apply_filters(NULL, Array)
#2 /Users/eugeneburlak/work/php/rest/store/wp-includes/plugin.php(470): WP_Hook->do_action(Array)
#3 /Users/eugeneburlak/work/php/rest/store/wp-settings.php(578): do_action('init')
#4 /Users/eugeneburlak/work/php/rest/store/wp-config.php(96): require_once('/Users/eugenebu...')
#5 /Users/eugeneburlak/work/php/rest/store/wp-load.php(50): require_once('/Users/eugenebu...')
#6 /Users/eugeneburlak/work/php/rest/store/wp-cron.php(44): require_once('/Users/eugenebu...')
#7 {main}
  thrown in /Users/eugeneburlak/work/php/rest/store/wp-content/themes/burlak/functions.php on line 303

2021-09-13T20:30:55+00:00 CRITICAL Uncaught Error: Call to a member function has_session() on null in /Users/eugeneburlak/work/php/rest/store/wp-content/themes/burlak/functions.php:303
Stack trace:
#0 /Users/eugeneburlak/work/php/rest/store/wp-includes/class-wp-hook.php(303): settings('')
#1 /Users/eugeneburlak/work/php/rest/store/wp-includes/class-wp-hook.php(327): WP_Hook->apply_filters(NULL, Array)
#2 /Users/eugeneburlak/work/php/rest/store/wp-includes/plugin.php(470): WP_Hook->do_action(Array)
#3 /Users/eugeneburlak/work/php/rest/store/wp-settings.php(578): do_action('init')
#4 /Users/eugeneburlak/work/php/rest/store/wp-config.php(96): require_once('/Users/eugenebu...')
#5 /Users/eugeneburlak/work/php/rest/store/wp-load.php(50): require_once('/Users/eugenebu...')
#6 /Users/eugeneburlak/work/php/rest/store/wp-cron.php(44): require_once('/Users/eugenebu...')
#7 {main}
  thrown in /Users/eugeneburlak/work/php/rest/store/wp-content/themes/burlak/functions.php on line 303

2021-09-13T20:38:50+00:00 CRITICAL Uncaught Error: Call to a member function has_session() on null in /Users/eugeneburlak/work/php/rest/store/wp-content/themes/burlak/functions.php:303
Stack trace:
#0 /Users/eugeneburlak/work/php/rest/store/wp-includes/class-wp-hook.php(303): settings('')
#1 /Users/eugeneburlak/work/php/rest/store/wp-includes/class-wp-hook.php(327): WP_Hook->apply_filters(NULL, Array)
#2 /Users/eugeneburlak/work/php/rest/store/wp-includes/plugin.php(470): WP_Hook->do_action(Array)
#3 /Users/eugeneburlak/work/php/rest/store/wp-settings.php(578): do_action('init')
#4 /Users/eugeneburlak/work/php/rest/store/wp-config.php(96): require_once('/Users/eugenebu...')
#5 /Users/eugeneburlak/work/php/rest/store/wp-load.php(50): require_once('/Users/eugenebu...')
#6 /Users/eugeneburlak/work/php/rest/store/wp-blog-header.php(13): require_once('/Users/eugenebu...')
#7 /Users/eugeneburlak/work/php/rest/store/index.php(17): require('/Users/eugenebu...')
#8 {main}
  thrown in /Users/eugeneburlak/work/php/rest/store/wp-content/themes/burlak/functions.php on line 303

2021-09-13T20:39:24+00:00 CRITICAL Uncaught Error: Call to undefined function get_theme_color() in /Users/eugeneburlak/work/php/rest/store/wp-content/themes/burlak/header.php:8
Stack trace:
#0 /Users/eugeneburlak/work/php/rest/store/wp-includes/template.php(770): require_once()
#1 /Users/eugeneburlak/work/php/rest/store/wp-includes/template.php(716): load_template('/Users/eugenebu...', true, Array)
#2 /Users/eugeneburlak/work/php/rest/store/wp-includes/general-template.php(48): locate_template(Array, true, true, Array)
#3 /Users/eugeneburlak/work/php/rest/store/wp-content/themes/burlak/404.php(2): get_header()
#4 /Users/eugeneburlak/work/php/rest/store/wp-includes/template-loader.php(106): include('/Users/eugenebu...')
#5 /Users/eugeneburlak/work/php/rest/store/wp-blog-header.php(19): require_once('/Users/eugenebu...')
#6 /Users/eugeneburlak/work/php/rest/store/index.php(17): require('/Users/eugenebu...')
#7 {main}
  thrown in /Users/eugeneburlak/work/php/rest/store/wp-content/themes/burlak/header.php on line 8

2021-09-13T20:39:36+00:00 CRITICAL Uncaught Error: Call to a member function has_session() on null in /Users/eugeneburlak/work/php/rest/store/wp-content/themes/burlak/functions.php:303
Stack trace:
#0 /Users/eugeneburlak/work/php/rest/store/wp-includes/class-wp-hook.php(303): settings('')
#1 /Users/eugeneburlak/work/php/rest/store/wp-includes/class-wp-hook.php(327): WP_Hook->apply_filters(NULL, Array)
#2 /Users/eugeneburlak/work/php/rest/store/wp-includes/plugin.php(470): WP_Hook->do_action(Array)
#3 /Users/eugeneburlak/work/php/rest/store/wp-settings.php(578): do_action('init')
#4 /Users/eugeneburlak/work/php/rest/store/wp-config.php(96): require_once('/Users/eugenebu...')
#5 /Users/eugeneburlak/work/php/rest/store/wp-load.php(50): require_once('/Users/eugenebu...')
#6 /Users/eugeneburlak/work/php/rest/store/wp-cron.php(44): require_once('/Users/eugenebu...')
#7 {main}
  thrown in /Users/eugeneburlak/work/php/rest/store/wp-content/themes/burlak/functions.php on line 303

2021-09-13T20:39:36+00:00 CRITICAL Uncaught Error: Call to undefined function get_theme_color() in /Users/eugeneburlak/work/php/rest/store/wp-content/themes/burlak/header.php:8
Stack trace:
#0 /Users/eugeneburlak/work/php/rest/store/wp-includes/template.php(770): require_once()
#1 /Users/eugeneburlak/work/php/rest/store/wp-includes/template.php(716): load_template('/Users/eugenebu...', true, Array)
#2 /Users/eugeneburlak/work/php/rest/store/wp-includes/general-template.php(48): locate_template(Array, true, true, Array)
#3 /Users/eugeneburlak/work/php/rest/store/wp-content/themes/burlak/404.php(2): get_header()
#4 /Users/eugeneburlak/work/php/rest/store/wp-includes/template-loader.php(106): include('/Users/eugenebu...')
#5 /Users/eugeneburlak/work/php/rest/store/wp-blog-header.php(19): require_once('/Users/eugenebu...')
#6 /Users/eugeneburlak/work/php/rest/store/index.php(17): require('/Users/eugenebu...')
#7 {main}
  thrown in /Users/eugeneburlak/work/php/rest/store/wp-content/themes/burlak/header.php on line 8

2021-09-13T20:40:51+00:00 CRITICAL Uncaught Error: Call to a member function has_session() on null in /Users/eugeneburlak/work/php/rest/store/wp-content/themes/burlak/functions.php:303
Stack trace:
#0 /Users/eugeneburlak/work/php/rest/store/wp-includes/class-wp-hook.php(303): settings('')
#1 /Users/eugeneburlak/work/php/rest/store/wp-includes/class-wp-hook.php(327): WP_Hook->apply_filters(NULL, Array)
#2 /Users/eugeneburlak/work/php/rest/store/wp-includes/plugin.php(470): WP_Hook->do_action(Array)
#3 /Users/eugeneburlak/work/php/rest/store/wp-settings.php(578): do_action('init')
#4 /Users/eugeneburlak/work/php/rest/store/wp-config.php(96): require_once('/Users/eugenebu...')
#5 /Users/eugeneburlak/work/php/rest/store/wp-load.php(50): require_once('/Users/eugenebu...')
#6 /Users/eugeneburlak/work/php/rest/store/wp-cron.php(44): require_once('/Users/eugenebu...')
#7 {main}
  thrown in /Users/eugeneburlak/work/php/rest/store/wp-content/themes/burlak/functions.php on line 303

2021-09-13T20:40:51+00:00 CRITICAL Uncaught Error: Call to undefined function get_theme_color() in /Users/eugeneburlak/work/php/rest/store/wp-content/themes/burlak/header.php:8
Stack trace:
#0 /Users/eugeneburlak/work/php/rest/store/wp-includes/template.php(770): require_once()
#1 /Users/eugeneburlak/work/php/rest/store/wp-includes/template.php(716): load_template('/Users/eugenebu...', true, Array)
#2 /Users/eugeneburlak/work/php/rest/store/wp-includes/general-template.php(48): locate_template(Array, true, true, Array)
#3 /Users/eugeneburlak/work/php/rest/store/wp-content/themes/burlak/page.php(2): get_header()
#4 /Users/eugeneburlak/work/php/rest/store/wp-includes/template.php(772): require('/Users/eugenebu...')
#5 /Users/eugeneburlak/work/php/rest/store/wp-includes/template.php(716): load_template('/Users/eugenebu...', false, Array)
#6 /Users/eugeneburlak/work/php/rest/store/wp-includes/general-template.php(204): locate_template(Array, true, false, Array)
#7 /Users/eugeneburlak/work/php/rest/store/wp-content/themes/burlak/single.php(2): get_ in /Users/eugeneburlak/work/php/rest/store/wp-content/themes/burlak/header.php on line 8

2021-09-13T20:43:03+00:00 CRITICAL Uncaught Error: Call to a member function has_session() on null in /Users/eugeneburlak/work/php/rest/store/wp-content/themes/burlak/functions.php:303
Stack trace:
#0 /Users/eugeneburlak/work/php/rest/store/wp-includes/class-wp-hook.php(303): settings('')
#1 /Users/eugeneburlak/work/php/rest/store/wp-includes/class-wp-hook.php(327): WP_Hook->apply_filters(NULL, Array)
#2 /Users/eugeneburlak/work/php/rest/store/wp-includes/plugin.php(470): WP_Hook->do_action(Array)
#3 /Users/eugeneburlak/work/php/rest/store/wp-settings.php(578): do_action('init')
#4 /Users/eugeneburlak/work/php/rest/store/wp-config.php(96): require_once('/Users/eugenebu...')
#5 /Users/eugeneburlak/work/php/rest/store/wp-load.php(50): require_once('/Users/eugenebu...')
#6 /Users/eugeneburlak/work/php/rest/store/wp-cron.php(44): require_once('/Users/eugenebu...')
#7 {main}
  thrown in /Users/eugeneburlak/work/php/rest/store/wp-content/themes/burlak/functions.php on line 303

2021-09-13T20:45:03+00:00 CRITICAL Uncaught Error: Call to a member function has_session() on null in /Users/eugeneburlak/work/php/rest/store/wp-content/themes/burlak/functions.php:303
Stack trace:
#0 /Users/eugeneburlak/work/php/rest/store/wp-includes/class-wp-hook.php(303): settings('')
#1 /Users/eugeneburlak/work/php/rest/store/wp-includes/class-wp-hook.php(327): WP_Hook->apply_filters(NULL, Array)
#2 /Users/eugeneburlak/work/php/rest/store/wp-includes/plugin.php(470): WP_Hook->do_action(Array)
#3 /Users/eugeneburlak/work/php/rest/store/wp-settings.php(578): do_action('init')
#4 /Users/eugeneburlak/work/php/rest/store/wp-config.php(96): require_once('/Users/eugenebu...')
#5 /Users/eugeneburlak/work/php/rest/store/wp-load.php(50): require_once('/Users/eugenebu...')
#6 /Users/eugeneburlak/work/php/rest/store/wp-cron.php(44): require_once('/Users/eugenebu...')
#7 {main}
  thrown in /Users/eugeneburlak/work/php/rest/store/wp-content/themes/burlak/functions.php on line 303

2021-09-13T20:47:04+00:00 CRITICAL Uncaught Error: Call to a member function has_session() on null in /Users/eugeneburlak/work/php/rest/store/wp-content/themes/burlak/functions.php:303
Stack trace:
#0 /Users/eugeneburlak/work/php/rest/store/wp-includes/class-wp-hook.php(303): settings('')
#1 /Users/eugeneburlak/work/php/rest/store/wp-includes/class-wp-hook.php(327): WP_Hook->apply_filters(NULL, Array)
#2 /Users/eugeneburlak/work/php/rest/store/wp-includes/plugin.php(470): WP_Hook->do_action(Array)
#3 /Users/eugeneburlak/work/php/rest/store/wp-settings.php(578): do_action('init')
#4 /Users/eugeneburlak/work/php/rest/store/wp-config.php(96): require_once('/Users/eugenebu...')
#5 /Users/eugeneburlak/work/php/rest/store/wp-load.php(50): require_once('/Users/eugenebu...')
#6 /Users/eugeneburlak/work/php/rest/store/wp-cron.php(44): require_once('/Users/eugenebu...')
#7 {main}
  thrown in /Users/eugeneburlak/work/php/rest/store/wp-content/themes/burlak/functions.php on line 303

2021-09-13T20:48:06+00:00 CRITICAL Uncaught Error: Call to a member function has_session() on null in /Users/eugeneburlak/work/php/rest/store/wp-content/themes/burlak/functions.php:303
Stack trace:
#0 /Users/eugeneburlak/work/php/rest/store/wp-includes/class-wp-hook.php(303): settings('')
#1 /Users/eugeneburlak/work/php/rest/store/wp-includes/class-wp-hook.php(327): WP_Hook->apply_filters(NULL, Array)
#2 /Users/eugeneburlak/work/php/rest/store/wp-includes/plugin.php(470): WP_Hook->do_action(Array)
#3 /Users/eugeneburlak/work/php/rest/store/wp-settings.php(578): do_action('init')
#4 /Users/eugeneburlak/work/php/rest/store/wp-config.php(96): require_once('/Users/eugenebu...')
#5 /Users/eugeneburlak/work/php/rest/store/wp-load.php(50): require_once('/Users/eugenebu...')
#6 /Users/eugeneburlak/work/php/rest/store/wp-cron.php(44): require_once('/Users/eugenebu...')
#7 {main}
  thrown in /Users/eugeneburlak/work/php/rest/store/wp-content/themes/burlak/functions.php on line 303

2021-09-13T20:48:12+00:00 CRITICAL Uncaught Error: Call to a member function has_session() on null in /Users/eugeneburlak/work/php/rest/store/wp-content/themes/burlak/functions.php:303
Stack trace:
#0 /Users/eugeneburlak/work/php/rest/store/wp-includes/class-wp-hook.php(303): settings('')
#1 /Users/eugeneburlak/work/php/rest/store/wp-includes/class-wp-hook.php(327): WP_Hook->apply_filters(NULL, Array)
#2 /Users/eugeneburlak/work/php/rest/store/wp-includes/plugin.php(470): WP_Hook->do_action(Array)
#3 /Users/eugeneburlak/work/php/rest/store/wp-settings.php(578): do_action('init')
#4 /Users/eugeneburlak/work/php/rest/store/wp-config.php(96): require_once('/Users/eugenebu...')
#5 /Users/eugeneburlak/work/php/rest/store/wp-load.php(50): require_once('/Users/eugenebu...')
#6 /Users/eugeneburlak/work/php/rest/store/wp-blog-header.php(13): require_once('/Users/eugenebu...')
#7 /Users/eugeneburlak/work/php/rest/store/index.php(17): require('/Users/eugenebu...')
#8 {main}
  thrown in /Users/eugeneburlak/work/php/rest/store/wp-content/themes/burlak/functions.php on line 303

2021-09-13T20:49:09+00:00 CRITICAL Uncaught Error: Call to a member function has_session() on null in /Users/eugeneburlak/work/php/rest/store/wp-content/themes/burlak/functions.php:303
Stack trace:
#0 /Users/eugeneburlak/work/php/rest/store/wp-includes/class-wp-hook.php(303): settings('')
#1 /Users/eugeneburlak/work/php/rest/store/wp-includes/class-wp-hook.php(327): WP_Hook->apply_filters(NULL, Array)
#2 /Users/eugeneburlak/work/php/rest/store/wp-includes/plugin.php(470): WP_Hook->do_action(Array)
#3 /Users/eugeneburlak/work/php/rest/store/wp-settings.php(578): do_action('init')
#4 /Users/eugeneburlak/work/php/rest/store/wp-config.php(96): require_once('/Users/eugenebu...')
#5 /Users/eugeneburlak/work/php/rest/store/wp-load.php(50): require_once('/Users/eugenebu...')
#6 /Users/eugeneburlak/work/php/rest/store/wp-cron.php(44): require_once('/Users/eugenebu...')
#7 {main}
  thrown in /Users/eugeneburlak/work/php/rest/store/wp-content/themes/burlak/functions.php on line 303

2021-09-13T20:49:16+00:00 CRITICAL Uncaught Error: Call to a member function has_session() on null in /Users/eugeneburlak/work/php/rest/store/wp-content/themes/burlak/functions.php:303
Stack trace:
#0 /Users/eugeneburlak/work/php/rest/store/wp-includes/class-wp-hook.php(303): settings('')
#1 /Users/eugeneburlak/work/php/rest/store/wp-includes/class-wp-hook.php(327): WP_Hook->apply_filters(NULL, Array)
#2 /Users/eugeneburlak/work/php/rest/store/wp-includes/plugin.php(470): WP_Hook->do_action(Array)
#3 /Users/eugeneburlak/work/php/rest/store/wp-settings.php(578): do_action('init')
#4 /Users/eugeneburlak/work/php/rest/store/wp-config.php(96): require_once('/Users/eugenebu...')
#5 /Users/eugeneburlak/work/php/rest/store/wp-load.php(50): require_once('/Users/eugenebu...')
#6 /Users/eugeneburlak/work/php/rest/store/wp-blog-header.php(13): require_once('/Users/eugenebu...')
#7 /Users/eugeneburlak/work/php/rest/store/index.php(17): require('/Users/eugenebu...')
#8 {main}
  thrown in /Users/eugeneburlak/work/php/rest/store/wp-content/themes/burlak/functions.php on line 303

2021-09-13T20:50:19+00:00 CRITICAL Uncaught Error: Call to a member function has_session() on null in /Users/eugeneburlak/work/php/rest/store/wp-content/themes/burlak/functions.php:303
Stack trace:
#0 /Users/eugeneburlak/work/php/rest/store/wp-includes/class-wp-hook.php(303): settings('')
#1 /Users/eugeneburlak/work/php/rest/store/wp-includes/class-wp-hook.php(327): WP_Hook->apply_filters(NULL, Array)
#2 /Users/eugeneburlak/work/php/rest/store/wp-includes/plugin.php(470): WP_Hook->do_action(Array)
#3 /Users/eugeneburlak/work/php/rest/store/wp-settings.php(578): do_action('init')
#4 /Users/eugeneburlak/work/php/rest/store/wp-config.php(98): require_once('/Users/eugenebu...')
#5 /Users/eugeneburlak/work/php/rest/store/wp-load.php(50): require_once('/Users/eugenebu...')
#6 /Users/eugeneburlak/work/php/rest/store/wp-cron.php(44): require_once('/Users/eugenebu...')
#7 {main}
  thrown in /Users/eugeneburlak/work/php/rest/store/wp-content/themes/burlak/functions.php on line 303

2021-09-13T20:50:24+00:00 CRITICAL Uncaught Error: Call to a member function has_session() on null in /Users/eugeneburlak/work/php/rest/store/wp-content/themes/burlak/functions.php:303
Stack trace:
#0 /Users/eugeneburlak/work/php/rest/store/wp-includes/class-wp-hook.php(303): settings('')
#1 /Users/eugeneburlak/work/php/rest/store/wp-includes/class-wp-hook.php(327): WP_Hook->apply_filters(NULL, Array)
#2 /Users/eugeneburlak/work/php/rest/store/wp-includes/plugin.php(470): WP_Hook->do_action(Array)
#3 /Users/eugeneburlak/work/php/rest/store/wp-settings.php(578): do_action('init')
#4 /Users/eugeneburlak/work/php/rest/store/wp-config.php(98): require_once('/Users/eugenebu...')
#5 /Users/eugeneburlak/work/php/rest/store/wp-load.php(50): require_once('/Users/eugenebu...')
#6 /Users/eugeneburlak/work/php/rest/store/wp-blog-header.php(13): require_once('/Users/eugenebu...')
#7 /Users/eugeneburlak/work/php/rest/store/index.php(17): require('/Users/eugenebu...')
#8 {main}
  thrown in /Users/eugeneburlak/work/php/rest/store/wp-content/themes/burlak/functions.php on line 303

2021-09-13T20:52:13+00:00 CRITICAL Uncaught Error: Call to a member function has_session() on null in /Users/eugeneburlak/work/php/rest/store/wp-content/themes/burlak/functions.php:303
Stack trace:
#0 /Users/eugeneburlak/work/php/rest/store/wp-includes/class-wp-hook.php(303): settings('')
#1 /Users/eugeneburlak/work/php/rest/store/wp-includes/class-wp-hook.php(327): WP_Hook->apply_filters(NULL, Array)
#2 /Users/eugeneburlak/work/php/rest/store/wp-includes/plugin.php(470): WP_Hook->do_action(Array)
#3 /Users/eugeneburlak/work/php/rest/store/wp-settings.php(578): do_action('init')
#4 /Users/eugeneburlak/work/php/rest/store/wp-config.php(98): require_once('/Users/eugenebu...')
#5 /Users/eugeneburlak/work/php/rest/store/wp-load.php(50): require_once('/Users/eugenebu...')
#6 /Users/eugeneburlak/work/php/rest/store/wp-cron.php(44): require_once('/Users/eugenebu...')
#7 {main}
  thrown in /Users/eugeneburlak/work/php/rest/store/wp-content/themes/burlak/functions.php on line 303

2021-09-13T20:53:40+00:00 CRITICAL Uncaught Error: Call to a member function has_session() on null in /Users/eugeneburlak/work/php/rest/store/wp-content/themes/burlak/functions.php:303
Stack trace:
#0 /Users/eugeneburlak/work/php/rest/store/wp-includes/class-wp-hook.php(303): settings('')
#1 /Users/eugeneburlak/work/php/rest/store/wp-includes/class-wp-hook.php(327): WP_Hook->apply_filters(NULL, Array)
#2 /Users/eugeneburlak/work/php/rest/store/wp-includes/plugin.php(470): WP_Hook->do_action(Array)
#3 /Users/eugeneburlak/work/php/rest/store/wp-settings.php(578): do_action('init')
#4 /Users/eugeneburlak/work/php/rest/store/wp-config.php(98): require_once('/Users/eugenebu...')
#5 /Users/eugeneburlak/work/php/rest/store/wp-load.php(50): require_once('/Users/eugenebu...')
#6 /Users/eugeneburlak/work/php/rest/store/wp-cron.php(44): require_once('/Users/eugenebu...')
#7 {main}
  thrown in /Users/eugeneburlak/work/php/rest/store/wp-content/themes/burlak/functions.php on line 303

2021-09-13T20:54:43+00:00 CRITICAL Uncaught Error: Call to undefined function is_front() in /Users/eugeneburlak/work/php/rest/store/wp-content/themes/burlak/functions.php:303
Stack trace:
#0 /Users/eugeneburlak/work/php/rest/store/wp-includes/class-wp-hook.php(303): settings('')
#1 /Users/eugeneburlak/work/php/rest/store/wp-includes/class-wp-hook.php(327): WP_Hook->apply_filters(NULL, Array)
#2 /Users/eugeneburlak/work/php/rest/store/wp-includes/plugin.php(470): WP_Hook->do_action(Array)
#3 /Users/eugeneburlak/work/php/rest/store/wp-settings.php(578): do_action('init')
#4 /Users/eugeneburlak/work/php/rest/store/wp-config.php(98): require_once('/Users/eugenebu...')
#5 /Users/eugeneburlak/work/php/rest/store/wp-load.php(50): require_once('/Users/eugenebu...')
#6 /Users/eugeneburlak/work/php/rest/store/wp-blog-header.php(13): require_once('/Users/eugenebu...')
#7 /Users/eugeneburlak/work/php/rest/store/index.php(17): require('/Users/eugenebu...')
#8 {main}
  thrown in /Users/eugeneburlak/work/php/rest/store/wp-content/themes/burlak/functions.php on line 303

2021-09-13T20:54:53+00:00 CRITICAL Uncaught Error: Call to undefined function is_front() in /Users/eugeneburlak/work/php/rest/store/wp-content/themes/burlak/functions.php:303
Stack trace:
#0 /Users/eugeneburlak/work/php/rest/store/wp-includes/class-wp-hook.php(303): settings('')
#1 /Users/eugeneburlak/work/php/rest/store/wp-includes/class-wp-hook.php(327): WP_Hook->apply_filters(NULL, Array)
#2 /Users/eugeneburlak/work/php/rest/store/wp-includes/plugin.php(470): WP_Hook->do_action(Array)
#3 /Users/eugeneburlak/work/php/rest/store/wp-settings.php(578): do_action('init')
#4 /Users/eugeneburlak/work/php/rest/store/wp-config.php(98): require_once('/Users/eugenebu...')
#5 /Users/eugeneburlak/work/php/rest/store/wp-load.php(50): require_once('/Users/eugenebu...')
#6 /Users/eugeneburlak/work/php/rest/store/wp-blog-header.php(13): require_once('/Users/eugenebu...')
#7 /Users/eugeneburlak/work/php/rest/store/index.php(17): require('/Users/eugenebu...')
#8 {main}
  thrown in /Users/eugeneburlak/work/php/rest/store/wp-content/themes/burlak/functions.php on line 303

2021-09-13T20:54:56+00:00 CRITICAL Uncaught Error: Call to undefined function is_front() in /Users/eugeneburlak/work/php/rest/store/wp-content/themes/burlak/functions.php:303
Stack trace:
#0 /Users/eugeneburlak/work/php/rest/store/wp-includes/class-wp-hook.php(303): settings('')
#1 /Users/eugeneburlak/work/php/rest/store/wp-includes/class-wp-hook.php(327): WP_Hook->apply_filters(NULL, Array)
#2 /Users/eugeneburlak/work/php/rest/store/wp-includes/plugin.php(470): WP_Hook->do_action(Array)
#3 /Users/eugeneburlak/work/php/rest/store/wp-settings.php(578): do_action('init')
#4 /Users/eugeneburlak/work/php/rest/store/wp-config.php(98): require_once('/Users/eugenebu...')
#5 /Users/eugeneburlak/work/php/rest/store/wp-load.php(50): require_once('/Users/eugenebu...')
#6 /Users/eugeneburlak/work/php/rest/store/wp-blog-header.php(13): require_once('/Users/eugenebu...')
#7 /Users/eugeneburlak/work/php/rest/store/index.php(17): require('/Users/eugenebu...')
#8 {main}
  thrown in /Users/eugeneburlak/work/php/rest/store/wp-content/themes/burlak/functions.php on line 303

2021-09-13T20:55:02+00:00 CRITICAL Uncaught Error: Call to undefined function is_front() in /Users/eugeneburlak/work/php/rest/store/wp-content/themes/burlak/functions.php:303
Stack trace:
#0 /Users/eugeneburlak/work/php/rest/store/wp-includes/class-wp-hook.php(303): settings('')
#1 /Users/eugeneburlak/work/php/rest/store/wp-includes/class-wp-hook.php(327): WP_Hook->apply_filters(NULL, Array)
#2 /Users/eugeneburlak/work/php/rest/store/wp-includes/plugin.php(470): WP_Hook->do_action(Array)
#3 /Users/eugeneburlak/work/php/rest/store/wp-settings.php(578): do_action('init')
#4 /Users/eugeneburlak/work/php/rest/store/wp-config.php(98): require_once('/Users/eugenebu...')
#5 /Users/eugeneburlak/work/php/rest/store/wp-load.php(50): require_once('/Users/eugenebu...')
#6 /Users/eugeneburlak/work/php/rest/store/wp-blog-header.php(13): require_once('/Users/eugenebu...')
#7 /Users/eugeneburlak/work/php/rest/store/index.php(17): require('/Users/eugenebu...')
#8 {main}
  thrown in /Users/eugeneburlak/work/php/rest/store/wp-content/themes/burlak/functions.php on line 303

