2021-08-20T14:56:49+00:00 CRITICAL Uncaught ArgumentCountError: Too few arguments to function misha_paginator(), 0 passed in /Users/eugeneburlak/work/php/rest/store/wp-content/themes/burlak/news/list.php on line 22 and exactly 1 expected in /Users/eugeneburlak/work/php/rest/store/wp-content/themes/burlak/functions.php:407
Stack trace:
#0 /Users/eugeneburlak/work/php/rest/store/wp-content/themes/burlak/news/list.php(22): misha_paginator()
#1 /Users/eugeneburlak/work/php/rest/store/wp-includes/template.php(772): require('/Users/eugenebu...')
#2 /Users/eugeneburlak/work/php/rest/store/wp-includes/template.php(716): load_template('/Users/eugenebu...', false, Array)
#3 /Users/eugeneburlak/work/php/rest/store/wp-includes/general-template.php(204): locate_template(Array, true, false, Array)
#4 /Users/eugeneburlak/work/php/rest/store/wp-content/themes/burlak/archive.php(3): get_template_part('news/list')
#5 /Users/eugeneburlak/work/php/rest/store/wp-includes/template-loader.php(106): include('/Users/eugenebu...')
#6 /Users/eugeneburlak/work/php/rest/s in /Users/eugeneburlak/work/php/rest/store/wp-content/themes/burlak/functions.php on line 407

2021-08-20T14:56:55+00:00 CRITICAL Uncaught ArgumentCountError: Too few arguments to function misha_paginator(), 0 passed in /Users/eugeneburlak/work/php/rest/store/wp-content/themes/burlak/news/list.php on line 22 and exactly 1 expected in /Users/eugeneburlak/work/php/rest/store/wp-content/themes/burlak/functions.php:407
Stack trace:
#0 /Users/eugeneburlak/work/php/rest/store/wp-content/themes/burlak/news/list.php(22): misha_paginator()
#1 /Users/eugeneburlak/work/php/rest/store/wp-includes/template.php(772): require('/Users/eugenebu...')
#2 /Users/eugeneburlak/work/php/rest/store/wp-includes/template.php(716): load_template('/Users/eugenebu...', false, Array)
#3 /Users/eugeneburlak/work/php/rest/store/wp-includes/general-template.php(204): locate_template(Array, true, false, Array)
#4 /Users/eugeneburlak/work/php/rest/store/wp-content/themes/burlak/archive.php(3): get_template_part('news/list')
#5 /Users/eugeneburlak/work/php/rest/store/wp-includes/template-loader.php(106): include('/Users/eugenebu...')
#6 /Users/eugeneburlak/work/php/rest/s in /Users/eugeneburlak/work/php/rest/store/wp-content/themes/burlak/functions.php on line 407

2021-08-20T14:57:39+00:00 CRITICAL Uncaught ArgumentCountError: Too few arguments to function misha_paginator(), 0 passed in /Users/eugeneburlak/work/php/rest/store/wp-content/themes/burlak/news/list.php on line 22 and exactly 1 expected in /Users/eugeneburlak/work/php/rest/store/wp-content/themes/burlak/functions.php:407
Stack trace:
#0 /Users/eugeneburlak/work/php/rest/store/wp-content/themes/burlak/news/list.php(22): misha_paginator()
#1 /Users/eugeneburlak/work/php/rest/store/wp-includes/template.php(772): require('/Users/eugenebu...')
#2 /Users/eugeneburlak/work/php/rest/store/wp-includes/template.php(716): load_template('/Users/eugenebu...', false, Array)
#3 /Users/eugeneburlak/work/php/rest/store/wp-includes/general-template.php(204): locate_template(Array, true, false, Array)
#4 /Users/eugeneburlak/work/php/rest/store/wp-content/themes/burlak/archive.php(3): get_template_part('news/list')
#5 /Users/eugeneburlak/work/php/rest/store/wp-includes/template-loader.php(106): include('/Users/eugenebu...')
#6 /Users/eugeneburlak/work/php/rest/s in /Users/eugeneburlak/work/php/rest/store/wp-content/themes/burlak/functions.php on line 407

2021-08-20T14:59:26+00:00 CRITICAL Uncaught Error: Call to undefined function twentyseventeen_get_svg() in /Users/eugeneburlak/work/php/rest/store/wp-content/themes/burlak/functions.php:486
Stack trace:
#0 /Users/eugeneburlak/work/php/rest/store/wp-content/themes/burlak/news/list.php(22): misha_paginator('http://localhos...')
#1 /Users/eugeneburlak/work/php/rest/store/wp-includes/template.php(772): require('/Users/eugenebu...')
#2 /Users/eugeneburlak/work/php/rest/store/wp-includes/template.php(716): load_template('/Users/eugenebu...', false, Array)
#3 /Users/eugeneburlak/work/php/rest/store/wp-includes/general-template.php(204): locate_template(Array, true, false, Array)
#4 /Users/eugeneburlak/work/php/rest/store/wp-content/themes/burlak/archive.php(3): get_template_part('news/list')
#5 /Users/eugeneburlak/work/php/rest/store/wp-includes/template-loader.php(106): include('/Users/eugenebu...')
#6 /Users/eugeneburlak/work/php/rest/store/wp-blog-header.php(19): require_once('/Users/eugenebu...')
#7 /Users/eugeneburlak/work/php/rest/store/index.p in /Users/eugeneburlak/work/php/rest/store/wp-content/themes/burlak/functions.php on line 486

2021-08-20T20:20:36+00:00 CRITICAL Uncaught ArgumentCountError: Too few arguments to function get_query_var(), 0 passed in /Users/eugeneburlak/work/php/rest/store/wp-content/themes/burlak/news/list.php on line 4 and at least 1 expected in /Users/eugeneburlak/work/php/rest/store/wp-includes/query.php:26
Stack trace:
#0 /Users/eugeneburlak/work/php/rest/store/wp-content/themes/burlak/news/list.php(4): get_query_var()
#1 /Users/eugeneburlak/work/php/rest/store/wp-includes/template.php(772): require('/Users/eugenebu...')
#2 /Users/eugeneburlak/work/php/rest/store/wp-includes/template.php(716): load_template('/Users/eugenebu...', false, Array)
#3 /Users/eugeneburlak/work/php/rest/store/wp-includes/general-template.php(204): locate_template(Array, true, false, Array)
#4 /Users/eugeneburlak/work/php/rest/store/wp-content/themes/burlak/archive.php(5): get_template_part('news/list')
#5 /Users/eugeneburlak/work/php/rest/store/wp-includes/template-loader.php(106): include('/Users/eugenebu...')
#6 /Users/eugeneburlak/work/php/rest/store/wp-blog-header.php in /Users/eugeneburlak/work/php/rest/store/wp-includes/query.php on line 26

