2021-08-08T13:24:19+00:00 CRITICAL Cannot use temporary expression in write context in /Users/eugeneburlak/work/php/rest/store/wp-content/themes/burlak/contacts/header.php on line 5

2021-08-08T19:12:26+00:00 CRITICAL Uncaught Error: Call to a member function empty_cart() on null in /Users/eugeneburlak/work/php/rest/store/wp-content/themes/burlak/functions.php:243
Stack trace:
#0 /Users/eugeneburlak/work/php/rest/store/wp-settings.php(546): include()
#1 /Users/eugeneburlak/work/php/rest/store/wp-config.php(96): require_once('/Users/eugenebu...')
#2 /Users/eugeneburlak/work/php/rest/store/wp-load.php(50): require_once('/Users/eugenebu...')
#3 /Users/eugeneburlak/work/php/rest/store/wp-blog-header.php(13): require_once('/Users/eugenebu...')
#4 /Users/eugeneburlak/work/php/rest/store/index.php(17): require('/Users/eugenebu...')
#5 {main}
  thrown in /Users/eugeneburlak/work/php/rest/store/wp-content/themes/burlak/functions.php on line 243

2021-08-08T19:12:43+00:00 CRITICAL Uncaught ArgumentCountError: Too few arguments to function clear_cart(), 0 passed in /Users/eugeneburlak/work/php/rest/store/wp-content/themes/burlak/functions.php on line 249 and exactly 1 expected in /Users/eugeneburlak/work/php/rest/store/wp-content/themes/burlak/functions.php:233
Stack trace:
#0 /Users/eugeneburlak/work/php/rest/store/wp-content/themes/burlak/functions.php(249): clear_cart()
#1 /Users/eugeneburlak/work/php/rest/store/wp-settings.php(546): include('/Users/eugenebu...')
#2 /Users/eugeneburlak/work/php/rest/store/wp-config.php(96): require_once('/Users/eugenebu...')
#3 /Users/eugeneburlak/work/php/rest/store/wp-load.php(50): require_once('/Users/eugenebu...')
#4 /Users/eugeneburlak/work/php/rest/store/wp-blog-header.php(13): require_once('/Users/eugenebu...')
#5 /Users/eugeneburlak/work/php/rest/store/index.php(17): require('/Users/eugenebu...')
#6 {main}
  thrown in /Users/eugeneburlak/work/php/rest/store/wp-content/themes/burlak/functions.php on line 233

